<?xml version="1.0" encoding="UTF-8"?>
<robot generator="Robot 7.3.2 (Python 3.13.8 on win32)" generated="2025-10-08T22:29:58.085859" rpa="false" schemaversion="5">
<suite id="s1" name="Time Configuration Validation" source="C:\Users\write\project_2025\robot\robotframework\tests\test7_time_configuration_validation\time_configuration_validation.robot">
<kw name="Initialize Time Test Environment" owner="time_keywords" type="SETUP">
<kw name="Log" owner="BuiltIn">
<msg time="2025-10-08T22:29:58.726736" level="INFO">🚀 Initializing Test-7: Time Configuration Validation Environment...</msg>
<arg>🚀 Initializing Test-7: Time Configuration Validation Environment...</arg>
<arg>console=yes</arg>
<doc>Logs the given message with the given level.</doc>
<status status="PASS" start="2025-10-08T22:29:58.726542" elapsed="0.000355"/>
</kw>
<kw name="Create Directory" owner="OperatingSystem">
<msg time="2025-10-08T22:29:58.727209" level="INFO" html="true">Directory '&lt;a href="file://C:\Users\write\project_2025\robot\robotframework\results\test7_time_configuration_validation\data"&gt;C:\Users\write\project_2025\robot\robotframework\results\test7_time_configuration_validation\data&lt;/a&gt;' already exists.</msg>
<arg>${DATA_DIR}</arg>
<doc>Creates the specified directory.</doc>
<status status="PASS" start="2025-10-08T22:29:58.727033" elapsed="0.000229"/>
</kw>
<kw name="Lookup Server Config" owner="EDSLookup">
<msg time="2025-10-08T22:29:58.740448" level="ERROR">Hostname 'allxdvitap01' not found in EDS sheet</msg>
<msg time="2025-10-08T22:29:58.740667" level="INFO">Available hostnames: ['alhxvdvitap01', 'alhxvdvitag01', 'alhxvqaitiap01', 'alhxvqaitiap02', 'alhxvqaitred01', 'alhxvqaitred02', 'alhxvqaitred03', 'alhxvqaitmdb01', 'alhxvqaitmdb02', 'alhxvqaitmdb03', 'alhxvqaitag01', 'alhxvqaitag02', 'alhxvpritiap01', 'alhxvpritiap02']</msg>
<msg time="2025-10-08T22:29:58.740809" level="FAIL">ValueError: CRITICAL: Hostname 'allxdvitap01' not found in EDS sheet. Cannot proceed with validation.</msg>
<var>${eds_config}</var>
<arg>${TARGET_HOSTNAME}</arg>
<doc>Lookup server configuration from EDS sheet based on hostname</doc>
<status status="FAIL" start="2025-10-08T22:29:58.727368" elapsed="0.014292">ValueError: CRITICAL: Hostname 'allxdvitap01' not found in EDS sheet. Cannot proceed with validation.</status>
</kw>
<kw name="Set Suite Variable" owner="BuiltIn">
<arg>${TARGET_IP}</arg>
<arg>${eds_config['ip']}</arg>
<doc>Makes a variable available everywhere within the scope of the current suite.</doc>
<status status="NOT RUN" start="2025-10-08T22:29:58.741835" elapsed="0.000024"/>
</kw>
<kw name="Log" owner="BuiltIn">
<arg>📋 Target Server: ${TARGET_HOSTNAME}</arg>
<arg>console=yes</arg>
<doc>Logs the given message with the given level.</doc>
<status status="NOT RUN" start="2025-10-08T22:29:58.741939" elapsed="0.000015"/>
</kw>
<kw name="Log" owner="BuiltIn">
<arg>📋 Target IP: ${TARGET_IP}</arg>
<arg>console=yes</arg>
<doc>Logs the given message with the given level.</doc>
<status status="NOT RUN" start="2025-10-08T22:29:58.742026" elapsed="0.000013"/>
</kw>
<kw name="Log" owner="BuiltIn">
<arg>🔗 Connecting to target server: ${TARGET_IP}...</arg>
<arg>console=yes</arg>
<doc>Logs the given message with the given level.</doc>
<status status="NOT RUN" start="2025-10-08T22:29:58.742106" elapsed="0.000013"/>
</kw>
<kw name="Open Connection" owner="SSHLibrary">
<arg>${TARGET_IP}</arg>
<doc>Opens a new SSH connection to the given ``host`` and ``port``.</doc>
<status status="NOT RUN" start="2025-10-08T22:29:58.742186" elapsed="0.000013"/>
</kw>
<kw name="Login" owner="SSHLibrary">
<arg>${SSH_USERNAME}</arg>
<arg>${SSH_PASSWORD}</arg>
<doc>Logs into the SSH server with the given ``username`` and ``password``.</doc>
<status status="NOT RUN" start="2025-10-08T22:29:58.742260" elapsed="0.000012"/>
</kw>
<kw name="Log" owner="BuiltIn">
<arg>✅ SSH connection established successfully</arg>
<arg>console=yes</arg>
<doc>Logs the given message with the given level.</doc>
<status status="NOT RUN" start="2025-10-08T22:29:58.742332" elapsed="0.000012"/>
</kw>
<kw name="Log" owner="BuiltIn">
<arg>✅ Test-7 environment initialized</arg>
<arg>console=yes</arg>
<doc>Logs the given message with the given level.</doc>
<status status="NOT RUN" start="2025-10-08T22:29:58.742423" elapsed="0.000013"/>
</kw>
<doc>🏗️ Set up test environment for time configuration validation</doc>
<status status="FAIL" start="2025-10-08T22:29:58.725939" elapsed="0.016592">ValueError: CRITICAL: Hostname 'allxdvitap01' not found in EDS sheet. Cannot proceed with validation.</status>
</kw>
<test id="s1-t1" name="Critical - Connect to Target Server" line="18">
<doc>🔗 Establish direct connection to target machine via SSH</doc>
<tag>connection</tag>
<tag>critical</tag>
<tag>infrastructure</tag>
<tag>ssh</tag>
<status status="FAIL" start="2025-10-08T22:29:58.742614" elapsed="0.000506">Parent suite setup failed:
ValueError: CRITICAL: Hostname 'allxdvitap01' not found in EDS sheet. Cannot proceed with validation.</status>
</test>
<test id="s1-t2" name="Critical - Collect Time Configuration Data" line="31">
<doc>⏰ Execute time-related commands to gather timezone, chrony, and NTP configuration</doc>
<tag>critical</tag>
<tag>data_collection</tag>
<tag>ntp</tag>
<tag>time</tag>
<status status="FAIL" start="2025-10-08T22:29:58.743619" elapsed="0.000444">Parent suite setup failed:
ValueError: CRITICAL: Hostname 'allxdvitap01' not found in EDS sheet. Cannot proceed with validation.</status>
</test>
<test id="s1-t3" name="Critical - Validate Timezone Setting" line="49">
<doc>🌎 Validate timezone is set to Pacific/Los Angeles (America/Los_Angeles)</doc>
<tag>compliance</tag>
<tag>critical</tag>
<tag>timezone</tag>
<status status="FAIL" start="2025-10-08T22:29:58.744492" elapsed="0.000414">Parent suite setup failed:
ValueError: CRITICAL: Hostname 'allxdvitap01' not found in EDS sheet. Cannot proceed with validation.</status>
</test>
<test id="s1-t4" name="Critical - Validate Chrony Service Status" line="62">
<doc>📡 Validate chrony service is active and running</doc>
<tag>chrony</tag>
<tag>critical</tag>
<tag>ntp</tag>
<tag>service</tag>
<status status="FAIL" start="2025-10-08T22:29:58.745313" elapsed="0.000319">Parent suite setup failed:
ValueError: CRITICAL: Hostname 'allxdvitap01' not found in EDS sheet. Cannot proceed with validation.</status>
</test>
<test id="s1-t5" name="Critical - Validate NTP Server Configuration" line="74">
<doc>🕐 Validate NTP server is configured to use ntpx.domain.com</doc>
<tag>configuration</tag>
<tag>critical</tag>
<tag>ntp</tag>
<tag>server</tag>
<status status="FAIL" start="2025-10-08T22:29:58.746035" elapsed="0.000385">Parent suite setup failed:
ValueError: CRITICAL: Hostname 'allxdvitap01' not found in EDS sheet. Cannot proceed with validation.</status>
</test>
<test id="s1-t6" name="Critical - Validate Time Synchronization Status" line="87">
<doc>🔄 Validate time synchronization is working and clock is synchronized</doc>
<tag>critical</tag>
<tag>ntp</tag>
<tag>synchronization</tag>
<tag>time</tag>
<status status="FAIL" start="2025-10-08T22:29:58.746827" elapsed="0.000369">Parent suite setup failed:
ValueError: CRITICAL: Hostname 'allxdvitap01' not found in EDS sheet. Cannot proceed with validation.</status>
</test>
<test id="s1-t7" name="Normal - Comprehensive Time Configuration Validation" line="100">
<doc>📊 Perform comprehensive validation of all time configuration settings</doc>
<tag>compliance</tag>
<tag>comprehensive</tag>
<tag>normal</tag>
<tag>validation</tag>
<status status="FAIL" start="2025-10-08T22:29:58.747583" elapsed="0.000349">Parent suite setup failed:
ValueError: CRITICAL: Hostname 'allxdvitap01' not found in EDS sheet. Cannot proceed with validation.</status>
</test>
<test id="s1-t8" name="Normal - Hardware Clock Verification" line="116">
<doc>🕰️ Verify hardware clock and its synchronization with system clock</doc>
<tag>clock</tag>
<tag>hardware</tag>
<tag>normal</tag>
<tag>verification</tag>
<status status="FAIL" start="2025-10-08T22:29:58.748331" elapsed="0.000387">Parent suite setup failed:
ValueError: CRITICAL: Hostname 'allxdvitap01' not found in EDS sheet. Cannot proceed with validation.</status>
</test>
<test id="s1-t9" name="Normal - NTP Source Analysis" line="133">
<doc>📊 Analyze NTP source details and server reachability</doc>
<tag>analysis</tag>
<tag>normal</tag>
<tag>ntp</tag>
<tag>sources</tag>
<status status="FAIL" start="2025-10-08T22:29:58.749327" elapsed="0.000332">Parent suite setup failed:
ValueError: CRITICAL: Hostname 'allxdvitap01' not found in EDS sheet. Cannot proceed with validation.</status>
</test>
<test id="s1-t10" name="Normal - Clock Drift Monitoring" line="165">
<doc>📉 Monitor clock drift and synchronization accuracy</doc>
<tag>accuracy</tag>
<tag>drift</tag>
<tag>monitoring</tag>
<tag>normal</tag>
<status status="FAIL" start="2025-10-08T22:29:58.750025" elapsed="0.000331">Parent suite setup failed:
ValueError: CRITICAL: Hostname 'allxdvitap01' not found in EDS sheet. Cannot proceed with validation.</status>
</test>
<kw name="Generate Time Configuration Executive Summary" owner="time_keywords" type="TEARDOWN">
<kw name="Log" owner="BuiltIn">
<msg time="2025-10-08T22:29:58.751443" level="INFO">📊 Generating Test-7 Time Configuration Executive Summary...</msg>
<arg>📊 Generating Test-7 Time Configuration Executive Summary...</arg>
<arg>console=yes</arg>
<doc>Logs the given message with the given level.</doc>
<status status="PASS" start="2025-10-08T22:29:58.751301" elapsed="0.000254"/>
</kw>
<kw name="Get Current Date" owner="DateTime">
<msg time="2025-10-08T22:29:58.751834" level="INFO">${timestamp} = 2025-10-08 22:29:58</msg>
<var>${timestamp}</var>
<arg>result_format=%Y-%m-%d %H:%M:%S</arg>
<doc>Returns current local or UTC time with an optional increment.</doc>
<status status="PASS" start="2025-10-08T22:29:58.751663" elapsed="0.000192"/>
</kw>
<kw name="Set Variable" owner="BuiltIn">
<msg time="2025-10-08T22:29:58.752034" level="INFO">${summary_file} = results/test7_time_configuration_validation/Test7_Time_Configuration_Executive_Summary.txt</msg>
<var>${summary_file}</var>
<arg>results/test7_time_configuration_validation/Test7_Time_Configuration_Executive_Summary.txt</arg>
<doc>Returns the given values which can then be assigned to a variables.</doc>
<status status="PASS" start="2025-10-08T22:29:58.751938" elapsed="0.000116"/>
</kw>
<kw name="Catenate" owner="BuiltIn">
<msg time="2025-10-08T22:29:58.753178" level="INFO">${summary_content} = None</msg>
<msg time="2025-10-08T22:29:58.753204" level="FAIL">Variable '${TARGET_IP}' not found.</msg>
<var>${summary_content}</var>
<arg>SEPARATOR=\n</arg>
<arg>========================================</arg>
<arg>⏰ TEST-7: TIME CONFIGURATION VALIDATION</arg>
<arg>📊 EXECUTIVE SUMMARY REPORT</arg>
<arg>========================================</arg>
<arg>📅 Report Generated: ${timestamp}</arg>
<arg>🎯 Target System: ${TARGET_HOSTNAME} (${TARGET_IP})</arg>
<arg>📋 Test Suite: Test-7 Time Configuration Validation</arg>
<arg>========================================</arg>
<arg>📋 EXPECTED CONFIGURATION</arg>
<arg>========================================</arg>
<arg>🌎 Timezone: Pacific/Los Angeles (America/Los_Angeles)</arg>
<arg>🕐 NTP Server: ntpx.domain.com</arg>
<arg>📡 Service: Chrony (active and running)</arg>
<arg>🔄 Synchronization: Enabled</arg>
<arg>========================================</arg>
<arg>✅ VALIDATION RESULTS</arg>
<arg>========================================</arg>
<arg>Results available in detailed test reports.</arg>
<arg>========================================</arg>
<arg>📁 SUPPORTING DOCUMENTATION</arg>
<arg>========================================</arg>
<arg>📄 Time configuration data: results/test7_time_configuration_validation/data/</arg>
<arg>📊 Robot Framework reports: results/test7_time_configuration_validation/</arg>
<arg>========================================</arg>
<arg>🏆 COMPLIANCE STATUS</arg>
<arg>========================================</arg>
<arg>✅ Test execution completed successfully</arg>
<arg>📋 Time configuration validated</arg>
<arg>🔍 Results ready for stakeholder review</arg>
<arg>End of Executive Summary</arg>
<arg>========================================</arg>
<doc>Catenates the given items together and returns the resulted string.</doc>
<status status="FAIL" start="2025-10-08T22:29:58.752138" elapsed="0.001090">Variable '${TARGET_IP}' not found.</status>
</kw>
<kw name="Create File" owner="OperatingSystem">
<msg time="2025-10-08T22:29:58.754015" level="FAIL">TypeError: write() argument must be str, not None</msg>
<arg>${summary_file}</arg>
<arg>${summary_content}</arg>
<doc>Creates a file with the given content and encoding.</doc>
<status status="FAIL" start="2025-10-08T22:29:58.753387" elapsed="0.000705">TypeError: write() argument must be str, not None</status>
</kw>
<kw name="Log" owner="BuiltIn">
<msg time="2025-10-08T22:29:58.754338" level="INFO">📊 Executive summary generated: results/test7_time_configuration_validation/Test7_Time_Configuration_Executive_Summary.txt</msg>
<arg>📊 Executive summary generated: ${summary_file}</arg>
<arg>console=yes</arg>
<doc>Logs the given message with the given level.</doc>
<status status="PASS" start="2025-10-08T22:29:58.754200" elapsed="0.000269"/>
</kw>
<kw name="Log" owner="BuiltIn">
<msg time="2025-10-08T22:29:58.754760" level="INFO">✅ Test-7 Time Configuration Validation completed successfully!</msg>
<arg>✅ Test-7 Time Configuration Validation completed successfully!</arg>
<arg>console=yes</arg>
<doc>Logs the given message with the given level.</doc>
<status status="PASS" start="2025-10-08T22:29:58.754624" elapsed="0.000334"/>
</kw>
<doc>📊 Generate executive summary for time configuration validation</doc>
<status status="FAIL" start="2025-10-08T22:29:58.751112" elapsed="0.004054">Several failures occurred:

1) Variable '${TARGET_IP}' not found.

2) TypeError: write() argument must be str, not None</status>
</kw>
<doc>⏰ Time Configuration Validation Test Suite - Test-7
🔍 Process: Find hostname in EDS → SSH to server → Collect time/NTP data → Validate timezone and NTP configuration
✅ Pass if timezone is Pacific/Los Angeles and NTP server is ntpx.domain.com with proper synchronization
📊 Validates: Timezone setting, Chrony service status, NTP server configuration, time synchronization</doc>
<status status="FAIL" start="2025-10-08T22:29:58.087486" elapsed="0.667798">Suite setup failed:
ValueError: CRITICAL: Hostname 'allxdvitap01' not found in EDS sheet. Cannot proceed with validation.

Also suite teardown failed:
Several failures occurred:

1) Variable '${TARGET_IP}' not found.

2) TypeError: write() argument must be str, not None</status>
</suite>
<statistics>
<total>
<stat pass="0" fail="10" skip="0">All Tests</stat>
</total>
<tag>
<stat pass="0" fail="1" skip="0">accuracy</stat>
<stat pass="0" fail="1" skip="0">analysis</stat>
<stat pass="0" fail="1" skip="0">chrony</stat>
<stat pass="0" fail="1" skip="0">clock</stat>
<stat pass="0" fail="2" skip="0">compliance</stat>
<stat pass="0" fail="1" skip="0">comprehensive</stat>
<stat pass="0" fail="1" skip="0">configuration</stat>
<stat pass="0" fail="1" skip="0">connection</stat>
<stat pass="0" fail="6" skip="0">critical</stat>
<stat pass="0" fail="1" skip="0">data_collection</stat>
<stat pass="0" fail="1" skip="0">drift</stat>
<stat pass="0" fail="1" skip="0">hardware</stat>
<stat pass="0" fail="1" skip="0">infrastructure</stat>
<stat pass="0" fail="1" skip="0">monitoring</stat>
<stat pass="0" fail="4" skip="0">normal</stat>
<stat pass="0" fail="5" skip="0">ntp</stat>
<stat pass="0" fail="1" skip="0">server</stat>
<stat pass="0" fail="1" skip="0">service</stat>
<stat pass="0" fail="1" skip="0">sources</stat>
<stat pass="0" fail="1" skip="0">ssh</stat>
<stat pass="0" fail="1" skip="0">synchronization</stat>
<stat pass="0" fail="2" skip="0">time</stat>
<stat pass="0" fail="1" skip="0">timezone</stat>
<stat pass="0" fail="1" skip="0">validation</stat>
<stat pass="0" fail="1" skip="0">verification</stat>
</tag>
<suite>
<stat name="Time Configuration Validation" id="s1" pass="0" fail="10" skip="0">Time Configuration Validation</stat>
</suite>
</statistics>
<errors>
<msg time="2025-10-08T22:29:58.740448" level="ERROR">Hostname 'allxdvitap01' not found in EDS sheet</msg>
</errors>
</robot>
