<?xml version="1.0" encoding="UTF-8"?>
<robot generator="Robot 7.3.2 (Python 3.13.7 on win32)" generated="2025-10-04T10:47:13.653130" rpa="false" schemaversion="5">
<suite id="s1" name="Time Configuration Validation" source="C:\Users\write\robot\robot\robotframework\tests\test7_time_configuration_validation\time_configuration_validation.robot">
<kw name="Initialize Time Test Environment" owner="time_keywords" type="SETUP">
<kw name="Log" owner="BuiltIn">
<msg time="2025-10-04T10:47:13.832857" level="INFO">🚀 Initializing Test-7: Time Configuration Validation Environment...</msg>
<arg>🚀 Initializing Test-7: Time Configuration Validation Environment...</arg>
<arg>console=yes</arg>
<doc>Logs the given message with the given level.</doc>
<status status="PASS" start="2025-10-04T10:47:13.832703" elapsed="0.000293"/>
</kw>
<kw name="Create Directory" owner="OperatingSystem">
<msg time="2025-10-04T10:47:13.833308" level="INFO" html="true">Directory '&lt;a href="file://C:\Users\write\robot\robot\robotframework\results\test7_time_configuration_validation\data"&gt;C:\Users\write\robot\robot\robotframework\results\test7_time_configuration_validation\data&lt;/a&gt;' already exists.</msg>
<arg>${DATA_DIR}</arg>
<doc>Creates the specified directory.</doc>
<status status="PASS" start="2025-10-04T10:47:13.833156" elapsed="0.000206"/>
</kw>
<kw name="EDSLookup.Lookup Server Config">
<msg time="2025-10-04T10:47:13.835424" level="FAIL">No keyword with name 'EDSLookup.Lookup Server Config' found.</msg>
<var>${eds_config}</var>
<arg>${TARGET_HOSTNAME}</arg>
<status status="FAIL" start="2025-10-04T10:47:13.835355" elapsed="0.000156">No keyword with name 'EDSLookup.Lookup Server Config' found.</status>
</kw>
<kw name="Set Suite Variable" owner="BuiltIn">
<arg>${TARGET_IP}</arg>
<arg>${eds_config['ip']}</arg>
<doc>Makes a variable available everywhere within the scope of the current suite.</doc>
<status status="NOT RUN" start="2025-10-04T10:47:13.835777" elapsed="0.000044"/>
</kw>
<kw name="Log" owner="BuiltIn">
<arg>📋 Target Server: ${TARGET_HOSTNAME}</arg>
<arg>console=yes</arg>
<doc>Logs the given message with the given level.</doc>
<status status="NOT RUN" start="2025-10-04T10:47:13.836007" elapsed="0.000036"/>
</kw>
<kw name="Log" owner="BuiltIn">
<arg>📋 Target IP: ${TARGET_IP}</arg>
<arg>console=yes</arg>
<doc>Logs the given message with the given level.</doc>
<status status="NOT RUN" start="2025-10-04T10:47:13.836140" elapsed="0.000012"/>
</kw>
<kw name="Log" owner="BuiltIn">
<arg>🔗 Connecting to target server: ${TARGET_IP}...</arg>
<arg>console=yes</arg>
<doc>Logs the given message with the given level.</doc>
<status status="NOT RUN" start="2025-10-04T10:47:13.836210" elapsed="0.000011"/>
</kw>
<kw name="Open Connection" owner="SSHLibrary">
<arg>${TARGET_IP}</arg>
<doc>Opens a new SSH connection to the given ``host`` and ``port``.</doc>
<status status="NOT RUN" start="2025-10-04T10:47:13.836281" elapsed="0.000011"/>
</kw>
<kw name="Login" owner="SSHLibrary">
<arg>${SSH_USERNAME}</arg>
<arg>${SSH_PASSWORD}</arg>
<doc>Logs into the SSH server with the given ``username`` and ``password``.</doc>
<status status="NOT RUN" start="2025-10-04T10:47:13.836346" elapsed="0.000011"/>
</kw>
<kw name="Log" owner="BuiltIn">
<arg>✅ SSH connection established successfully</arg>
<arg>console=yes</arg>
<doc>Logs the given message with the given level.</doc>
<status status="NOT RUN" start="2025-10-04T10:47:13.836412" elapsed="0.000011"/>
</kw>
<kw name="Log" owner="BuiltIn">
<arg>✅ Test-7 environment initialized</arg>
<arg>console=yes</arg>
<doc>Logs the given message with the given level.</doc>
<status status="NOT RUN" start="2025-10-04T10:47:13.836493" elapsed="0.000013"/>
</kw>
<doc>🏗️ Set up test environment for time configuration validation</doc>
<status status="FAIL" start="2025-10-04T10:47:13.832192" elapsed="0.004399">No keyword with name 'EDSLookup.Lookup Server Config' found.</status>
</kw>
<test id="s1-t1" name="Critical - Connect to Target Server" line="19">
<doc>🔗 Establish direct connection to target machine via SSH</doc>
<tag>connection</tag>
<tag>critical</tag>
<tag>infrastructure</tag>
<tag>ssh</tag>
<status status="FAIL" start="2025-10-04T10:47:13.836648" elapsed="0.000381">Parent suite setup failed:
No keyword with name 'EDSLookup.Lookup Server Config' found.</status>
</test>
<test id="s1-t2" name="Critical - Collect Time Configuration Data" line="32">
<doc>⏰ Execute time-related commands to gather timezone, chrony, and NTP configuration</doc>
<tag>critical</tag>
<tag>data_collection</tag>
<tag>ntp</tag>
<tag>time</tag>
<status status="FAIL" start="2025-10-04T10:47:13.837432" elapsed="0.000420">Parent suite setup failed:
No keyword with name 'EDSLookup.Lookup Server Config' found.</status>
</test>
<test id="s1-t3" name="Critical - Validate Timezone Setting" line="50">
<doc>🌎 Validate timezone is set to Pacific/Los Angeles (America/Los_Angeles)</doc>
<tag>compliance</tag>
<tag>critical</tag>
<tag>timezone</tag>
<status status="FAIL" start="2025-10-04T10:47:13.838369" elapsed="0.000364">Parent suite setup failed:
No keyword with name 'EDSLookup.Lookup Server Config' found.</status>
</test>
<test id="s1-t4" name="Critical - Validate Chrony Service Status" line="63">
<doc>📡 Validate chrony service is active and running</doc>
<tag>chrony</tag>
<tag>critical</tag>
<tag>ntp</tag>
<tag>service</tag>
<status status="FAIL" start="2025-10-04T10:47:13.839237" elapsed="0.000368">Parent suite setup failed:
No keyword with name 'EDSLookup.Lookup Server Config' found.</status>
</test>
<test id="s1-t5" name="Critical - Validate NTP Server Configuration" line="75">
<doc>🕐 Validate NTP server is configured to use ntpx.domain.com</doc>
<tag>configuration</tag>
<tag>critical</tag>
<tag>ntp</tag>
<tag>server</tag>
<status status="FAIL" start="2025-10-04T10:47:13.840102" elapsed="0.000312">Parent suite setup failed:
No keyword with name 'EDSLookup.Lookup Server Config' found.</status>
</test>
<test id="s1-t6" name="Critical - Validate Time Synchronization Status" line="88">
<doc>🔄 Validate time synchronization is working and clock is synchronized</doc>
<tag>critical</tag>
<tag>ntp</tag>
<tag>synchronization</tag>
<tag>time</tag>
<status status="FAIL" start="2025-10-04T10:47:13.840773" elapsed="0.000438">Parent suite setup failed:
No keyword with name 'EDSLookup.Lookup Server Config' found.</status>
</test>
<test id="s1-t7" name="Normal - Comprehensive Time Configuration Validation" line="101">
<doc>📊 Perform comprehensive validation of all time configuration settings</doc>
<tag>compliance</tag>
<tag>comprehensive</tag>
<tag>normal</tag>
<tag>validation</tag>
<status status="FAIL" start="2025-10-04T10:47:13.841614" elapsed="0.000511">Parent suite setup failed:
No keyword with name 'EDSLookup.Lookup Server Config' found.</status>
</test>
<test id="s1-t8" name="Normal - Hardware Clock Verification" line="117">
<doc>🕰️ Verify hardware clock and its synchronization with system clock</doc>
<tag>clock</tag>
<tag>hardware</tag>
<tag>normal</tag>
<tag>verification</tag>
<status status="FAIL" start="2025-10-04T10:47:13.842488" elapsed="0.000381">Parent suite setup failed:
No keyword with name 'EDSLookup.Lookup Server Config' found.</status>
</test>
<test id="s1-t9" name="Normal - NTP Source Analysis" line="134">
<doc>📊 Analyze NTP source details and server reachability</doc>
<tag>analysis</tag>
<tag>normal</tag>
<tag>ntp</tag>
<tag>sources</tag>
<status status="FAIL" start="2025-10-04T10:47:13.843219" elapsed="0.000288">Parent suite setup failed:
No keyword with name 'EDSLookup.Lookup Server Config' found.</status>
</test>
<test id="s1-t10" name="Normal - Clock Drift Monitoring" line="166">
<doc>📉 Monitor clock drift and synchronization accuracy</doc>
<tag>accuracy</tag>
<tag>drift</tag>
<tag>monitoring</tag>
<tag>normal</tag>
<status status="FAIL" start="2025-10-04T10:47:13.843891" elapsed="0.000268">Parent suite setup failed:
No keyword with name 'EDSLookup.Lookup Server Config' found.</status>
</test>
<kw name="Generate Time Configuration Executive Summary" owner="time_keywords" type="TEARDOWN">
<kw name="Log" owner="BuiltIn">
<msg time="2025-10-04T10:47:13.845474" level="INFO">📊 Generating Test-7 Time Configuration Executive Summary...</msg>
<arg>📊 Generating Test-7 Time Configuration Executive Summary...</arg>
<arg>console=yes</arg>
<doc>Logs the given message with the given level.</doc>
<status status="PASS" start="2025-10-04T10:47:13.845334" elapsed="0.000265"/>
</kw>
<kw name="Get Current Date" owner="DateTime">
<msg time="2025-10-04T10:47:13.845929" level="INFO">${timestamp} = 2025-10-04 10:47:13</msg>
<var>${timestamp}</var>
<arg>result_format=%Y-%m-%d %H:%M:%S</arg>
<doc>Returns current local or UTC time with an optional increment.</doc>
<status status="PASS" start="2025-10-04T10:47:13.845716" elapsed="0.000241"/>
</kw>
<kw name="Set Variable" owner="BuiltIn">
<msg time="2025-10-04T10:47:13.846168" level="INFO">${summary_file} = results/test7_time_configuration_validation/Test7_Time_Configuration_Executive_Summary.txt</msg>
<var>${summary_file}</var>
<arg>results/test7_time_configuration_validation/Test7_Time_Configuration_Executive_Summary.txt</arg>
<doc>Returns the given values which can then be assigned to a variables.</doc>
<status status="PASS" start="2025-10-04T10:47:13.846050" elapsed="0.000141"/>
</kw>
<kw name="Catenate" owner="BuiltIn">
<msg time="2025-10-04T10:47:13.847648" level="INFO">${summary_content} = None</msg>
<msg time="2025-10-04T10:47:13.847681" level="FAIL">Variable '${TARGET_IP}' not found.</msg>
<var>${summary_content}</var>
<arg>SEPARATOR=\n</arg>
<arg>========================================</arg>
<arg>⏰ TEST-7: TIME CONFIGURATION VALIDATION</arg>
<arg>📊 EXECUTIVE SUMMARY REPORT</arg>
<arg>========================================</arg>
<arg>📅 Report Generated: ${timestamp}</arg>
<arg>🎯 Target System: ${TARGET_HOSTNAME} (${TARGET_IP})</arg>
<arg>📋 Test Suite: Test-7 Time Configuration Validation</arg>
<arg>========================================</arg>
<arg>📋 EXPECTED CONFIGURATION</arg>
<arg>========================================</arg>
<arg>🌎 Timezone: Pacific/Los Angeles (America/Los_Angeles)</arg>
<arg>🕐 NTP Server: ntpx.domain.com</arg>
<arg>📡 Service: Chrony (active and running)</arg>
<arg>🔄 Synchronization: Enabled</arg>
<arg>========================================</arg>
<arg>✅ VALIDATION RESULTS</arg>
<arg>========================================</arg>
<arg>Results available in detailed test reports.</arg>
<arg>========================================</arg>
<arg>📁 SUPPORTING DOCUMENTATION</arg>
<arg>========================================</arg>
<arg>📄 Time configuration data: results/test7_time_configuration_validation/data/</arg>
<arg>📊 Robot Framework reports: results/test7_time_configuration_validation/</arg>
<arg>========================================</arg>
<arg>🏆 COMPLIANCE STATUS</arg>
<arg>========================================</arg>
<arg>✅ Test execution completed successfully</arg>
<arg>📋 Time configuration validated</arg>
<arg>🔍 Results ready for stakeholder review</arg>
<arg>End of Executive Summary</arg>
<arg>========================================</arg>
<doc>Catenates the given items together and returns the resulted string.</doc>
<status status="FAIL" start="2025-10-04T10:47:13.846273" elapsed="0.001431">Variable '${TARGET_IP}' not found.</status>
</kw>
<kw name="Create File" owner="OperatingSystem">
<msg time="2025-10-04T10:47:13.848548" level="FAIL">TypeError: write() argument must be str, not None</msg>
<arg>${summary_file}</arg>
<arg>${summary_content}</arg>
<doc>Creates a file with the given content and encoding.</doc>
<status status="FAIL" start="2025-10-04T10:47:13.847866" elapsed="0.000828">TypeError: write() argument must be str, not None</status>
</kw>
<kw name="Log" owner="BuiltIn">
<msg time="2025-10-04T10:47:13.848920" level="INFO">📊 Executive summary generated: results/test7_time_configuration_validation/Test7_Time_Configuration_Executive_Summary.txt</msg>
<arg>📊 Executive summary generated: ${summary_file}</arg>
<arg>console=yes</arg>
<doc>Logs the given message with the given level.</doc>
<status status="PASS" start="2025-10-04T10:47:13.848786" elapsed="0.000296"/>
</kw>
<kw name="Log" owner="BuiltIn">
<msg time="2025-10-04T10:47:13.849299" level="INFO">✅ Test-7 Time Configuration Validation completed successfully!</msg>
<arg>✅ Test-7 Time Configuration Validation completed successfully!</arg>
<arg>console=yes</arg>
<doc>Logs the given message with the given level.</doc>
<status status="PASS" start="2025-10-04T10:47:13.849192" elapsed="0.000370"/>
</kw>
<doc>📊 Generate executive summary for time configuration validation</doc>
<status status="FAIL" start="2025-10-04T10:47:13.845127" elapsed="0.004570">Several failures occurred:

1) Variable '${TARGET_IP}' not found.

2) TypeError: write() argument must be str, not None</status>
</kw>
<doc>⏰ Time Configuration Validation Test Suite - Test-7
🔍 Process: Find hostname in EDS → SSH to server → Collect time/NTP data → Validate timezone and NTP configuration
✅ Pass if timezone is Pacific/Los Angeles and NTP server is ntpx.domain.com with proper synchronization
📊 Validates: Timezone setting, Chrony service status, NTP server configuration, time synchronization</doc>
<status status="FAIL" start="2025-10-04T10:47:13.654629" elapsed="0.195145">Suite setup failed:
No keyword with name 'EDSLookup.Lookup Server Config' found.

Also suite teardown failed:
Several failures occurred:

1) Variable '${TARGET_IP}' not found.

2) TypeError: write() argument must be str, not None</status>
</suite>
<statistics>
<total>
<stat pass="0" fail="10" skip="0">All Tests</stat>
</total>
<tag>
<stat pass="0" fail="1" skip="0">accuracy</stat>
<stat pass="0" fail="1" skip="0">analysis</stat>
<stat pass="0" fail="1" skip="0">chrony</stat>
<stat pass="0" fail="1" skip="0">clock</stat>
<stat pass="0" fail="2" skip="0">compliance</stat>
<stat pass="0" fail="1" skip="0">comprehensive</stat>
<stat pass="0" fail="1" skip="0">configuration</stat>
<stat pass="0" fail="1" skip="0">connection</stat>
<stat pass="0" fail="6" skip="0">critical</stat>
<stat pass="0" fail="1" skip="0">data_collection</stat>
<stat pass="0" fail="1" skip="0">drift</stat>
<stat pass="0" fail="1" skip="0">hardware</stat>
<stat pass="0" fail="1" skip="0">infrastructure</stat>
<stat pass="0" fail="1" skip="0">monitoring</stat>
<stat pass="0" fail="4" skip="0">normal</stat>
<stat pass="0" fail="5" skip="0">ntp</stat>
<stat pass="0" fail="1" skip="0">server</stat>
<stat pass="0" fail="1" skip="0">service</stat>
<stat pass="0" fail="1" skip="0">sources</stat>
<stat pass="0" fail="1" skip="0">ssh</stat>
<stat pass="0" fail="1" skip="0">synchronization</stat>
<stat pass="0" fail="2" skip="0">time</stat>
<stat pass="0" fail="1" skip="0">timezone</stat>
<stat pass="0" fail="1" skip="0">validation</stat>
<stat pass="0" fail="1" skip="0">verification</stat>
</tag>
<suite>
<stat name="Time Configuration Validation" id="s1" pass="0" fail="10" skip="0">Time Configuration Validation</stat>
</suite>
</statistics>
<errors>
<msg time="2025-10-04T10:47:13.828932" level="ERROR">Error in file 'C:\Users\write\robot\robot\robotframework\tests\test7_time_configuration_validation\time_configuration_validation.robot' on line 10: Importing library 'C:\Users\write\robot\robot\robotframework\library\EDSLookup.py' failed: ModuleNotFoundError: No module named 'pandas'
Traceback (most recent call last):
  File "C:\Users\write\robot\robot\robotframework\library\EDSLookup.py", line 6, in &lt;module&gt;
    import pandas as pd
PYTHONPATH:
  C:\Users\write\robot\robot\robotframework\library
  C:\Users\write\robot\robot\robotframework
  C:\Python313\python313.zip
  C:\Python313\DLLs
  C:\Python313\Lib
  C:\Python313
  C:\Users\write\robot\robot\robotframework\venv
  C:\Users\write\robot\robot\robotframework\venv\Lib\site-packages</msg>
</errors>
</robot>
