<?xml version="1.0" encoding="UTF-8"?>
<robot generator="Robot 7.3.2 (Python 3.13.7 on win32)" generated="2025-10-02T21:24:29.473168" rpa="false" schemaversion="5">
<suite id="s1" name="Disk Space Validation" source="C:\Users\write\robot\robot\robotframework\tests\test5_disk_space_validation\disk_space_validation.robot">
<kw name="Initialize Storage Test Environment And Lookup Configuration" owner="storage_keywords" type="SETUP">
<kw name="Log" owner="BuiltIn">
<msg time="2025-10-02T21:24:29.675616" level="INFO">ğŸš€ Initializing Test-5: Storage &amp; System Validation Environment...</msg>
<arg>ğŸš€ Initializing Test-5: Storage &amp; System Validation Environment...</arg>
<arg>console=yes</arg>
<doc>Logs the given message with the given level.</doc>
<status status="PASS" start="2025-10-02T21:24:29.675432" elapsed="0.000325"/>
</kw>
<kw name="Create Directory" owner="OperatingSystem">
<msg time="2025-10-02T21:24:29.676060" level="INFO" html="true">Directory '&lt;a href="file://C:\Users\write\robot\robot\robotframework\results\test5_disk_space_validation\data"&gt;C:\Users\write\robot\robot\robotframework\results\test5_disk_space_validation\data&lt;/a&gt;' already exists.</msg>
<arg>${DATA_DIR}</arg>
<doc>Creates the specified directory.</doc>
<status status="PASS" start="2025-10-02T21:24:29.675872" elapsed="0.000248"/>
</kw>
<kw name="EDSLookup.Lookup Server Config">
<msg time="2025-10-02T21:24:29.677890" level="FAIL">No keyword with name 'EDSLookup.Lookup Server Config' found.</msg>
<var>${eds_config}</var>
<arg>${TARGET_HOSTNAME}</arg>
<status status="FAIL" start="2025-10-02T21:24:29.677865" elapsed="0.000060">No keyword with name 'EDSLookup.Lookup Server Config' found.</status>
</kw>
<kw name="Set Suite Variable" owner="BuiltIn">
<arg>${TARGET_IP}</arg>
<arg>${eds_config['ip']}</arg>
<doc>Makes a variable available everywhere within the scope of the current suite.</doc>
<status status="NOT RUN" start="2025-10-02T21:24:29.678027" elapsed="0.000014"/>
</kw>
<kw name="Set Suite Variable" owner="BuiltIn">
<arg>${TARGET_CPU_CORES}</arg>
<arg>${eds_config['cpu_cores']}</arg>
<doc>Makes a variable available everywhere within the scope of the current suite.</doc>
<status status="NOT RUN" start="2025-10-02T21:24:29.678113" elapsed="0.000013"/>
</kw>
<kw name="Set Suite Variable" owner="BuiltIn">
<arg>${TARGET_RAM}</arg>
<arg>${eds_config['ram']}</arg>
<doc>Makes a variable available everywhere within the scope of the current suite.</doc>
<status status="NOT RUN" start="2025-10-02T21:24:29.678194" elapsed="0.000012"/>
</kw>
<kw name="Set Suite Variable" owner="BuiltIn">
<arg>${TARGET_STORAGE_TYPE}</arg>
<arg>${eds_config['storage_type']}</arg>
<doc>Makes a variable available everywhere within the scope of the current suite.</doc>
<status status="NOT RUN" start="2025-10-02T21:24:29.678269" elapsed="0.000012"/>
</kw>
<kw name="Set Suite Variable" owner="BuiltIn">
<arg>${TARGET_STORAGE_TOTAL_TB}</arg>
<arg>${eds_config['storage_total_tb']}</arg>
<doc>Makes a variable available everywhere within the scope of the current suite.</doc>
<status status="NOT RUN" start="2025-10-02T21:24:29.678343" elapsed="0.000011"/>
</kw>
<kw name="Set Suite Variable" owner="BuiltIn">
<arg>${TARGET_DRIVE_VOLUME_GROUP}</arg>
<arg>${eds_config['drive_volume_group']}</arg>
<doc>Makes a variable available everywhere within the scope of the current suite.</doc>
<status status="NOT RUN" start="2025-10-02T21:24:29.678416" elapsed="0.000012"/>
</kw>
<kw name="Set Suite Variable" owner="BuiltIn">
<arg>${TARGET_FILE_SYSTEM}</arg>
<arg>${eds_config['file_system']}</arg>
<doc>Makes a variable available everywhere within the scope of the current suite.</doc>
<status status="NOT RUN" start="2025-10-02T21:24:29.678489" elapsed="0.000011"/>
</kw>
<kw name="Set Suite Variable" owner="BuiltIn">
<arg>${TARGET_LOGICAL_VOLUME}</arg>
<arg>${eds_config['logical_volume_partition']}</arg>
<doc>Makes a variable available everywhere within the scope of the current suite.</doc>
<status status="NOT RUN" start="2025-10-02T21:24:29.678565" elapsed="0.000012"/>
</kw>
<kw name="Set Suite Variable" owner="BuiltIn">
<arg>${TARGET_STORAGE_ALLOC_GB}</arg>
<arg>${eds_config['storage_allocation_gb']}</arg>
<doc>Makes a variable available everywhere within the scope of the current suite.</doc>
<status status="NOT RUN" start="2025-10-02T21:24:29.678639" elapsed="0.000011"/>
</kw>
<kw name="Set Suite Variable" owner="BuiltIn">
<arg>${TARGET_RECOMMENDED_GB}</arg>
<arg>${eds_config['recommended_storage_gb']}</arg>
<doc>Makes a variable available everywhere within the scope of the current suite.</doc>
<status status="NOT RUN" start="2025-10-02T21:24:29.678710" elapsed="0.000011"/>
</kw>
<kw name="Set Suite Variable" owner="BuiltIn">
<arg>${TARGET_DRIVE_PURPOSE}</arg>
<arg>${eds_config['drive_purpose']}</arg>
<doc>Makes a variable available everywhere within the scope of the current suite.</doc>
<status status="NOT RUN" start="2025-10-02T21:24:29.678781" elapsed="0.000011"/>
</kw>
<kw name="Set Suite Variable" owner="BuiltIn">
<arg>${TARGET_OS_TYPE}</arg>
<arg>${eds_config['os_type']}</arg>
<doc>Makes a variable available everywhere within the scope of the current suite.</doc>
<status status="NOT RUN" start="2025-10-02T21:24:29.678851" elapsed="0.000011"/>
</kw>
<kw name="Log" owner="BuiltIn">
<arg>ğŸ“‹ EDS Target IP: ${TARGET_IP}</arg>
<arg>console=yes</arg>
<doc>Logs the given message with the given level.</doc>
<status status="NOT RUN" start="2025-10-02T21:24:29.678920" elapsed="0.000011"/>
</kw>
<kw name="Log" owner="BuiltIn">
<arg>ğŸ“‹ EDS CPU Cores: ${TARGET_CPU_CORES}</arg>
<arg>console=yes</arg>
<doc>Logs the given message with the given level.</doc>
<status status="NOT RUN" start="2025-10-02T21:24:29.678988" elapsed="0.000011"/>
</kw>
<kw name="Log" owner="BuiltIn">
<arg>ğŸ“‹ EDS RAM: ${TARGET_RAM} GB</arg>
<arg>console=yes</arg>
<doc>Logs the given message with the given level.</doc>
<status status="NOT RUN" start="2025-10-02T21:24:29.679055" elapsed="0.000021"/>
</kw>
<kw name="Log" owner="BuiltIn">
<arg>ğŸ“‹ EDS Storage Type: ${TARGET_STORAGE_TYPE}</arg>
<arg>console=yes</arg>
<doc>Logs the given message with the given level.</doc>
<status status="NOT RUN" start="2025-10-02T21:24:29.679132" elapsed="0.000011"/>
</kw>
<kw name="Log" owner="BuiltIn">
<arg>ğŸ“‹ EDS Storage Total: ${TARGET_STORAGE_TOTAL_TB} TB</arg>
<arg>console=yes</arg>
<doc>Logs the given message with the given level.</doc>
<status status="NOT RUN" start="2025-10-02T21:24:29.679199" elapsed="0.000011"/>
</kw>
<kw name="Log" owner="BuiltIn">
<arg>ğŸ“‹ EDS OS Type: ${TARGET_OS_TYPE}</arg>
<arg>console=yes</arg>
<doc>Logs the given message with the given level.</doc>
<status status="NOT RUN" start="2025-10-02T21:24:29.679271" elapsed="0.000011"/>
</kw>
<kw name="Log" owner="BuiltIn">
<arg>ğŸ”— Connecting to target server: ${TARGET_IP}...</arg>
<arg>console=yes</arg>
<doc>Logs the given message with the given level.</doc>
<status status="NOT RUN" start="2025-10-02T21:24:29.679337" elapsed="0.000011"/>
</kw>
<kw name="Open Connection" owner="SSHLibrary">
<arg>${TARGET_IP}</arg>
<doc>Opens a new SSH connection to the given ``host`` and ``port``.</doc>
<status status="NOT RUN" start="2025-10-02T21:24:29.679406" elapsed="0.000011"/>
</kw>
<kw name="Login" owner="SSHLibrary">
<arg>${SSH_USERNAME}</arg>
<arg>${SSH_PASSWORD}</arg>
<doc>Logs into the SSH server with the given ``username`` and ``password``.</doc>
<status status="NOT RUN" start="2025-10-02T21:24:29.679479" elapsed="0.000012"/>
</kw>
<kw name="Log" owner="BuiltIn">
<arg>âœ… SSH connection established successfully</arg>
<arg>console=yes</arg>
<doc>Logs the given message with the given level.</doc>
<status status="NOT RUN" start="2025-10-02T21:24:29.679546" elapsed="0.000011"/>
</kw>
<kw name="Log" owner="BuiltIn">
<arg>âœ… Test-5 environment initialized</arg>
<arg>console=yes</arg>
<doc>Logs the given message with the given level.</doc>
<status status="NOT RUN" start="2025-10-02T21:24:29.679614" elapsed="0.000011"/>
</kw>
<doc>ğŸ—ï¸ Set up test environment and lookup EDS configuration</doc>
<status status="FAIL" start="2025-10-02T21:24:29.674743" elapsed="0.004977">No keyword with name 'EDSLookup.Lookup Server Config' found.</status>
</kw>
<test id="s1-t1" name="Critical - CPU Cores Validation" line="19">
<doc>ğŸ’» SSH to server and validate CPU core count matches EDS specification</doc>
<tag>compliance</tag>
<tag>cpu</tag>
<tag>critical</tag>
<tag>hardware</tag>
<status status="FAIL" start="2025-10-02T21:24:29.679938" elapsed="0.000479">Parent suite setup failed:
No keyword with name 'EDSLookup.Lookup Server Config' found.</status>
</test>
<test id="s1-t2" name="Critical - Memory Allocation Validation" line="36">
<doc>ğŸ§  SSH to server and validate memory allocation matches EDS specification</doc>
<tag>compliance</tag>
<tag>critical</tag>
<tag>hardware</tag>
<tag>memory</tag>
<status status="FAIL" start="2025-10-02T21:24:29.680896" elapsed="0.000358">Parent suite setup failed:
No keyword with name 'EDSLookup.Lookup Server Config' found.</status>
</test>
<test id="s1-t3" name="Critical - Disk Space Allocation Validation" line="53">
<doc>ğŸ’¾ SSH to server and validate disk space allocation against EDS requirements</doc>
<tag>compliance</tag>
<tag>critical</tag>
<tag>disk</tag>
<tag>storage</tag>
<status status="FAIL" start="2025-10-02T21:24:29.681646" elapsed="0.000381">Parent suite setup failed:
No keyword with name 'EDSLookup.Lookup Server Config' found.</status>
</test>
<test id="s1-t4" name="Critical - Storage Type Validation" line="70">
<doc>ğŸ“¡ SSH to server and validate storage infrastructure matches EDS specification</doc>
<tag>compliance</tag>
<tag>critical</tag>
<tag>infrastructure</tag>
<tag>storage</tag>
<status status="FAIL" start="2025-10-02T21:24:29.682383" elapsed="0.000312">Parent suite setup failed:
No keyword with name 'EDSLookup.Lookup Server Config' found.</status>
</test>
<test id="s1-t5" name="Critical - Root Filesystem Validation" line="87">
<doc>ğŸ—‚ï¸ SSH to server and validate root filesystem configuration against EDS</doc>
<tag>compliance</tag>
<tag>critical</tag>
<tag>filesystem</tag>
<tag>storage</tag>
<status status="FAIL" start="2025-10-02T21:24:29.683038" elapsed="0.000450">Parent suite setup failed:
No keyword with name 'EDSLookup.Lookup Server Config' found.</status>
</test>
<test id="s1-t6" name="Normal - Storage Capacity Analysis" line="107">
<doc>ğŸ“Š Analyze overall storage capacity and utilization patterns</doc>
<tag>analysis</tag>
<tag>capacity</tag>
<tag>normal</tag>
<tag>storage</tag>
<status status="FAIL" start="2025-10-02T21:24:29.683951" elapsed="0.000374">Parent suite setup failed:
No keyword with name 'EDSLookup.Lookup Server Config' found.</status>
</test>
<test id="s1-t7" name="Normal - Volume Group Analysis" line="127">
<doc>ğŸ—ï¸ Analyze volume group and logical volume configuration</doc>
<tag>analysis</tag>
<tag>lvm</tag>
<tag>normal</tag>
<tag>volumes</tag>
<status status="FAIL" start="2025-10-02T21:24:29.684909" elapsed="0.000387">Parent suite setup failed:
No keyword with name 'EDSLookup.Lookup Server Config' found.</status>
</test>
<test id="s1-t8" name="Normal - Operating System Validation" line="146">
<doc>ğŸ–¥ï¸ Validate operating system type matches EDS specification</doc>
<tag>compliance</tag>
<tag>normal</tag>
<tag>os</tag>
<tag>system</tag>
<status status="FAIL" start="2025-10-02T21:24:29.685685" elapsed="0.000415">Parent suite setup failed:
No keyword with name 'EDSLookup.Lookup Server Config' found.</status>
</test>
<kw name="Generate Storage Executive Summary" owner="storage_keywords" type="TEARDOWN">
<kw name="Log" owner="BuiltIn">
<msg time="2025-10-02T21:24:29.688614" level="INFO">ğŸ“Š Generating Test-5 Storage Validation Executive Summary...</msg>
<arg>ğŸ“Š Generating Test-5 Storage Validation Executive Summary...</arg>
<arg>console=yes</arg>
<doc>Logs the given message with the given level.</doc>
<status status="PASS" start="2025-10-02T21:24:29.688472" elapsed="0.000274"/>
</kw>
<kw name="Get Current Date" owner="DateTime">
<msg time="2025-10-02T21:24:29.689035" level="INFO">${timestamp} = 2025-10-02 21:24:29</msg>
<var>${timestamp}</var>
<arg>result_format=%Y-%m-%d %H:%M:%S</arg>
<doc>Returns current local or UTC time with an optional increment.</doc>
<status status="PASS" start="2025-10-02T21:24:29.688843" elapsed="0.000225"/>
</kw>
<kw name="Set Variable" owner="BuiltIn">
<msg time="2025-10-02T21:24:29.689335" level="INFO">${summary_file} = results/test5_disk_space_validation/Test5_Storage_Executive_Summary.txt</msg>
<var>${summary_file}</var>
<arg>results/test5_disk_space_validation/Test5_Storage_Executive_Summary.txt</arg>
<doc>Returns the given values which can then be assigned to a variables.</doc>
<status status="PASS" start="2025-10-02T21:24:29.689193" elapsed="0.000172"/>
</kw>
<kw name="Catenate" owner="BuiltIn">
<msg time="2025-10-02T21:24:29.690761" level="INFO">${summary_content} = None</msg>
<msg time="2025-10-02T21:24:29.690785" level="FAIL">Variable '${TARGET_IP}' not found.</msg>
<var>${summary_content}</var>
<arg>SEPARATOR=\n</arg>
<arg>========================================</arg>
<arg>ğŸ—„ï¸ TEST-5: STORAGE &amp; SYSTEM VALIDATION</arg>
<arg>ğŸ“Š EXECUTIVE SUMMARY REPORT</arg>
<arg>========================================</arg>
<arg>ğŸ“… Report Generated: ${timestamp}</arg>
<arg>ğŸ¯ Target System: ${TARGET_HOSTNAME} (${TARGET_IP})</arg>
<arg>ğŸ“‹ Test Suite: Test-5 Disk Space &amp; System Validation</arg>
<arg>========================================</arg>
<arg>ğŸ“‹ EDS BASELINE CONFIGURATION</arg>
<arg>========================================</arg>
<arg>ğŸ’» CPU Cores (Expected): ${TARGET_CPU_CORES}</arg>
<arg>ğŸ§  RAM (Expected): ${TARGET_RAM} GB</arg>
<arg>ğŸ“¡ Storage Type (Expected): ${TARGET_STORAGE_TYPE}</arg>
<arg>ğŸ’¾ Storage Total (Expected): ${TARGET_STORAGE_TOTAL_TB} TB</arg>
<arg>ğŸ—‚ï¸ Mount Point (Expected): ${TARGET_LOGICAL_VOLUME}</arg>
<arg>ğŸ“Š Storage Allocation (Expected): ${TARGET_STORAGE_ALLOC_GB} GB</arg>
<arg>ğŸ¯ Drive Purpose: ${TARGET_DRIVE_PURPOSE}</arg>
<arg>ğŸ–¥ï¸ OS Type (Expected): ${TARGET_OS_TYPE}</arg>
<arg>========================================</arg>
<arg>âœ… VALIDATION RESULTS</arg>
<arg>========================================</arg>
<arg>Results available in detailed test reports.</arg>
<arg>========================================</arg>
<arg>ğŸ“ SUPPORTING DOCUMENTATION</arg>
<arg>========================================</arg>
<arg>ğŸ“„ Detailed data files: results/test5_disk_space_validation/data/</arg>
<arg>ğŸ“Š Robot Framework reports: results/test5_disk_space_validation/</arg>
<arg>========================================</arg>
<arg>ğŸ† COMPLIANCE STATUS</arg>
<arg>========================================</arg>
<arg>âœ… Test execution completed successfully</arg>
<arg>ğŸ“‹ All data collected and validated against EDS</arg>
<arg>ğŸ” Results ready for stakeholder review</arg>
<arg>End of Executive Summary</arg>
<arg>========================================</arg>
<doc>Catenates the given items together and returns the resulted string.</doc>
<status status="FAIL" start="2025-10-02T21:24:29.689476" elapsed="0.001331">Variable '${TARGET_IP}' not found.</status>
</kw>
<kw name="Create File" owner="OperatingSystem">
<msg time="2025-10-02T21:24:29.691577" level="FAIL">TypeError: write() argument must be str, not None</msg>
<arg>${summary_file}</arg>
<arg>${summary_content}</arg>
<doc>Creates a file with the given content and encoding.</doc>
<status status="FAIL" start="2025-10-02T21:24:29.690953" elapsed="0.000754">TypeError: write() argument must be str, not None</status>
</kw>
<kw name="Log" owner="BuiltIn">
<msg time="2025-10-02T21:24:29.691921" level="INFO">ğŸ“Š Executive summary generated: results/test5_disk_space_validation/Test5_Storage_Executive_Summary.txt</msg>
<arg>ğŸ“Š Executive summary generated: ${summary_file}</arg>
<arg>console=yes</arg>
<doc>Logs the given message with the given level.</doc>
<status status="PASS" start="2025-10-02T21:24:29.691803" elapsed="0.000230"/>
</kw>
<kw name="Log" owner="BuiltIn">
<msg time="2025-10-02T21:24:29.692274" level="INFO">âœ… Test-5 Storage Validation completed successfully!</msg>
<arg>âœ… Test-5 Storage Validation completed successfully!</arg>
<arg>console=yes</arg>
<doc>Logs the given message with the given level.</doc>
<status status="PASS" start="2025-10-02T21:24:29.692113" elapsed="0.000270"/>
</kw>
<doc>ğŸ“Š Generate executive summary for storage validation results</doc>
<status status="FAIL" start="2025-10-02T21:24:29.688236" elapsed="0.004248">Several failures occurred:

1) Variable '${TARGET_IP}' not found.

2) TypeError: write() argument must be str, not None</status>
</kw>
<doc>ğŸ—„ï¸ Storage &amp; System Validation Test Suite - Test-5
ğŸ” Process: Find hostname in EDS â†’ SSH to server â†’ Collect disk/CPU/memory data â†’ Compare server vs EDS
âœ… Pass if server resources match EDS requirements, âŒ Fail if mismatch
ğŸ“Š Validates: CPU cores, RAM, disk space allocation, filesystem types, storage configuration</doc>
<status status="FAIL" start="2025-10-02T21:24:29.474616" elapsed="0.217925">Suite setup failed:
No keyword with name 'EDSLookup.Lookup Server Config' found.

Also suite teardown failed:
Several failures occurred:

1) Variable '${TARGET_IP}' not found.

2) TypeError: write() argument must be str, not None</status>
</suite>
<statistics>
<total>
<stat pass="0" fail="8" skip="0">All Tests</stat>
</total>
<tag>
<stat pass="0" fail="2" skip="0">analysis</stat>
<stat pass="0" fail="1" skip="0">capacity</stat>
<stat pass="0" fail="6" skip="0">compliance</stat>
<stat pass="0" fail="1" skip="0">cpu</stat>
<stat pass="0" fail="5" skip="0">critical</stat>
<stat pass="0" fail="1" skip="0">disk</stat>
<stat pass="0" fail="1" skip="0">filesystem</stat>
<stat pass="0" fail="2" skip="0">hardware</stat>
<stat pass="0" fail="1" skip="0">infrastructure</stat>
<stat pass="0" fail="1" skip="0">lvm</stat>
<stat pass="0" fail="1" skip="0">memory</stat>
<stat pass="0" fail="3" skip="0">normal</stat>
<stat pass="0" fail="1" skip="0">os</stat>
<stat pass="0" fail="4" skip="0">storage</stat>
<stat pass="0" fail="1" skip="0">system</stat>
<stat pass="0" fail="1" skip="0">volumes</stat>
</tag>
<suite>
<stat name="Disk Space Validation" id="s1" pass="0" fail="8" skip="0">Disk Space Validation</stat>
</suite>
</statistics>
<errors>
<msg time="2025-10-02T21:24:29.665868" level="ERROR">Error in file 'C:\Users\write\robot\robot\robotframework\tests\test5_disk_space_validation\disk_space_validation.robot' on line 10: Importing library 'C:\Users\write\robot\robot\robotframework\library\EDSLookup.py' failed: ModuleNotFoundError: No module named 'pandas'
Traceback (most recent call last):
  File "C:\Users\write\robot\robot\robotframework\library\EDSLookup.py", line 6, in &lt;module&gt;
    import pandas as pd
PYTHONPATH:
  C:\Users\write\robot\robot\robotframework\library
  C:\Users\write\robot\robot\robotframework
  C:\Python313\python313.zip
  C:\Python313\DLLs
  C:\Python313\Lib
  C:\Python313
  C:\Users\write\robot\robot\robotframework\venv
  C:\Users\write\robot\robot\robotframework\venv\Lib\site-packages</msg>
</errors>
</robot>
