<?xml version="1.0" encoding="UTF-8"?>
<robot generator="Robot 7.3.2 (Python 3.13.7 on win32)" generated="2025-10-06T00:26:22.082500" rpa="false" schemaversion="5">
<suite id="s1" name="Disk Space Validation" source="C:\Users\write\project_2025\robot\robotframework\tests\test5_disk_space_validation\disk_space_validation.robot">
<kw name="Initialize Storage Test Environment And Lookup Configuration" owner="storage_keywords" type="SETUP">
<kw name="Log" owner="BuiltIn">
<msg time="2025-10-06T00:26:22.697002" level="INFO">🚀 Initializing Test-5: Storage &amp; System Validation Environment...</msg>
<arg>🚀 Initializing Test-5: Storage &amp; System Validation Environment...</arg>
<arg>console=yes</arg>
<doc>Logs the given message with the given level.</doc>
<status status="PASS" start="2025-10-06T00:26:22.696846" elapsed="0.000295"/>
</kw>
<kw name="Create Directory" owner="OperatingSystem">
<msg time="2025-10-06T00:26:22.697396" level="INFO" html="true">Directory '&lt;a href="file://C:\Users\write\project_2025\robot\robotframework\results\test5_disk_space_validation\data"&gt;C:\Users\write\project_2025\robot\robotframework\results\test5_disk_space_validation\data&lt;/a&gt;' already exists.</msg>
<arg>${DATA_DIR}</arg>
<doc>Creates the specified directory.</doc>
<status status="PASS" start="2025-10-06T00:26:22.697249" elapsed="0.000193"/>
</kw>
<kw name="Lookup Server Config" owner="EDSLookup">
<msg time="2025-10-06T00:26:22.709494" level="ERROR">Hostname 'allxdvitap01' not found in EDS sheet</msg>
<msg time="2025-10-06T00:26:22.709728" level="INFO">Available hostnames: ['alhxvdvitap01', 'alhxvdvitag01', 'alhxvqaitiap01', 'alhxvqaitiap02', 'alhxvqaitred01', 'alhxvqaitred02', 'alhxvqaitred03', 'alhxvqaitmdb01', 'alhxvqaitmdb02', 'alhxvqaitmdb03', 'alhxvqaitag01', 'alhxvqaitag02', 'alhxvpritiap01', 'alhxvpritiap02']</msg>
<msg time="2025-10-06T00:26:22.709841" level="FAIL">ValueError: CRITICAL: Hostname 'allxdvitap01' not found in EDS sheet. Cannot proceed with validation.</msg>
<var>${eds_config}</var>
<arg>${TARGET_HOSTNAME}</arg>
<doc>Lookup server configuration from EDS sheet based on hostname</doc>
<status status="FAIL" start="2025-10-06T00:26:22.697521" elapsed="0.013012">ValueError: CRITICAL: Hostname 'allxdvitap01' not found in EDS sheet. Cannot proceed with validation.</status>
</kw>
<kw name="Set Suite Variable" owner="BuiltIn">
<arg>${TARGET_IP}</arg>
<arg>${eds_config['ip']}</arg>
<doc>Makes a variable available everywhere within the scope of the current suite.</doc>
<status status="NOT RUN" start="2025-10-06T00:26:22.710703" elapsed="0.000022"/>
</kw>
<kw name="Set Suite Variable" owner="BuiltIn">
<arg>${TARGET_CPU_CORES}</arg>
<arg>${eds_config['cpu_cores']}</arg>
<doc>Makes a variable available everywhere within the scope of the current suite.</doc>
<status status="NOT RUN" start="2025-10-06T00:26:22.710802" elapsed="0.000013"/>
</kw>
<kw name="Set Suite Variable" owner="BuiltIn">
<arg>${TARGET_RAM}</arg>
<arg>${eds_config['ram']}</arg>
<doc>Makes a variable available everywhere within the scope of the current suite.</doc>
<status status="NOT RUN" start="2025-10-06T00:26:22.710887" elapsed="0.000013"/>
</kw>
<kw name="Set Suite Variable" owner="BuiltIn">
<arg>${TARGET_STORAGE_TYPE}</arg>
<arg>${eds_config['storage_type']}</arg>
<doc>Makes a variable available everywhere within the scope of the current suite.</doc>
<status status="NOT RUN" start="2025-10-06T00:26:22.710967" elapsed="0.000011"/>
</kw>
<kw name="Set Suite Variable" owner="BuiltIn">
<arg>${TARGET_STORAGE_TOTAL_TB}</arg>
<arg>${eds_config['storage_total_tb']}</arg>
<doc>Makes a variable available everywhere within the scope of the current suite.</doc>
<status status="NOT RUN" start="2025-10-06T00:26:22.711041" elapsed="0.000012"/>
</kw>
<kw name="Set Suite Variable" owner="BuiltIn">
<arg>${TARGET_DRIVE_VOLUME_GROUP}</arg>
<arg>${eds_config['drive_volume_group']}</arg>
<doc>Makes a variable available everywhere within the scope of the current suite.</doc>
<status status="NOT RUN" start="2025-10-06T00:26:22.711115" elapsed="0.000012"/>
</kw>
<kw name="Set Suite Variable" owner="BuiltIn">
<arg>${TARGET_FILE_SYSTEM}</arg>
<arg>${eds_config['file_system']}</arg>
<doc>Makes a variable available everywhere within the scope of the current suite.</doc>
<status status="NOT RUN" start="2025-10-06T00:26:22.711188" elapsed="0.000011"/>
</kw>
<kw name="Set Suite Variable" owner="BuiltIn">
<arg>${TARGET_LOGICAL_VOLUME}</arg>
<arg>${eds_config['logical_volume_partition']}</arg>
<doc>Makes a variable available everywhere within the scope of the current suite.</doc>
<status status="NOT RUN" start="2025-10-06T00:26:22.711260" elapsed="0.000011"/>
</kw>
<kw name="Set Suite Variable" owner="BuiltIn">
<arg>${TARGET_STORAGE_ALLOC_GB}</arg>
<arg>${eds_config['storage_allocation_gb']}</arg>
<doc>Makes a variable available everywhere within the scope of the current suite.</doc>
<status status="NOT RUN" start="2025-10-06T00:26:22.711331" elapsed="0.000011"/>
</kw>
<kw name="Set Suite Variable" owner="BuiltIn">
<arg>${TARGET_RECOMMENDED_GB}</arg>
<arg>${eds_config['recommended_storage_gb']}</arg>
<doc>Makes a variable available everywhere within the scope of the current suite.</doc>
<status status="NOT RUN" start="2025-10-06T00:26:22.711405" elapsed="0.000011"/>
</kw>
<kw name="Set Suite Variable" owner="BuiltIn">
<arg>${TARGET_DRIVE_PURPOSE}</arg>
<arg>${eds_config['drive_purpose']}</arg>
<doc>Makes a variable available everywhere within the scope of the current suite.</doc>
<status status="NOT RUN" start="2025-10-06T00:26:22.711490" elapsed="0.000011"/>
</kw>
<kw name="Set Suite Variable" owner="BuiltIn">
<arg>${TARGET_OS_TYPE}</arg>
<arg>${eds_config['os_type']}</arg>
<doc>Makes a variable available everywhere within the scope of the current suite.</doc>
<status status="NOT RUN" start="2025-10-06T00:26:22.711564" elapsed="0.000011"/>
</kw>
<kw name="Log" owner="BuiltIn">
<arg>📋 EDS Target IP: ${TARGET_IP}</arg>
<arg>console=yes</arg>
<doc>Logs the given message with the given level.</doc>
<status status="NOT RUN" start="2025-10-06T00:26:22.711633" elapsed="0.000011"/>
</kw>
<kw name="Log" owner="BuiltIn">
<arg>📋 EDS CPU Cores: ${TARGET_CPU_CORES}</arg>
<arg>console=yes</arg>
<doc>Logs the given message with the given level.</doc>
<status status="NOT RUN" start="2025-10-06T00:26:22.711702" elapsed="0.000011"/>
</kw>
<kw name="Log" owner="BuiltIn">
<arg>📋 EDS RAM: ${TARGET_RAM} GB</arg>
<arg>console=yes</arg>
<doc>Logs the given message with the given level.</doc>
<status status="NOT RUN" start="2025-10-06T00:26:22.711768" elapsed="0.000011"/>
</kw>
<kw name="Log" owner="BuiltIn">
<arg>📋 EDS Storage Type: ${TARGET_STORAGE_TYPE}</arg>
<arg>console=yes</arg>
<doc>Logs the given message with the given level.</doc>
<status status="NOT RUN" start="2025-10-06T00:26:22.711834" elapsed="0.000010"/>
</kw>
<kw name="Log" owner="BuiltIn">
<arg>📋 EDS Storage Total: ${TARGET_STORAGE_TOTAL_TB} TB</arg>
<arg>console=yes</arg>
<doc>Logs the given message with the given level.</doc>
<status status="NOT RUN" start="2025-10-06T00:26:22.711901" elapsed="0.000011"/>
</kw>
<kw name="Log" owner="BuiltIn">
<arg>📋 EDS OS Type: ${TARGET_OS_TYPE}</arg>
<arg>console=yes</arg>
<doc>Logs the given message with the given level.</doc>
<status status="NOT RUN" start="2025-10-06T00:26:22.711966" elapsed="0.000011"/>
</kw>
<kw name="Log" owner="BuiltIn">
<arg>🔗 Connecting to target server: ${TARGET_IP}...</arg>
<arg>console=yes</arg>
<doc>Logs the given message with the given level.</doc>
<status status="NOT RUN" start="2025-10-06T00:26:22.712034" elapsed="0.000010"/>
</kw>
<kw name="Open Connection" owner="SSHLibrary">
<arg>${TARGET_IP}</arg>
<doc>Opens a new SSH connection to the given ``host`` and ``port``.</doc>
<status status="NOT RUN" start="2025-10-06T00:26:22.712103" elapsed="0.000011"/>
</kw>
<kw name="Login" owner="SSHLibrary">
<arg>${SSH_USERNAME}</arg>
<arg>${SSH_PASSWORD}</arg>
<doc>Logs into the SSH server with the given ``username`` and ``password``.</doc>
<status status="NOT RUN" start="2025-10-06T00:26:22.712168" elapsed="0.000010"/>
</kw>
<kw name="Log" owner="BuiltIn">
<arg>✅ SSH connection established successfully</arg>
<arg>console=yes</arg>
<doc>Logs the given message with the given level.</doc>
<status status="NOT RUN" start="2025-10-06T00:26:22.712386" elapsed="0.000015"/>
</kw>
<kw name="Log" owner="BuiltIn">
<arg>✅ Test-5 environment initialized</arg>
<arg>console=yes</arg>
<doc>Logs the given message with the given level.</doc>
<status status="NOT RUN" start="2025-10-06T00:26:22.712467" elapsed="0.000012"/>
</kw>
<doc>🏗️ Set up test environment and lookup EDS configuration</doc>
<status status="FAIL" start="2025-10-06T00:26:22.696313" elapsed="0.016262">ValueError: CRITICAL: Hostname 'allxdvitap01' not found in EDS sheet. Cannot proceed with validation.</status>
</kw>
<test id="s1-t1" name="Critical - CPU Cores Validation" line="18">
<doc>💻 SSH to server and validate CPU core count matches EDS specification</doc>
<tag>compliance</tag>
<tag>cpu</tag>
<tag>critical</tag>
<tag>hardware</tag>
<status status="FAIL" start="2025-10-06T00:26:22.712657" elapsed="0.000499">Parent suite setup failed:
ValueError: CRITICAL: Hostname 'allxdvitap01' not found in EDS sheet. Cannot proceed with validation.</status>
</test>
<test id="s1-t2" name="Critical - Memory Allocation Validation" line="35">
<doc>🧠 SSH to server and validate memory allocation matches EDS specification</doc>
<tag>compliance</tag>
<tag>critical</tag>
<tag>hardware</tag>
<tag>memory</tag>
<status status="FAIL" start="2025-10-06T00:26:22.713709" elapsed="0.000422">Parent suite setup failed:
ValueError: CRITICAL: Hostname 'allxdvitap01' not found in EDS sheet. Cannot proceed with validation.</status>
</test>
<test id="s1-t3" name="Critical - Disk Space Allocation Validation" line="52">
<doc>💾 SSH to server and validate disk space allocation against EDS requirements</doc>
<tag>compliance</tag>
<tag>critical</tag>
<tag>disk</tag>
<tag>storage</tag>
<status status="FAIL" start="2025-10-06T00:26:22.714656" elapsed="0.000319">Parent suite setup failed:
ValueError: CRITICAL: Hostname 'allxdvitap01' not found in EDS sheet. Cannot proceed with validation.</status>
</test>
<test id="s1-t4" name="Critical - Storage Type Validation" line="69">
<doc>📡 SSH to server and validate storage infrastructure matches EDS specification</doc>
<tag>compliance</tag>
<tag>critical</tag>
<tag>infrastructure</tag>
<tag>storage</tag>
<status status="FAIL" start="2025-10-06T00:26:22.715418" elapsed="0.000401">Parent suite setup failed:
ValueError: CRITICAL: Hostname 'allxdvitap01' not found in EDS sheet. Cannot proceed with validation.</status>
</test>
<test id="s1-t5" name="Critical - Root Filesystem Validation" line="86">
<doc>🗂️ SSH to server and validate root filesystem configuration against EDS</doc>
<tag>compliance</tag>
<tag>critical</tag>
<tag>filesystem</tag>
<tag>storage</tag>
<status status="FAIL" start="2025-10-06T00:26:22.716284" elapsed="0.000593">Parent suite setup failed:
ValueError: CRITICAL: Hostname 'allxdvitap01' not found in EDS sheet. Cannot proceed with validation.</status>
</test>
<test id="s1-t6" name="Normal - Storage Capacity Analysis" line="106">
<doc>📊 Analyze overall storage capacity and utilization patterns</doc>
<tag>analysis</tag>
<tag>capacity</tag>
<tag>normal</tag>
<tag>storage</tag>
<status status="FAIL" start="2025-10-06T00:26:22.717367" elapsed="0.000441">Parent suite setup failed:
ValueError: CRITICAL: Hostname 'allxdvitap01' not found in EDS sheet. Cannot proceed with validation.</status>
</test>
<test id="s1-t7" name="Normal - Volume Group Analysis" line="126">
<doc>🏗️ Analyze volume group and logical volume configuration</doc>
<tag>analysis</tag>
<tag>lvm</tag>
<tag>normal</tag>
<tag>volumes</tag>
<status status="FAIL" start="2025-10-06T00:26:22.718209" elapsed="0.000334">Parent suite setup failed:
ValueError: CRITICAL: Hostname 'allxdvitap01' not found in EDS sheet. Cannot proceed with validation.</status>
</test>
<test id="s1-t8" name="Normal - Operating System Validation" line="145">
<doc>🖥️ Validate operating system type matches EDS specification</doc>
<tag>compliance</tag>
<tag>normal</tag>
<tag>os</tag>
<tag>system</tag>
<status status="FAIL" start="2025-10-06T00:26:22.718896" elapsed="0.000383">Parent suite setup failed:
ValueError: CRITICAL: Hostname 'allxdvitap01' not found in EDS sheet. Cannot proceed with validation.</status>
</test>
<kw name="Generate Storage Executive Summary" owner="storage_keywords" type="TEARDOWN">
<kw name="Log" owner="BuiltIn">
<msg time="2025-10-06T00:26:22.720488" level="INFO">📊 Generating Test-5 Storage Validation Executive Summary...</msg>
<arg>📊 Generating Test-5 Storage Validation Executive Summary...</arg>
<arg>console=yes</arg>
<doc>Logs the given message with the given level.</doc>
<status status="PASS" start="2025-10-06T00:26:22.720318" elapsed="0.000283"/>
</kw>
<kw name="Get Current Date" owner="DateTime">
<msg time="2025-10-06T00:26:22.720878" level="INFO">${timestamp} = 2025-10-06 00:26:22</msg>
<var>${timestamp}</var>
<arg>result_format=%Y-%m-%d %H:%M:%S</arg>
<doc>Returns current local or UTC time with an optional increment.</doc>
<status status="PASS" start="2025-10-06T00:26:22.720696" elapsed="0.000202"/>
</kw>
<kw name="Set Variable" owner="BuiltIn">
<msg time="2025-10-06T00:26:22.721062" level="INFO">${summary_file} = results/test5_disk_space_validation/Test5_Storage_Executive_Summary.txt</msg>
<var>${summary_file}</var>
<arg>results/test5_disk_space_validation/Test5_Storage_Executive_Summary.txt</arg>
<doc>Returns the given values which can then be assigned to a variables.</doc>
<status status="PASS" start="2025-10-06T00:26:22.720974" elapsed="0.000105"/>
</kw>
<kw name="Catenate" owner="BuiltIn">
<msg time="2025-10-06T00:26:22.722333" level="INFO">${summary_content} = None</msg>
<msg time="2025-10-06T00:26:22.722366" level="FAIL">Variable '${TARGET_IP}' not found.</msg>
<var>${summary_content}</var>
<arg>SEPARATOR=\n</arg>
<arg>========================================</arg>
<arg>🗄️ TEST-5: STORAGE &amp; SYSTEM VALIDATION</arg>
<arg>📊 EXECUTIVE SUMMARY REPORT</arg>
<arg>========================================</arg>
<arg>📅 Report Generated: ${timestamp}</arg>
<arg>🎯 Target System: ${TARGET_HOSTNAME} (${TARGET_IP})</arg>
<arg>📋 Test Suite: Test-5 Disk Space &amp; System Validation</arg>
<arg>========================================</arg>
<arg>📋 EDS BASELINE CONFIGURATION</arg>
<arg>========================================</arg>
<arg>💻 CPU Cores (Expected): ${TARGET_CPU_CORES}</arg>
<arg>🧠 RAM (Expected): ${TARGET_RAM} GB</arg>
<arg>📡 Storage Type (Expected): ${TARGET_STORAGE_TYPE}</arg>
<arg>💾 Storage Total (Expected): ${TARGET_STORAGE_TOTAL_TB} TB</arg>
<arg>🗂️ Mount Point (Expected): ${TARGET_LOGICAL_VOLUME}</arg>
<arg>📊 Storage Allocation (Expected): ${TARGET_STORAGE_ALLOC_GB} GB</arg>
<arg>🎯 Drive Purpose: ${TARGET_DRIVE_PURPOSE}</arg>
<arg>🖥️ OS Type (Expected): ${TARGET_OS_TYPE}</arg>
<arg>========================================</arg>
<arg>✅ VALIDATION RESULTS</arg>
<arg>========================================</arg>
<arg>Results available in detailed test reports.</arg>
<arg>========================================</arg>
<arg>📁 SUPPORTING DOCUMENTATION</arg>
<arg>========================================</arg>
<arg>📄 Detailed data files: results/test5_disk_space_validation/data/</arg>
<arg>📊 Robot Framework reports: results/test5_disk_space_validation/</arg>
<arg>========================================</arg>
<arg>🏆 COMPLIANCE STATUS</arg>
<arg>========================================</arg>
<arg>✅ Test execution completed successfully</arg>
<arg>📋 All data collected and validated against EDS</arg>
<arg>🔍 Results ready for stakeholder review</arg>
<arg>End of Executive Summary</arg>
<arg>========================================</arg>
<doc>Catenates the given items together and returns the resulted string.</doc>
<status status="FAIL" start="2025-10-06T00:26:22.721145" elapsed="0.001248">Variable '${TARGET_IP}' not found.</status>
</kw>
<kw name="Create File" owner="OperatingSystem">
<msg time="2025-10-06T00:26:22.723300" level="FAIL">TypeError: write() argument must be str, not None</msg>
<arg>${summary_file}</arg>
<arg>${summary_content}</arg>
<doc>Creates a file with the given content and encoding.</doc>
<status status="FAIL" start="2025-10-06T00:26:22.722725" elapsed="0.000659">TypeError: write() argument must be str, not None</status>
</kw>
<kw name="Log" owner="BuiltIn">
<msg time="2025-10-06T00:26:22.723632" level="INFO">📊 Executive summary generated: results/test5_disk_space_validation/Test5_Storage_Executive_Summary.txt</msg>
<arg>📊 Executive summary generated: ${summary_file}</arg>
<arg>console=yes</arg>
<doc>Logs the given message with the given level.</doc>
<status status="PASS" start="2025-10-06T00:26:22.723483" elapsed="0.000344"/>
</kw>
<kw name="Log" owner="BuiltIn">
<msg time="2025-10-06T00:26:22.724124" level="INFO">✅ Test-5 Storage Validation completed successfully!</msg>
<arg>✅ Test-5 Storage Validation completed successfully!</arg>
<arg>console=yes</arg>
<doc>Logs the given message with the given level.</doc>
<status status="PASS" start="2025-10-06T00:26:22.723981" elapsed="0.000282"/>
</kw>
<doc>📊 Generate executive summary for storage validation results</doc>
<status status="FAIL" start="2025-10-06T00:26:22.720093" elapsed="0.004346">Several failures occurred:

1) Variable '${TARGET_IP}' not found.

2) TypeError: write() argument must be str, not None</status>
</kw>
<doc>🗄️ Storage &amp; System Validation Test Suite - Test-5
🔍 Process: Find hostname in EDS → SSH to server → Collect disk/CPU/memory data → Compare server vs EDS
✅ Pass if server resources match EDS requirements, ❌ Fail if mismatch
📊 Validates: CPU cores, RAM, disk space allocation, filesystem types, storage configuration</doc>
<status status="FAIL" start="2025-10-06T00:26:22.084415" elapsed="0.640118">Suite setup failed:
ValueError: CRITICAL: Hostname 'allxdvitap01' not found in EDS sheet. Cannot proceed with validation.

Also suite teardown failed:
Several failures occurred:

1) Variable '${TARGET_IP}' not found.

2) TypeError: write() argument must be str, not None</status>
</suite>
<statistics>
<total>
<stat pass="0" fail="8" skip="0">All Tests</stat>
</total>
<tag>
<stat pass="0" fail="2" skip="0">analysis</stat>
<stat pass="0" fail="1" skip="0">capacity</stat>
<stat pass="0" fail="6" skip="0">compliance</stat>
<stat pass="0" fail="1" skip="0">cpu</stat>
<stat pass="0" fail="5" skip="0">critical</stat>
<stat pass="0" fail="1" skip="0">disk</stat>
<stat pass="0" fail="1" skip="0">filesystem</stat>
<stat pass="0" fail="2" skip="0">hardware</stat>
<stat pass="0" fail="1" skip="0">infrastructure</stat>
<stat pass="0" fail="1" skip="0">lvm</stat>
<stat pass="0" fail="1" skip="0">memory</stat>
<stat pass="0" fail="3" skip="0">normal</stat>
<stat pass="0" fail="1" skip="0">os</stat>
<stat pass="0" fail="4" skip="0">storage</stat>
<stat pass="0" fail="1" skip="0">system</stat>
<stat pass="0" fail="1" skip="0">volumes</stat>
</tag>
<suite>
<stat name="Disk Space Validation" id="s1" pass="0" fail="8" skip="0">Disk Space Validation</stat>
</suite>
</statistics>
<errors>
<msg time="2025-10-06T00:26:22.709494" level="ERROR">Hostname 'allxdvitap01' not found in EDS sheet</msg>
</errors>
</robot>
