<?xml version="1.0" encoding="UTF-8"?>
<robot generator="Robot 7.3.2 (Python 3.13.8 on win32)" generated="2025-10-07T19:56:47.541004" rpa="false" schemaversion="5">
<suite id="s1" name="Network Validation" source="C:\Users\write\project_2025\robot\robotframework\tests\test3_network_validation\network_validation.robot">
<kw name="Initialize Test Environment And Lookup Configuration" owner="network_keywords" type="SETUP">
<kw name="Get Current Date" owner="DateTime">
<msg time="2025-10-07T19:56:58.835695" level="INFO">${start_time} = 2025-10-07 19:56:58</msg>
<var>${start_time}</var>
<arg>result_format=%Y-%m-%d %H:%M:%S</arg>
<doc>Returns current local or UTC time with an optional increment.</doc>
<status status="PASS" start="2025-10-07T19:56:58.835337" elapsed="0.000400"/>
</kw>
<kw name="Set Suite Variable" owner="BuiltIn">
<msg time="2025-10-07T19:56:58.836850" level="INFO">${TEST_START_TIME} = 2025-10-07 19:56:58</msg>
<arg>${TEST_START_TIME}</arg>
<arg>${start_time}</arg>
<doc>Makes a variable available everywhere within the scope of the current suite.</doc>
<status status="PASS" start="2025-10-07T19:56:58.835891" elapsed="0.001019"/>
</kw>
<kw name="Run Keyword If" owner="BuiltIn">
<kw name="Set Variable" owner="BuiltIn">
<arg>${TEST_SUITE_ID}</arg>
<doc>Returns the given values which can then be assigned to a variables.</doc>
<status status="PASS" start="2025-10-07T19:56:58.838208" elapsed="0.000192"/>
</kw>
<msg time="2025-10-07T19:56:58.838798" level="INFO">${suite_id} = test3</msg>
<var>${suite_id}</var>
<arg>'${TEST_SUITE_ID}' == '${EMPTY}'</arg>
<arg>Auto Detect Test Suite ID</arg>
<arg>ELSE</arg>
<arg>Set Variable</arg>
<arg>${TEST_SUITE_ID}</arg>
<doc>Runs the given keyword with the given arguments, if ``condition`` is true.</doc>
<status status="PASS" start="2025-10-07T19:56:58.837032" elapsed="0.001832"/>
</kw>
<kw name="Auto Detect Test Suite Name" owner="network_keywords">
<kw name="Get Variable Value" owner="BuiltIn">
<msg time="2025-10-07T19:56:58.839766" level="INFO">${suite_source} = C:\Users\write\project_2025\robot\robotframework\tests\test3_network_validation\network_validation.robot</msg>
<var>${suite_source}</var>
<arg>${SUITE_SOURCE}</arg>
<arg>${EMPTY}</arg>
<doc>Returns variable value or ``default`` if the variable does not exist.</doc>
<status status="PASS" start="2025-10-07T19:56:58.839497" elapsed="0.000311"/>
</kw>
<kw name="Split String" owner="String">
<msg time="2025-10-07T19:56:58.840174" level="INFO">${path_parts} = ['C:', 'Users', 'write', 'project_2025', 'robot', 'robotframework', 'tests', 'test3_network_validation', 'network_validation.robot']</msg>
<var>${path_parts}</var>
<arg>${suite_source}</arg>
<arg>${/}</arg>
<doc>Splits the ``string`` using ``separator`` as a delimiter string.</doc>
<status status="PASS" start="2025-10-07T19:56:58.839949" elapsed="0.000256"/>
</kw>
<for flavor="IN">
<iter>
<kw name="Run Keyword And Return Status" owner="BuiltIn">
<kw name="Should Match Regexp" owner="BuiltIn">
<msg time="2025-10-07T19:56:58.841003" level="FAIL">'C:' does not match '^test\d+_'</msg>
<arg>${part}</arg>
<arg>^test\\d+_</arg>
<doc>Fails if ``string`` does not match ``pattern`` as a regular expression.</doc>
<status status="FAIL" start="2025-10-07T19:56:58.840731" elapsed="0.000448">'C:' does not match '^test\d+_'</status>
</kw>
<msg time="2025-10-07T19:56:58.841292" level="INFO">${is_test_dir} = False</msg>
<var>${is_test_dir}</var>
<arg>Should Match Regexp</arg>
<arg>${part}</arg>
<arg>^test\\d+_</arg>
<doc>Runs the given keyword with given arguments and returns the status as a Boolean value.</doc>
<status status="PASS" start="2025-10-07T19:56:58.840588" elapsed="0.000728"/>
</kw>
<kw name="Run Keyword If" owner="BuiltIn">
<arg>${is_test_dir}</arg>
<arg>Return From Keyword</arg>
<arg>${part}</arg>
<doc>Runs the given keyword with the given arguments, if ``condition`` is true.</doc>
<status status="PASS" start="2025-10-07T19:56:58.841427" elapsed="0.000096"/>
</kw>
<var name="${part}">C:</var>
<status status="PASS" start="2025-10-07T19:56:58.840493" elapsed="0.001065"/>
</iter>
<iter>
<kw name="Run Keyword And Return Status" owner="BuiltIn">
<kw name="Should Match Regexp" owner="BuiltIn">
<msg time="2025-10-07T19:56:58.841993" level="FAIL">'Users' does not match '^test\d+_'</msg>
<arg>${part}</arg>
<arg>^test\\d+_</arg>
<doc>Fails if ``string`` does not match ``pattern`` as a regular expression.</doc>
<status status="FAIL" start="2025-10-07T19:56:58.841843" elapsed="0.000213">'Users' does not match '^test\d+_'</status>
</kw>
<msg time="2025-10-07T19:56:58.842136" level="INFO">${is_test_dir} = False</msg>
<var>${is_test_dir}</var>
<arg>Should Match Regexp</arg>
<arg>${part}</arg>
<arg>^test\\d+_</arg>
<doc>Runs the given keyword with given arguments and returns the status as a Boolean value.</doc>
<status status="PASS" start="2025-10-07T19:56:58.841729" elapsed="0.000428"/>
</kw>
<kw name="Run Keyword If" owner="BuiltIn">
<arg>${is_test_dir}</arg>
<arg>Return From Keyword</arg>
<arg>${part}</arg>
<doc>Runs the given keyword with the given arguments, if ``condition`` is true.</doc>
<status status="PASS" start="2025-10-07T19:56:58.842255" elapsed="0.000086"/>
</kw>
<var name="${part}">Users</var>
<status status="PASS" start="2025-10-07T19:56:58.841646" elapsed="0.000741"/>
</iter>
<iter>
<kw name="Run Keyword And Return Status" owner="BuiltIn">
<kw name="Should Match Regexp" owner="BuiltIn">
<msg time="2025-10-07T19:56:58.842773" level="FAIL">'write' does not match '^test\d+_'</msg>
<arg>${part}</arg>
<arg>^test\\d+_</arg>
<doc>Fails if ``string`` does not match ``pattern`` as a regular expression.</doc>
<status status="FAIL" start="2025-10-07T19:56:58.842643" elapsed="0.000179">'write' does not match '^test\d+_'</status>
</kw>
<msg time="2025-10-07T19:56:58.842903" level="INFO">${is_test_dir} = False</msg>
<var>${is_test_dir}</var>
<arg>Should Match Regexp</arg>
<arg>${part}</arg>
<arg>^test\\d+_</arg>
<doc>Runs the given keyword with given arguments and returns the status as a Boolean value.</doc>
<status status="PASS" start="2025-10-07T19:56:58.842538" elapsed="0.000385"/>
</kw>
<kw name="Run Keyword If" owner="BuiltIn">
<arg>${is_test_dir}</arg>
<arg>Return From Keyword</arg>
<arg>${part}</arg>
<doc>Runs the given keyword with the given arguments, if ``condition`` is true.</doc>
<status status="PASS" start="2025-10-07T19:56:58.843018" elapsed="0.000084"/>
</kw>
<var name="${part}">write</var>
<status status="PASS" start="2025-10-07T19:56:58.842464" elapsed="0.000672"/>
</iter>
<iter>
<kw name="Run Keyword And Return Status" owner="BuiltIn">
<kw name="Should Match Regexp" owner="BuiltIn">
<msg time="2025-10-07T19:56:58.843538" level="FAIL">'project_2025' does not match '^test\d+_'</msg>
<arg>${part}</arg>
<arg>^test\\d+_</arg>
<doc>Fails if ``string`` does not match ``pattern`` as a regular expression.</doc>
<status status="FAIL" start="2025-10-07T19:56:58.843393" elapsed="0.000193">'project_2025' does not match '^test\d+_'</status>
</kw>
<msg time="2025-10-07T19:56:58.843660" level="INFO">${is_test_dir} = False</msg>
<var>${is_test_dir}</var>
<arg>Should Match Regexp</arg>
<arg>${part}</arg>
<arg>^test\\d+_</arg>
<doc>Runs the given keyword with given arguments and returns the status as a Boolean value.</doc>
<status status="PASS" start="2025-10-07T19:56:58.843289" elapsed="0.000391"/>
</kw>
<kw name="Run Keyword If" owner="BuiltIn">
<arg>${is_test_dir}</arg>
<arg>Return From Keyword</arg>
<arg>${part}</arg>
<doc>Runs the given keyword with the given arguments, if ``condition`` is true.</doc>
<status status="PASS" start="2025-10-07T19:56:58.843776" elapsed="0.000086"/>
</kw>
<var name="${part}">project_2025</var>
<status status="PASS" start="2025-10-07T19:56:58.843217" elapsed="0.000677"/>
</iter>
<iter>
<kw name="Run Keyword And Return Status" owner="BuiltIn">
<kw name="Should Match Regexp" owner="BuiltIn">
<msg time="2025-10-07T19:56:58.844261" level="FAIL">'robot' does not match '^test\d+_'</msg>
<arg>${part}</arg>
<arg>^test\\d+_</arg>
<doc>Fails if ``string`` does not match ``pattern`` as a regular expression.</doc>
<status status="FAIL" start="2025-10-07T19:56:58.844138" elapsed="0.000170">'robot' does not match '^test\d+_'</status>
</kw>
<msg time="2025-10-07T19:56:58.844590" level="INFO">${is_test_dir} = False</msg>
<var>${is_test_dir}</var>
<arg>Should Match Regexp</arg>
<arg>${part}</arg>
<arg>^test\\d+_</arg>
<doc>Runs the given keyword with given arguments and returns the status as a Boolean value.</doc>
<status status="PASS" start="2025-10-07T19:56:58.844035" elapsed="0.000578"/>
</kw>
<kw name="Run Keyword If" owner="BuiltIn">
<arg>${is_test_dir}</arg>
<arg>Return From Keyword</arg>
<arg>${part}</arg>
<doc>Runs the given keyword with the given arguments, if ``condition`` is true.</doc>
<status status="PASS" start="2025-10-07T19:56:58.844717" elapsed="0.000091"/>
</kw>
<var name="${part}">robot</var>
<status status="PASS" start="2025-10-07T19:56:58.843963" elapsed="0.000878"/>
</iter>
<iter>
<kw name="Run Keyword And Return Status" owner="BuiltIn">
<kw name="Should Match Regexp" owner="BuiltIn">
<msg time="2025-10-07T19:56:58.845233" level="FAIL">'robotframework' does not match '^test\d+_'</msg>
<arg>${part}</arg>
<arg>^test\\d+_</arg>
<doc>Fails if ``string`` does not match ``pattern`` as a regular expression.</doc>
<status status="FAIL" start="2025-10-07T19:56:58.845094" elapsed="0.000188">'robotframework' does not match '^test\d+_'</status>
</kw>
<msg time="2025-10-07T19:56:58.845357" level="INFO">${is_test_dir} = False</msg>
<var>${is_test_dir}</var>
<arg>Should Match Regexp</arg>
<arg>${part}</arg>
<arg>^test\\d+_</arg>
<doc>Runs the given keyword with given arguments and returns the status as a Boolean value.</doc>
<status status="PASS" start="2025-10-07T19:56:58.844988" elapsed="0.000388"/>
</kw>
<kw name="Run Keyword If" owner="BuiltIn">
<arg>${is_test_dir}</arg>
<arg>Return From Keyword</arg>
<arg>${part}</arg>
<doc>Runs the given keyword with the given arguments, if ``condition`` is true.</doc>
<status status="PASS" start="2025-10-07T19:56:58.845470" elapsed="0.000080"/>
</kw>
<var name="${part}">robotframework</var>
<status status="PASS" start="2025-10-07T19:56:58.844914" elapsed="0.000669"/>
</iter>
<iter>
<kw name="Run Keyword And Return Status" owner="BuiltIn">
<kw name="Should Match Regexp" owner="BuiltIn">
<msg time="2025-10-07T19:56:58.846118" level="FAIL">'tests' does not match '^test\d+_'</msg>
<arg>${part}</arg>
<arg>^test\\d+_</arg>
<doc>Fails if ``string`` does not match ``pattern`` as a regular expression.</doc>
<status status="FAIL" start="2025-10-07T19:56:58.845923" elapsed="0.000249">'tests' does not match '^test\d+_'</status>
</kw>
<msg time="2025-10-07T19:56:58.846267" level="INFO">${is_test_dir} = False</msg>
<var>${is_test_dir}</var>
<arg>Should Match Regexp</arg>
<arg>${part}</arg>
<arg>^test\\d+_</arg>
<doc>Runs the given keyword with given arguments and returns the status as a Boolean value.</doc>
<status status="PASS" start="2025-10-07T19:56:58.845787" elapsed="0.000500"/>
</kw>
<kw name="Run Keyword If" owner="BuiltIn">
<arg>${is_test_dir}</arg>
<arg>Return From Keyword</arg>
<arg>${part}</arg>
<doc>Runs the given keyword with the given arguments, if ``condition`` is true.</doc>
<status status="PASS" start="2025-10-07T19:56:58.846389" elapsed="0.000088"/>
</kw>
<var name="${part}">tests</var>
<status status="PASS" start="2025-10-07T19:56:58.845665" elapsed="0.000846"/>
</iter>
<iter>
<kw name="Run Keyword And Return Status" owner="BuiltIn">
<kw name="Should Match Regexp" owner="BuiltIn">
<arg>${part}</arg>
<arg>^test\\d+_</arg>
<doc>Fails if ``string`` does not match ``pattern`` as a regular expression.</doc>
<status status="PASS" start="2025-10-07T19:56:58.846765" elapsed="0.000109"/>
</kw>
<msg time="2025-10-07T19:56:58.846942" level="INFO">${is_test_dir} = True</msg>
<var>${is_test_dir}</var>
<arg>Should Match Regexp</arg>
<arg>${part}</arg>
<arg>^test\\d+_</arg>
<doc>Runs the given keyword with given arguments and returns the status as a Boolean value.</doc>
<status status="PASS" start="2025-10-07T19:56:58.846658" elapsed="0.000304"/>
</kw>
<kw name="Run Keyword If" owner="BuiltIn">
<kw name="Return From Keyword" owner="BuiltIn">
<msg time="2025-10-07T19:56:58.847290" level="INFO">Returning from the enclosing user keyword.</msg>
<arg>${part}</arg>
<doc>Returns from the enclosing user keyword.</doc>
<status status="PASS" start="2025-10-07T19:56:58.847234" elapsed="0.000106"/>
</kw>
<arg>${is_test_dir}</arg>
<arg>Return From Keyword</arg>
<arg>${part}</arg>
<doc>Runs the given keyword with the given arguments, if ``condition`` is true.</doc>
<status status="PASS" start="2025-10-07T19:56:58.847085" elapsed="0.000295"/>
</kw>
<var name="${part}">test3_network_validation</var>
<status status="PASS" start="2025-10-07T19:56:58.846585" elapsed="0.000827"/>
</iter>
<var>${part}</var>
<value>@{path_parts}</value>
<status status="PASS" start="2025-10-07T19:56:58.840320" elapsed="0.007119"/>
</for>
<kw name="Log" owner="BuiltIn">
<arg>⚠️ Could not auto-detect test suite name, defaulting to test3_network_validation</arg>
<arg>WARN</arg>
<doc>Logs the given message with the given level.</doc>
<status status="NOT RUN" start="2025-10-07T19:56:58.847536" elapsed="0.000018"/>
</kw>
<return>
<value>test3_network_validation</value>
<status status="NOT RUN" start="2025-10-07T19:56:58.847598" elapsed="0.000023"/>
</return>
<msg time="2025-10-07T19:56:58.847740" level="INFO">${suite_name} = test3_network_validation</msg>
<var>${suite_name}</var>
<doc>Auto-detect full test suite name from current working directory or test file path</doc>
<status status="PASS" start="2025-10-07T19:56:58.839230" elapsed="0.008531"/>
</kw>
<kw name="Set Suite Variable" owner="BuiltIn">
<msg time="2025-10-07T19:56:58.848003" level="INFO">${TEST_SUITE_ID} = test3</msg>
<arg>${TEST_SUITE_ID}</arg>
<arg>${suite_id}</arg>
<doc>Makes a variable available everywhere within the scope of the current suite.</doc>
<status status="PASS" start="2025-10-07T19:56:58.847856" elapsed="0.000180"/>
</kw>
<kw name="Set Suite Variable" owner="BuiltIn">
<msg time="2025-10-07T19:56:58.848267" level="INFO">${TEST_SUITE_NAME} = Hostname Validation Test Suite - test3</msg>
<arg>${TEST_SUITE_NAME}</arg>
<arg>Hostname Validation Test Suite - ${suite_id}</arg>
<doc>Makes a variable available everywhere within the scope of the current suite.</doc>
<status status="PASS" start="2025-10-07T19:56:58.848127" elapsed="0.000171"/>
</kw>
<kw name="Set Suite Variable" owner="BuiltIn">
<msg time="2025-10-07T19:56:58.848537" level="INFO">${TEST_REPORTS_DIR} = C:\Users\write\project_2025\robot\robotframework/results/test3_network_validation</msg>
<arg>${TEST_REPORTS_DIR}</arg>
<arg>${REPORTS_DIR}/${suite_name}</arg>
<doc>Makes a variable available everywhere within the scope of the current suite.</doc>
<status status="PASS" start="2025-10-07T19:56:58.848385" elapsed="0.000183"/>
</kw>
<kw name="Set Suite Variable" owner="BuiltIn">
<msg time="2025-10-07T19:56:58.848790" level="INFO">${DATA_DIR} = C:\Users\write\project_2025\robot\robotframework/results/test3_network_validation/data</msg>
<arg>${DATA_DIR}</arg>
<arg>${TEST_REPORTS_DIR}/data</arg>
<doc>Makes a variable available everywhere within the scope of the current suite.</doc>
<status status="PASS" start="2025-10-07T19:56:58.848657" elapsed="0.000164"/>
</kw>
<kw name="Create Directory" owner="OperatingSystem">
<msg time="2025-10-07T19:56:58.849066" level="INFO" html="true">Directory '&lt;a href="file://C:\Users\write\project_2025\robot\robotframework\results"&gt;C:\Users\write\project_2025\robot\robotframework\results&lt;/a&gt;' already exists.</msg>
<arg>${REPORTS_DIR}</arg>
<doc>Creates the specified directory.</doc>
<status status="PASS" start="2025-10-07T19:56:58.848903" elapsed="0.000210"/>
</kw>
<kw name="Create Directory" owner="OperatingSystem">
<msg time="2025-10-07T19:56:58.849340" level="INFO" html="true">Directory '&lt;a href="file://C:\Users\write\project_2025\robot\robotframework\results\test3_network_validation"&gt;C:\Users\write\project_2025\robot\robotframework\results\test3_network_validation&lt;/a&gt;' already exists.</msg>
<arg>${TEST_REPORTS_DIR}</arg>
<doc>Creates the specified directory.</doc>
<status status="PASS" start="2025-10-07T19:56:58.849209" elapsed="0.000277"/>
</kw>
<kw name="Create Directory" owner="OperatingSystem">
<msg time="2025-10-07T19:56:58.849719" level="INFO" html="true">Directory '&lt;a href="file://C:\Users\write\project_2025\robot\robotframework\results\test3_network_validation\data"&gt;C:\Users\write\project_2025\robot\robotframework\results\test3_network_validation\data&lt;/a&gt;' already exists.</msg>
<arg>${DATA_DIR}</arg>
<doc>Creates the specified directory.</doc>
<status status="PASS" start="2025-10-07T19:56:58.849583" elapsed="0.000182"/>
</kw>
<kw name="Log To Console" owner="BuiltIn">
<arg>\n🔍 Looking up configuration for hostname: ${TARGET_HOSTNAME}</arg>
<doc>Logs the given message to the console.</doc>
<status status="PASS" start="2025-10-07T19:56:58.849854" elapsed="0.000434"/>
</kw>
<kw name="Lookup Server Config" owner="EDSLookup">
<msg time="2025-10-07T19:56:58.877362" level="ERROR">Hostname 'allxdvitap01' not found in EDS sheet</msg>
<msg time="2025-10-07T19:56:58.877623" level="INFO">Available hostnames: ['alhxvdvitap01', 'alhxvdvitag01', 'alhxvqaitiap01', 'alhxvqaitiap02', 'alhxvqaitred01', 'alhxvqaitred02', 'alhxvqaitred03', 'alhxvqaitmdb01', 'alhxvqaitmdb02', 'alhxvqaitmdb03', 'alhxvqaitag01', 'alhxvqaitag02', 'alhxvpritiap01', 'alhxvpritiap02']</msg>
<msg time="2025-10-07T19:56:58.877753" level="FAIL">ValueError: CRITICAL: Hostname 'allxdvitap01' not found in EDS sheet. Cannot proceed with validation.</msg>
<var>${config}</var>
<arg>${TARGET_HOSTNAME}</arg>
<doc>Lookup server configuration from EDS sheet based on hostname</doc>
<status status="FAIL" start="2025-10-07T19:56:58.850403" elapsed="0.044623">ValueError: CRITICAL: Hostname 'allxdvitap01' not found in EDS sheet. Cannot proceed with validation.</status>
</kw>
<kw name="Set Suite Variable" owner="BuiltIn">
<arg>${TARGET_IP}</arg>
<arg>${config}[ip]</arg>
<doc>Makes a variable available everywhere within the scope of the current suite.</doc>
<status status="NOT RUN" start="2025-10-07T19:56:58.895324" elapsed="0.000029"/>
</kw>
<kw name="Set Suite Variable" owner="BuiltIn">
<arg>${TARGET_SUBNET}</arg>
<arg>${config}[subnet]</arg>
<doc>Makes a variable available everywhere within the scope of the current suite.</doc>
<status status="NOT RUN" start="2025-10-07T19:56:58.895453" elapsed="0.000017"/>
</kw>
<kw name="Set Suite Variable" owner="BuiltIn">
<arg>${TARGET_MASK}</arg>
<arg>${config}[mask]</arg>
<doc>Makes a variable available everywhere within the scope of the current suite.</doc>
<status status="NOT RUN" start="2025-10-07T19:56:58.895569" elapsed="0.000016"/>
</kw>
<kw name="Set Suite Variable" owner="BuiltIn">
<arg>${TARGET_GATEWAY}</arg>
<arg>${config}[gateway]</arg>
<doc>Makes a variable available everywhere within the scope of the current suite.</doc>
<status status="NOT RUN" start="2025-10-07T19:56:58.895667" elapsed="0.000015"/>
</kw>
<kw name="Set Suite Variable" owner="BuiltIn">
<arg>${TARGET_CNAME}</arg>
<arg>${config}[cname]</arg>
<doc>Makes a variable available everywhere within the scope of the current suite.</doc>
<status status="NOT RUN" start="2025-10-07T19:56:58.895761" elapsed="0.000015"/>
</kw>
<kw name="Set Suite Variable" owner="BuiltIn">
<arg>${TARGET_DOMAIN}</arg>
<arg>${config}[domain]</arg>
<doc>Makes a variable available everywhere within the scope of the current suite.</doc>
<status status="NOT RUN" start="2025-10-07T19:56:58.895855" elapsed="0.000014"/>
</kw>
<kw name="Log To Console" owner="BuiltIn">
<arg>\n📋 EDS Configuration for ${TARGET_HOSTNAME}:</arg>
<doc>Logs the given message to the console.</doc>
<status status="NOT RUN" start="2025-10-07T19:56:58.895956" elapsed="0.000015"/>
</kw>
<kw name="Log To Console" owner="BuiltIn">
<arg>📍 IP: ${TARGET_IP}</arg>
<doc>Logs the given message to the console.</doc>
<status status="NOT RUN" start="2025-10-07T19:56:58.896080" elapsed="0.000031"/>
</kw>
<kw name="Log To Console" owner="BuiltIn">
<arg>📍 Subnet: ${TARGET_SUBNET}</arg>
<doc>Logs the given message to the console.</doc>
<status status="NOT RUN" start="2025-10-07T19:56:58.896243" elapsed="0.000032"/>
</kw>
<kw name="Log To Console" owner="BuiltIn">
<arg>📍 Gateway: ${TARGET_GATEWAY}</arg>
<doc>Logs the given message to the console.</doc>
<status status="NOT RUN" start="2025-10-07T19:56:58.896371" elapsed="0.000016"/>
</kw>
<kw name="Log To Console" owner="BuiltIn">
<arg>📍 CNAME: ${TARGET_CNAME}</arg>
<doc>Logs the given message to the console.</doc>
<status status="NOT RUN" start="2025-10-07T19:56:58.896479" elapsed="0.000014"/>
</kw>
<kw name="Log To Console" owner="BuiltIn">
<arg>📍 Domain: ${TARGET_DOMAIN}</arg>
<doc>Logs the given message to the console.</doc>
<status status="NOT RUN" start="2025-10-07T19:56:58.896567" elapsed="0.000014"/>
</kw>
<kw name="Log To Console" owner="BuiltIn">
<arg>\n🚀 ===================================================</arg>
<doc>Logs the given message to the console.</doc>
<status status="NOT RUN" start="2025-10-07T19:56:58.896654" elapsed="0.000014"/>
</kw>
<kw name="Log To Console" owner="BuiltIn">
<arg>🌐 NETWORK VALIDATION: EDS vs SERVER COMPARISON</arg>
<doc>Logs the given message to the console.</doc>
<status status="NOT RUN" start="2025-10-07T19:56:58.896741" elapsed="0.000014"/>
</kw>
<kw name="Log To Console" owner="BuiltIn">
<arg>⚡ Test Suite: ${suite_id} (${TEST_SUITE_NAME})</arg>
<doc>Logs the given message to the console.</doc>
<status status="NOT RUN" start="2025-10-07T19:56:58.896825" elapsed="0.000014"/>
</kw>
<kw name="Log To Console" owner="BuiltIn">
<arg>═══════════════════════════════════════════════════</arg>
<doc>Logs the given message to the console.</doc>
<status status="NOT RUN" start="2025-10-07T19:56:58.896912" elapsed="0.000014"/>
</kw>
<kw name="Log To Console" owner="BuiltIn">
<arg>📅 Start Time: ${start_time}</arg>
<doc>Logs the given message to the console.</doc>
<status status="NOT RUN" start="2025-10-07T19:56:58.896995" elapsed="0.000014"/>
</kw>
<kw name="Log To Console" owner="BuiltIn">
<arg>🎯 Target Hostname: ${TARGET_HOSTNAME}</arg>
<doc>Logs the given message to the console.</doc>
<status status="NOT RUN" start="2025-10-07T19:56:58.897078" elapsed="0.000014"/>
</kw>
<kw name="Log To Console" owner="BuiltIn">
<arg>🌐 SSH Target IP: ${TARGET_IP}</arg>
<doc>Logs the given message to the console.</doc>
<status status="NOT RUN" start="2025-10-07T19:56:58.897162" elapsed="0.000024"/>
</kw>
<kw name="Log To Console" owner="BuiltIn">
<arg>📊 Suite Reports: ${TEST_REPORTS_DIR}</arg>
<doc>Logs the given message to the console.</doc>
<status status="NOT RUN" start="2025-10-07T19:56:58.897274" elapsed="0.000016"/>
</kw>
<kw name="Log To Console" owner="BuiltIn">
<arg>📊 Overall Reports: ${REPORTS_DIR}</arg>
<doc>Logs the given message to the console.</doc>
<status status="NOT RUN" start="2025-10-07T19:56:58.897371" elapsed="0.000014"/>
</kw>
<kw name="Log To Console" owner="BuiltIn">
<arg>===================================================</arg>
<doc>Logs the given message to the console.</doc>
<status status="NOT RUN" start="2025-10-07T19:56:58.897454" elapsed="0.000014"/>
</kw>
<doc>🚀 Load EDS configuration and prepare for server validation</doc>
<status status="FAIL" start="2025-10-07T19:56:58.834364" elapsed="0.063227">ValueError: CRITICAL: Hostname 'allxdvitap01' not found in EDS sheet. Cannot proceed with validation.</status>
</kw>
<test id="s1-t1" name="Critical - Hostname Validation" line="18">
<doc>🔧 SSH to server and compare hostname with EDS expectation</doc>
<tag>compliance</tag>
<tag>critical</tag>
<tag>hostname</tag>
<status status="FAIL" start="2025-10-07T19:56:58.897686" elapsed="0.000604">Parent suite setup failed:
ValueError: CRITICAL: Hostname 'allxdvitap01' not found in EDS sheet. Cannot proceed with validation.</status>
</test>
<test id="s1-t2" name="Critical - IP Address Validation" line="37">
<doc>🌐 SSH to server and compare IP configuration with EDS expectation</doc>
<tag>critical</tag>
<tag>ip</tag>
<tag>networking</tag>
<status status="FAIL" start="2025-10-07T19:56:58.898836" elapsed="0.000477">Parent suite setup failed:
ValueError: CRITICAL: Hostname 'allxdvitap01' not found in EDS sheet. Cannot proceed with validation.</status>
</test>
<test id="s1-t3" name="Critical - Subnet Validation" line="56">
<doc>🌍 SSH to server and compare subnet configuration with EDS expectation</doc>
<tag>critical</tag>
<tag>networking</tag>
<tag>subnet</tag>
<status status="FAIL" start="2025-10-07T19:56:58.899696" elapsed="0.000379">Parent suite setup failed:
ValueError: CRITICAL: Hostname 'allxdvitap01' not found in EDS sheet. Cannot proceed with validation.</status>
</test>
<test id="s1-t4" name="Critical - Gateway Validation" line="75">
<doc>🛣️ SSH to server and compare gateway configuration with EDS expectation</doc>
<tag>critical</tag>
<tag>gateway</tag>
<tag>networking</tag>
<status status="FAIL" start="2025-10-07T19:56:58.900660" elapsed="0.000444">Parent suite setup failed:
ValueError: CRITICAL: Hostname 'allxdvitap01' not found in EDS sheet. Cannot proceed with validation.</status>
</test>
<test id="s1-t5" name="Critical - DNS Name Validation" line="94">
<doc>🌐 SSH to server and compare DNS configuration with EDS expectation</doc>
<tag>critical</tag>
<tag>dns</tag>
<tag>hostname</tag>
<status status="FAIL" start="2025-10-07T19:56:58.901647" elapsed="0.000357">Parent suite setup failed:
ValueError: CRITICAL: Hostname 'allxdvitap01' not found in EDS sheet. Cannot proceed with validation.</status>
</test>
<test id="s1-t6" name="Normal - NTP Configuration Validation" line="117">
<doc>📈 SSH to server and validate NTP service is running</doc>
<tag>normal</tag>
<tag>ntp</tag>
<tag>time</tag>
<status status="FAIL" start="2025-10-07T19:56:58.902517" elapsed="0.000355">Parent suite setup failed:
ValueError: CRITICAL: Hostname 'allxdvitap01' not found in EDS sheet. Cannot proceed with validation.</status>
</test>
<kw name="Generate Executive Summary" owner="network_keywords" type="TEARDOWN">
<kw name="Get Current Date" owner="DateTime">
<msg time="2025-10-07T19:56:58.904488" level="INFO">${end_time} = 2025-10-07 19:56:58</msg>
<var>${end_time}</var>
<arg>result_format=%Y-%m-%d %H:%M:%S</arg>
<doc>Returns current local or UTC time with an optional increment.</doc>
<status status="PASS" start="2025-10-07T19:56:58.904130" elapsed="0.000410"/>
</kw>
<kw name="Subtract Date From Date" owner="DateTime">
<msg time="2025-10-07T19:56:58.905668" level="INFO">${duration} = 0.0</msg>
<var>${duration}</var>
<arg>${end_time}</arg>
<arg>${TEST_START_TIME}</arg>
<doc>Subtracts date from another date and returns time between.</doc>
<status status="PASS" start="2025-10-07T19:56:58.904695" elapsed="0.001012"/>
</kw>
<kw name="Close All Connections" owner="SSHLibrary">
<doc>Closes all open connections.</doc>
<status status="PASS" start="2025-10-07T19:56:58.905852" elapsed="0.000110"/>
</kw>
<kw name="Log To Console" owner="BuiltIn">
<arg>\n🎯 ═══════════════════════════════════════════════════════════════</arg>
<doc>Logs the given message to the console.</doc>
<status status="PASS" start="2025-10-07T19:56:58.906092" elapsed="0.000301"/>
</kw>
<kw name="Log To Console" owner="BuiltIn">
<arg>📊 EXECUTIVE SUMMARY - ${TEST_SUITE_ID} EDS vs SERVER VALIDATION</arg>
<doc>Logs the given message to the console.</doc>
<status status="PASS" start="2025-10-07T19:56:58.906594" elapsed="0.000386"/>
</kw>
<kw name="Log To Console" owner="BuiltIn">
<arg>═══════════════════════════════════════════════════════════════</arg>
<doc>Logs the given message to the console.</doc>
<status status="PASS" start="2025-10-07T19:56:58.907140" elapsed="0.000267"/>
</kw>
<kw name="Log To Console" owner="BuiltIn">
<arg>⏱️ Duration: ${duration} seconds</arg>
<doc>Logs the given message to the console.</doc>
<status status="PASS" start="2025-10-07T19:56:58.907602" elapsed="0.000433"/>
</kw>
<kw name="Log To Console" owner="BuiltIn">
<arg>🎯 Target: ${TARGET_HOSTNAME} (${TARGET_IP})</arg>
<doc>Logs the given message to the console.</doc>
<status status="PASS" start="2025-10-07T19:56:58.908259" elapsed="0.000371"/>
</kw>
<kw name="Log To Console" owner="BuiltIn">
<arg>📋 EDS Data: Successfully loaded and compared</arg>
<doc>Logs the given message to the console.</doc>
<status status="PASS" start="2025-10-07T19:56:58.908876" elapsed="0.000296"/>
</kw>
<kw name="Log To Console" owner="BuiltIn">
<arg>🔌 SSH Connection: Used for server validation</arg>
<doc>Logs the given message to the console.</doc>
<status status="PASS" start="2025-10-07T19:56:58.909334" elapsed="0.000222"/>
</kw>
<kw name="Log To Console" owner="BuiltIn">
<arg>📊 Suite Reports: ${TEST_REPORTS_DIR}</arg>
<doc>Logs the given message to the console.</doc>
<status status="PASS" start="2025-10-07T19:56:58.909684" elapsed="0.000238"/>
</kw>
<kw name="Log To Console" owner="BuiltIn">
<arg>📊 Overall Reports: ${REPORTS_DIR}</arg>
<doc>Logs the given message to the console.</doc>
<status status="PASS" start="2025-10-07T19:56:58.910077" elapsed="0.000273"/>
</kw>
<kw name="Log To Console" owner="BuiltIn">
<arg>🏆 Overall Status: TEST COMPLETED</arg>
<doc>Logs the given message to the console.</doc>
<status status="PASS" start="2025-10-07T19:56:58.910509" elapsed="0.000201"/>
</kw>
<kw name="Log To Console" owner="BuiltIn">
<arg>═══════════════════════════════════════════════════════════════</arg>
<doc>Logs the given message to the console.</doc>
<status status="PASS" start="2025-10-07T19:56:58.910858" elapsed="0.000352"/>
</kw>
<doc>Generate test summary and close connections</doc>
<status status="PASS" start="2025-10-07T19:56:58.903859" elapsed="0.007480"/>
</kw>
<doc>🌐 Hostname Validation Test Suite - Test-3
🔍 Process: Find hostname in EDS → SSH to IP → Compare server vs EDS
✅ Pass if server matches EDS, ❌ Fail if mismatch</doc>
<status status="FAIL" start="2025-10-07T19:56:47.543177" elapsed="11.368250">Suite setup failed:
ValueError: CRITICAL: Hostname 'allxdvitap01' not found in EDS sheet. Cannot proceed with validation.</status>
</suite>
<statistics>
<total>
<stat pass="0" fail="6" skip="0">All Tests</stat>
</total>
<tag>
<stat pass="0" fail="1" skip="0">compliance</stat>
<stat pass="0" fail="5" skip="0">critical</stat>
<stat pass="0" fail="1" skip="0">dns</stat>
<stat pass="0" fail="1" skip="0">gateway</stat>
<stat pass="0" fail="2" skip="0">hostname</stat>
<stat pass="0" fail="1" skip="0">ip</stat>
<stat pass="0" fail="3" skip="0">networking</stat>
<stat pass="0" fail="1" skip="0">normal</stat>
<stat pass="0" fail="1" skip="0">ntp</stat>
<stat pass="0" fail="1" skip="0">subnet</stat>
<stat pass="0" fail="1" skip="0">time</stat>
</tag>
<suite>
<stat name="Network Validation" id="s1" pass="0" fail="6" skip="0">Network Validation</stat>
</suite>
</statistics>
<errors>
<msg time="2025-10-07T19:56:58.877362" level="ERROR">Hostname 'allxdvitap01' not found in EDS sheet</msg>
</errors>
</robot>
