<?xml version="1.0" encoding="UTF-8"?>
<robot generator="Robot 7.3.2 (Python 3.13.8 on win32)" generated="2025-10-08T22:29:55.189993" rpa="false" schemaversion="5">
<suite id="s1" name="Vm Validation" source="C:\Users\write\project_2025\robot\robotframework\tests\test4_vm_validation\vm_validation.robot">
<kw name="Initialize VM Test Environment And Lookup Configuration" owner="variables" type="SETUP">
<kw name="Log" owner="BuiltIn">
<msg time="2025-10-08T22:29:55.780106" level="INFO">🚀 Initializing VM Validation Test Suite (Test-4)</msg>
<arg>🚀 Initializing VM Validation Test Suite (Test-4)</arg>
<arg>console=yes</arg>
<doc>Logs the given message with the given level.</doc>
<status status="PASS" start="2025-10-08T22:29:55.779949" elapsed="0.000299"/>
</kw>
<kw name="Log" owner="BuiltIn">
<msg time="2025-10-08T22:29:55.780511" level="INFO">🎯 Target VM: allxdvitap01</msg>
<arg>🎯 Target VM: ${TARGET_HOSTNAME}</arg>
<arg>console=yes</arg>
<doc>Logs the given message with the given level.</doc>
<status status="PASS" start="2025-10-08T22:29:55.780376" elapsed="0.000268"/>
</kw>
<kw name="Lookup Server Config" owner="EDSLookup">
<msg time="2025-10-08T22:29:55.794708" level="ERROR">Hostname 'allxdvitap01' not found in EDS sheet</msg>
<msg time="2025-10-08T22:29:55.794953" level="INFO">Available hostnames: ['alhxvdvitap01', 'alhxvdvitag01', 'alhxvqaitiap01', 'alhxvqaitiap02', 'alhxvqaitred01', 'alhxvqaitred02', 'alhxvqaitred03', 'alhxvqaitmdb01', 'alhxvqaitmdb02', 'alhxvqaitmdb03', 'alhxvqaitag01', 'alhxvqaitag02', 'alhxvpritiap01', 'alhxvpritiap02']</msg>
<msg time="2025-10-08T22:29:55.795113" level="FAIL">ValueError: CRITICAL: Hostname 'allxdvitap01' not found in EDS sheet. Cannot proceed with validation.</msg>
<var>${eds_config}</var>
<arg>${TARGET_HOSTNAME}</arg>
<doc>Lookup server configuration from EDS sheet based on hostname</doc>
<status status="FAIL" start="2025-10-08T22:29:55.780758" elapsed="0.015312">ValueError: CRITICAL: Hostname 'allxdvitap01' not found in EDS sheet. Cannot proceed with validation.</status>
</kw>
<kw name="Set Suite Variable" owner="BuiltIn">
<arg>${TARGET_VXRAIL_CLUSTER}</arg>
<arg>${eds_config['vxrail_cluster']}</arg>
<doc>Makes a variable available everywhere within the scope of the current suite.</doc>
<status status="NOT RUN" start="2025-10-08T22:29:55.796270" elapsed="0.000025"/>
</kw>
<kw name="Set Variable" owner="BuiltIn">
<var>${vcenter_from_eds}</var>
<arg>${eds_config['vcenter_host']}</arg>
<doc>Returns the given values which can then be assigned to a variables.</doc>
<status status="NOT RUN" start="2025-10-08T22:29:55.796379" elapsed="0.000015"/>
</kw>
<kw name="Run Keyword If" owner="BuiltIn">
<var>${final_vcenter_host}</var>
<arg>'${vcenter_from_eds}' == 'N/A'</arg>
<arg>Set Variable</arg>
<arg>${DEFAULT_VCENTER_HOST}</arg>
<arg>ELSE</arg>
<arg>Set Variable</arg>
<arg>${vcenter_from_eds}</arg>
<doc>Runs the given keyword with the given arguments, if ``condition`` is true.</doc>
<status status="NOT RUN" start="2025-10-08T22:29:55.796474" elapsed="0.000014"/>
</kw>
<kw name="Set Suite Variable" owner="BuiltIn">
<arg>${TARGET_VCENTER_HOST}</arg>
<arg>${final_vcenter_host}</arg>
<doc>Makes a variable available everywhere within the scope of the current suite.</doc>
<status status="NOT RUN" start="2025-10-08T22:29:55.796569" elapsed="0.000013"/>
</kw>
<kw name="Set Suite Variable" owner="BuiltIn">
<arg>${TARGET_VM_CPU_CORES}</arg>
<arg>${eds_config['cpu_cores']}</arg>
<doc>Makes a variable available everywhere within the scope of the current suite.</doc>
<status status="NOT RUN" start="2025-10-08T22:29:55.796652" elapsed="0.000014"/>
</kw>
<kw name="Set Suite Variable" owner="BuiltIn">
<arg>${TARGET_VM_RAM}</arg>
<arg>${eds_config['ram']}</arg>
<doc>Makes a variable available everywhere within the scope of the current suite.</doc>
<status status="NOT RUN" start="2025-10-08T22:29:55.796734" elapsed="0.000012"/>
</kw>
<kw name="Set Suite Variable" owner="BuiltIn">
<arg>${TARGET_VM_HARDWARE_VERSION}</arg>
<arg>${eds_config['vm_hardware_version']}</arg>
<doc>Makes a variable available everywhere within the scope of the current suite.</doc>
<status status="NOT RUN" start="2025-10-08T22:29:55.796815" elapsed="0.000012"/>
</kw>
<kw name="Set Suite Variable" owner="BuiltIn">
<arg>${TARGET_VM_MEMORY_RESERVATION}</arg>
<arg>${eds_config['vm_memory_reservation']}</arg>
<doc>Makes a variable available everywhere within the scope of the current suite.</doc>
<status status="NOT RUN" start="2025-10-08T22:29:55.796892" elapsed="0.000013"/>
</kw>
<kw name="Set Suite Variable" owner="BuiltIn">
<arg>${TARGET_VM_CPU_RESERVATION}</arg>
<arg>${eds_config['vm_cpu_reservation']}</arg>
<doc>Makes a variable available everywhere within the scope of the current suite.</doc>
<status status="NOT RUN" start="2025-10-08T22:29:55.796971" elapsed="0.000012"/>
</kw>
<kw name="Get Environment Variable" owner="OperatingSystem">
<var>${env_vcenter_user}</var>
<arg>VCENTER_USERNAME</arg>
<arg>${VCENTER_USERNAME}</arg>
<doc>Returns the value of an environment variable with the given name.</doc>
<status status="NOT RUN" start="2025-10-08T22:29:55.797196" elapsed="0.000018"/>
</kw>
<kw name="Get Environment Variable" owner="OperatingSystem">
<var>${env_vcenter_pass}</var>
<arg>VCENTER_PASSWORD</arg>
<arg>${VCENTER_PASSWORD}</arg>
<doc>Returns the value of an environment variable with the given name.</doc>
<status status="NOT RUN" start="2025-10-08T22:29:55.797293" elapsed="0.000014"/>
</kw>
<kw name="Set Suite Variable" owner="BuiltIn">
<arg>${VCENTER_USERNAME}</arg>
<arg>${env_vcenter_user}</arg>
<doc>Makes a variable available everywhere within the scope of the current suite.</doc>
<status status="NOT RUN" start="2025-10-08T22:29:55.797390" elapsed="0.000013"/>
</kw>
<kw name="Set Suite Variable" owner="BuiltIn">
<arg>${VCENTER_PASSWORD}</arg>
<arg>${env_vcenter_pass}</arg>
<doc>Makes a variable available everywhere within the scope of the current suite.</doc>
<status status="NOT RUN" start="2025-10-08T22:29:55.797472" elapsed="0.000012"/>
</kw>
<kw name="Log" owner="BuiltIn">
<arg>📋 EDS Configuration Retrieved:</arg>
<arg>console=yes</arg>
<doc>Logs the given message with the given level.</doc>
<status status="NOT RUN" start="2025-10-08T22:29:55.797547" elapsed="0.000035"/>
</kw>
<kw name="Log" owner="BuiltIn">
<arg>📋 - VxRail Cluster: ${TARGET_VXRAIL_CLUSTER}</arg>
<arg>console=yes</arg>
<doc>Logs the given message with the given level.</doc>
<status status="NOT RUN" start="2025-10-08T22:29:55.797649" elapsed="0.000012"/>
</kw>
<kw name="Log" owner="BuiltIn">
<arg>📋 - vCenter Host: ${TARGET_VCENTER_HOST}</arg>
<arg>console=yes</arg>
<doc>Logs the given message with the given level.</doc>
<status status="NOT RUN" start="2025-10-08T22:29:55.797723" elapsed="0.000012"/>
</kw>
<kw name="Log" owner="BuiltIn">
<arg>📋 - CPU Cores: ${TARGET_VM_CPU_CORES}</arg>
<arg>console=yes</arg>
<doc>Logs the given message with the given level.</doc>
<status status="NOT RUN" start="2025-10-08T22:29:55.797797" elapsed="0.000013"/>
</kw>
<kw name="Log" owner="BuiltIn">
<arg>📋 - RAM: ${TARGET_VM_RAM}</arg>
<arg>console=yes</arg>
<doc>Logs the given message with the given level.</doc>
<status status="NOT RUN" start="2025-10-08T22:29:55.797876" elapsed="0.000013"/>
</kw>
<kw name="Log" owner="BuiltIn">
<arg>📋 - Hardware Version: ${TARGET_VM_HARDWARE_VERSION}</arg>
<arg>console=yes</arg>
<doc>Logs the given message with the given level.</doc>
<status status="NOT RUN" start="2025-10-08T22:29:55.797953" elapsed="0.000013"/>
</kw>
<kw name="Log" owner="BuiltIn">
<arg>✅ VM Test Environment Initialized</arg>
<arg>console=yes</arg>
<doc>Logs the given message with the given level.</doc>
<status status="NOT RUN" start="2025-10-08T22:29:55.798026" elapsed="0.000011"/>
</kw>
<doc>Initialize test environment and lookup VM configuration from EDS</doc>
<status status="FAIL" start="2025-10-08T22:29:55.779457" elapsed="0.018691">ValueError: CRITICAL: Hostname 'allxdvitap01' not found in EDS sheet. Cannot proceed with validation.</status>
</kw>
<test id="s1-t1" name="Critical - vCenter API Connection" line="21">
<doc>🔌 Establish API connection to vCenter and retrieve VM details</doc>
<tag>api</tag>
<tag>connection</tag>
<tag>critical</tag>
<tag>vcenter</tag>
<status status="FAIL" start="2025-10-08T22:29:55.798373" elapsed="0.000487">Parent suite setup failed:
ValueError: CRITICAL: Hostname 'allxdvitap01' not found in EDS sheet. Cannot proceed with validation.</status>
</test>
<test id="s1-t2" name="Critical - VM Cluster Placement Validation" line="48">
<doc>🏢 Validate VM is placed in the correct VxRail cluster per EDS specification</doc>
<tag>cluster</tag>
<tag>compliance</tag>
<tag>critical</tag>
<tag>placement</tag>
<status status="FAIL" start="2025-10-08T22:29:55.799431" elapsed="0.000392">Parent suite setup failed:
ValueError: CRITICAL: Hostname 'allxdvitap01' not found in EDS sheet. Cannot proceed with validation.</status>
</test>
<test id="s1-t3" name="Critical - VM CPU Configuration Validation" line="62">
<doc>💻 Validate VM CPU allocation matches EDS specification</doc>
<tag>compliance</tag>
<tag>cpu</tag>
<tag>critical</tag>
<tag>hardware</tag>
<status status="FAIL" start="2025-10-08T22:29:55.800268" elapsed="0.000414">Parent suite setup failed:
ValueError: CRITICAL: Hostname 'allxdvitap01' not found in EDS sheet. Cannot proceed with validation.</status>
</test>
<test id="s1-t4" name="Critical - VM Memory Configuration Validation" line="76">
<doc>🧠 Validate VM memory allocation matches EDS specification</doc>
<tag>compliance</tag>
<tag>critical</tag>
<tag>hardware</tag>
<tag>memory</tag>
<status status="FAIL" start="2025-10-08T22:29:55.801205" elapsed="0.000429">Parent suite setup failed:
ValueError: CRITICAL: Hostname 'allxdvitap01' not found in EDS sheet. Cannot proceed with validation.</status>
</test>
<test id="s1-t5" name="Critical - VM Hardware Version Validation" line="90">
<doc>⚙️ Validate VM hardware version matches EDS specification</doc>
<tag>compliance</tag>
<tag>critical</tag>
<tag>hardware</tag>
<tag>version</tag>
<status status="FAIL" start="2025-10-08T22:29:55.802065" elapsed="0.000366">Parent suite setup failed:
ValueError: CRITICAL: Hostname 'allxdvitap01' not found in EDS sheet. Cannot proceed with validation.</status>
</test>
<test id="s1-t6" name="Critical - VM Network Adapter Validation" line="104">
<doc>🌐 Validate VM network adapter configuration</doc>
<tag>adapters</tag>
<tag>compliance</tag>
<tag>critical</tag>
<tag>network</tag>
<status status="FAIL" start="2025-10-08T22:29:55.802910" elapsed="0.000336">Parent suite setup failed:
ValueError: CRITICAL: Hostname 'allxdvitap01' not found in EDS sheet. Cannot proceed with validation.</status>
</test>
<test id="s1-t7" name="Critical - VM Disk Configuration Validation" line="118">
<doc>💾 Validate VM disk configuration and capacity</doc>
<tag>compliance</tag>
<tag>critical</tag>
<tag>disk</tag>
<tag>storage</tag>
<status status="FAIL" start="2025-10-08T22:29:55.803674" elapsed="0.000361">Parent suite setup failed:
ValueError: CRITICAL: Hostname 'allxdvitap01' not found in EDS sheet. Cannot proceed with validation.</status>
</test>
<test id="s1-t8" name="Normal - VM Properties Comprehensive Review" line="132">
<doc>📋 Review all VM properties and configuration details</doc>
<tag>analysis</tag>
<tag>normal</tag>
<tag>properties</tag>
<tag>review</tag>
<status status="FAIL" start="2025-10-08T22:29:55.804465" elapsed="0.000415">Parent suite setup failed:
ValueError: CRITICAL: Hostname 'allxdvitap01' not found in EDS sheet. Cannot proceed with validation.</status>
</test>
<kw name="Generate VM Executive Summary And Disconnect" type="TEARDOWN">
<kw name="Generate VM Executive Summary" owner="variables">
<kw name="Log" owner="BuiltIn">
<msg time="2025-10-08T22:29:55.806475" level="INFO">📊 Generating VM Validation Executive Summary...</msg>
<arg>📊 Generating VM Validation Executive Summary...</arg>
<arg>console=yes</arg>
<doc>Logs the given message with the given level.</doc>
<status status="PASS" start="2025-10-08T22:29:55.806330" elapsed="0.000293"/>
</kw>
<kw name="Set Variable" owner="BuiltIn">
<msg time="2025-10-08T22:29:55.806954" level="INFO">${summary_file} = C:\Users\write\project_2025\robot\robotframework\results\test4_vm_validation/Test4_VM_Validation_Executive_Summary.txt</msg>
<var>${summary_file}</var>
<arg>${OUTPUT_DIR}/Test4_VM_Validation_Executive_Summary.txt</arg>
<doc>Returns the given values which can then be assigned to a variables.</doc>
<status status="PASS" start="2025-10-08T22:29:55.806741" elapsed="0.000237"/>
</kw>
<kw name="Catenate" owner="BuiltIn">
<msg time="2025-10-08T22:29:55.808813" level="INFO">${summary} = ========================================
VM VALIDATION TEST - EXECUTIVE SUMMARY
========================================

Test Suite: Test-4 VM Validation
Target VM: allxdvitap01

EDS CONFIGURATION:
-...</msg>
<var>${summary}</var>
<arg>SEPARATOR=\n</arg>
<arg>========================================</arg>
<arg>VM VALIDATION TEST - EXECUTIVE SUMMARY</arg>
<arg>========================================</arg>
<arg>${EMPTY}</arg>
<arg>Test Suite: Test-4 VM Validation</arg>
<arg>Target VM: ${TARGET_HOSTNAME}</arg>
<arg>${EMPTY}</arg>
<arg>EDS CONFIGURATION:</arg>
<arg>- VxRail Cluster: ${TARGET_VXRAIL_CLUSTER}</arg>
<arg>- vCenter Host: ${TARGET_VCENTER_HOST}</arg>
<arg>- Expected CPU Cores: ${TARGET_VM_CPU_CORES}</arg>
<arg>- Expected RAM: ${TARGET_VM_RAM}</arg>
<arg>- Expected Hardware Version: ${TARGET_VM_HARDWARE_VERSION}</arg>
<arg>- Memory Reservation: ${TARGET_VM_MEMORY_RESERVATION}</arg>
<arg>- CPU Reservation: ${TARGET_VM_CPU_RESERVATION}</arg>
<arg>${EMPTY}</arg>
<arg>VALIDATION STATUS:</arg>
<arg>- See detailed test report for validation results</arg>
<arg>${EMPTY}</arg>
<arg>========================================</arg>
<doc>Catenates the given items together and returns the resulted string.</doc>
<status status="PASS" start="2025-10-08T22:29:55.807066" elapsed="0.001775"/>
</kw>
<kw name="Create File" owner="OperatingSystem">
<msg time="2025-10-08T22:29:55.809689" level="INFO" html="true">Created file '&lt;a href="file://C:\Users\write\project_2025\robot\robotframework\results\test4_vm_validation\Test4_VM_Validation_Executive_Summary.txt"&gt;C:\Users\write\project_2025\robot\robotframework\results\test4_vm_validation\Test4_VM_Validation_Executive_Summary.txt&lt;/a&gt;'.</msg>
<arg>${summary_file}</arg>
<arg>${summary}</arg>
<doc>Creates a file with the given content and encoding.</doc>
<status status="PASS" start="2025-10-08T22:29:55.808979" elapsed="0.000770"/>
</kw>
<kw name="Log" owner="BuiltIn">
<msg time="2025-10-08T22:29:55.810006" level="INFO">✅ Executive Summary generated: C:\Users\write\project_2025\robot\robotframework\results\test4_vm_validation/Test4_VM_Validation_Executive_Summary.txt</msg>
<arg>✅ Executive Summary generated: ${summary_file}</arg>
<arg>console=yes</arg>
<doc>Logs the given message with the given level.</doc>
<status status="PASS" start="2025-10-08T22:29:55.809851" elapsed="0.000614"/>
</kw>
<doc>Generate executive summary for VM validation test results</doc>
<status status="PASS" start="2025-10-08T22:29:55.806178" elapsed="0.004382"/>
</kw>
<kw name="Disconnect From vCenter" owner="vm_keywords">
<kw name="Disconnect From vCenter" owner="vm_keywords">
<kw name="Disconnect From vCenter" owner="vm_keywords">
<kw name="Disconnect From vCenter" owner="vm_keywords">
<kw name="Disconnect From vCenter" owner="vm_keywords">
<kw name="Disconnect From vCenter" owner="vm_keywords">
<kw name="Disconnect From vCenter" owner="vm_keywords">
<kw name="Disconnect From vCenter" owner="vm_keywords">
<kw name="Disconnect From vCenter" owner="vm_keywords">
<kw name="Disconnect From vCenter" owner="vm_keywords">
<kw name="Disconnect From vCenter" owner="vm_keywords">
<kw name="Disconnect From vCenter" owner="vm_keywords">
<kw name="Disconnect From vCenter" owner="vm_keywords">
<kw name="Disconnect From vCenter" owner="vm_keywords">
<kw name="Disconnect From vCenter" owner="vm_keywords">
<kw name="Disconnect From vCenter" owner="vm_keywords">
<kw name="Disconnect From vCenter" owner="vm_keywords">
<kw name="Disconnect From vCenter" owner="vm_keywords">
<kw name="Disconnect From vCenter" owner="vm_keywords">
<kw name="Disconnect From vCenter" owner="vm_keywords">
<kw name="Disconnect From vCenter" owner="vm_keywords">
<kw name="Disconnect From vCenter" owner="vm_keywords">
<kw name="Disconnect From vCenter" owner="vm_keywords">
<kw name="Disconnect From vCenter" owner="vm_keywords">
<kw name="Disconnect From vCenter" owner="vm_keywords">
<kw name="Disconnect From vCenter" owner="vm_keywords">
<kw name="Disconnect From vCenter" owner="vm_keywords">
<kw name="Disconnect From vCenter" owner="vm_keywords">
<kw name="Disconnect From vCenter" owner="vm_keywords">
<kw name="Disconnect From vCenter" owner="vm_keywords">
<kw name="Disconnect From vCenter" owner="vm_keywords">
<kw name="Disconnect From vCenter" owner="vm_keywords">
<kw name="Disconnect From vCenter" owner="vm_keywords">
<kw name="Disconnect From vCenter" owner="vm_keywords">
<kw name="Disconnect From vCenter" owner="vm_keywords">
<kw name="Disconnect From vCenter" owner="vm_keywords">
<kw name="Disconnect From vCenter" owner="vm_keywords">
<kw name="Disconnect From vCenter" owner="vm_keywords">
<kw name="Disconnect From vCenter" owner="vm_keywords">
<kw name="Disconnect From vCenter" owner="vm_keywords">
<kw name="Disconnect From vCenter" owner="vm_keywords">
<kw name="Disconnect From vCenter" owner="vm_keywords">
<kw name="Disconnect From vCenter" owner="vm_keywords">
<kw name="Disconnect From vCenter" owner="vm_keywords">
<kw name="Disconnect From vCenter" owner="vm_keywords">
<kw name="Disconnect From vCenter" owner="vm_keywords">
<kw name="Disconnect From vCenter" owner="vm_keywords">
<kw name="Disconnect From vCenter" owner="vm_keywords">
<kw name="Disconnect From vCenter" owner="vm_keywords">
<kw name="Disconnect From vCenter" owner="vm_keywords">
<kw name="Disconnect From vCenter" owner="vm_keywords">
<kw name="Disconnect From vCenter" owner="vm_keywords">
<kw name="Disconnect From vCenter" owner="vm_keywords">
<kw name="Disconnect From vCenter" owner="vm_keywords">
<kw name="Disconnect From vCenter" owner="vm_keywords">
<kw name="Disconnect From vCenter" owner="vm_keywords">
<kw name="Disconnect From vCenter" owner="vm_keywords">
<kw name="Disconnect From vCenter" owner="vm_keywords">
<kw name="Disconnect From vCenter" owner="vm_keywords">
<kw name="Disconnect From vCenter" owner="vm_keywords">
<kw name="Disconnect From vCenter" owner="vm_keywords">
<kw name="Disconnect From vCenter" owner="vm_keywords">
<kw name="Disconnect From vCenter" owner="vm_keywords">
<kw name="Disconnect From vCenter" owner="vm_keywords">
<kw name="Disconnect From vCenter" owner="vm_keywords">
<kw name="Disconnect From vCenter" owner="vm_keywords">
<kw name="Disconnect From vCenter" owner="vm_keywords">
<kw name="Disconnect From vCenter" owner="vm_keywords">
<kw name="Disconnect From vCenter" owner="vm_keywords">
<kw name="Disconnect From vCenter" owner="vm_keywords">
<kw name="Disconnect From vCenter" owner="vm_keywords">
<kw name="Disconnect From vCenter" owner="vm_keywords">
<kw name="Disconnect From vCenter" owner="vm_keywords">
<kw name="Disconnect From vCenter" owner="vm_keywords">
<kw name="Disconnect From vCenter" owner="vm_keywords">
<kw name="Disconnect From vCenter" owner="vm_keywords">
<kw name="Disconnect From vCenter" owner="vm_keywords">
<kw name="Disconnect From vCenter" owner="vm_keywords">
<kw name="Disconnect From vCenter" owner="vm_keywords">
<kw name="Disconnect From vCenter" owner="vm_keywords">
<kw name="Disconnect From vCenter" owner="vm_keywords">
<kw name="Disconnect From vCenter" owner="vm_keywords">
<kw name="Disconnect From vCenter" owner="vm_keywords">
<kw name="Disconnect From vCenter" owner="vm_keywords">
<kw name="Disconnect From vCenter" owner="vm_keywords">
<kw name="Disconnect From vCenter" owner="vm_keywords">
<kw name="Disconnect From vCenter" owner="vm_keywords">
<kw name="Disconnect From vCenter" owner="vm_keywords">
<kw name="Disconnect From vCenter" owner="vm_keywords">
<kw name="Disconnect From vCenter" owner="vm_keywords">
<kw name="Disconnect From vCenter" owner="vm_keywords">
<kw name="Disconnect From vCenter" owner="vm_keywords">
<kw name="Disconnect From vCenter" owner="vm_keywords">
<kw name="Disconnect From vCenter" owner="vm_keywords">
<kw name="Disconnect From vCenter" owner="vm_keywords">
<kw name="Disconnect From vCenter" owner="vm_keywords">
<kw name="Disconnect From vCenter" owner="vm_keywords">
<kw name="Disconnect From vCenter" owner="vm_keywords">
<kw name="Disconnect From vCenter" owner="vm_keywords">
<kw name="Disconnect From vCenter" owner="vm_keywords">
<kw name="Disconnect From vCenter" owner="vm_keywords">
<kw name="Disconnect From vCenter" owner="vm_keywords">
<kw name="Disconnect From vCenter" owner="vm_keywords">
<kw name="Disconnect From vCenter" owner="vm_keywords">
<kw name="Disconnect From vCenter" owner="vm_keywords">
<kw name="Disconnect From vCenter" owner="vm_keywords">
<kw name="Disconnect From vCenter" owner="vm_keywords">
<kw name="Disconnect From vCenter" owner="vm_keywords">
<kw name="Disconnect From vCenter" owner="vm_keywords">
<kw name="Disconnect From vCenter" owner="vm_keywords">
<kw name="Disconnect From vCenter" owner="vm_keywords">
<kw name="Disconnect From vCenter" owner="vm_keywords">
<kw name="Disconnect From vCenter" owner="vm_keywords">
<kw name="Disconnect From vCenter" owner="vm_keywords">
<kw name="Disconnect From vCenter" owner="vm_keywords">
<kw name="Disconnect From vCenter" owner="vm_keywords">
<kw name="Disconnect From vCenter" owner="vm_keywords">
<kw name="Disconnect From vCenter" owner="vm_keywords">
<kw name="Disconnect From vCenter" owner="vm_keywords">
<kw name="Disconnect From vCenter" owner="vm_keywords">
<kw name="Disconnect From vCenter" owner="vm_keywords">
<kw name="Disconnect From vCenter" owner="vm_keywords">
<kw name="Disconnect From vCenter" owner="vm_keywords">
<kw name="Disconnect From vCenter" owner="vm_keywords">
<kw name="Disconnect From vCenter" owner="vm_keywords">
<kw name="Disconnect From vCenter" owner="vm_keywords">
<kw name="Disconnect From vCenter" owner="vm_keywords">
<kw name="Disconnect From vCenter" owner="vm_keywords">
<kw name="Disconnect From vCenter" owner="vm_keywords">
<kw name="Disconnect From vCenter" owner="vm_keywords">
<kw name="Disconnect From vCenter" owner="vm_keywords">
<kw name="Disconnect From vCenter" owner="vm_keywords">
<kw name="Disconnect From vCenter" owner="vm_keywords">
<kw name="Disconnect From vCenter" owner="vm_keywords">
<kw name="Disconnect From vCenter" owner="vm_keywords">
<kw name="Disconnect From vCenter" owner="vm_keywords">
<kw name="Disconnect From vCenter" owner="vm_keywords">
<kw name="Disconnect From vCenter" owner="vm_keywords">
<kw name="Disconnect From vCenter" owner="vm_keywords">
<kw name="Disconnect From vCenter" owner="vm_keywords">
<kw name="Disconnect From vCenter" owner="vm_keywords">
<kw name="Disconnect From vCenter" owner="vm_keywords">
<kw name="Disconnect From vCenter" owner="vm_keywords">
<kw name="Disconnect From vCenter" owner="vm_keywords">
<kw name="Disconnect From vCenter" owner="vm_keywords">
<kw name="Disconnect From vCenter" owner="vm_keywords">
<kw name="Disconnect From vCenter" owner="vm_keywords">
<msg time="2025-10-08T22:29:55.832312" level="FAIL">Recursive execution stopped.</msg>
<doc>Disconnect from vCenter API session</doc>
<status status="FAIL" start="2025-10-08T22:29:55.832041" elapsed="0.000311">Recursive execution stopped.</status>
</kw>
<kw name="Log" owner="BuiltIn">
<msg time="2025-10-08T22:29:55.832677" level="INFO">🔌 Disconnected from vCenter API</msg>
<arg>🔌 Disconnected from vCenter API</arg>
<arg>console=yes</arg>
<doc>Logs the given message with the given level.</doc>
<status status="PASS" start="2025-10-08T22:29:55.832525" elapsed="0.000364"/>
</kw>
<doc>Disconnect from vCenter API session</doc>
<status status="FAIL" start="2025-10-08T22:29:55.831925" elapsed="0.001234">Recursive execution stopped.</status>
</kw>
<kw name="Log" owner="BuiltIn">
<msg time="2025-10-08T22:29:55.833582" level="INFO">🔌 Disconnected from vCenter API</msg>
<arg>🔌 Disconnected from vCenter API</arg>
<arg>console=yes</arg>
<doc>Logs the given message with the given level.</doc>
<status status="PASS" start="2025-10-08T22:29:55.833443" elapsed="0.000304"/>
</kw>
<doc>Disconnect from vCenter API session</doc>
<status status="FAIL" start="2025-10-08T22:29:55.831811" elapsed="0.002166">Recursive execution stopped.</status>
</kw>
<kw name="Log" owner="BuiltIn">
<msg time="2025-10-08T22:29:55.834225" level="INFO">🔌 Disconnected from vCenter API</msg>
<arg>🔌 Disconnected from vCenter API</arg>
<arg>console=yes</arg>
<doc>Logs the given message with the given level.</doc>
<status status="PASS" start="2025-10-08T22:29:55.834122" elapsed="0.000240"/>
</kw>
<doc>Disconnect from vCenter API session</doc>
<status status="FAIL" start="2025-10-08T22:29:55.831700" elapsed="0.002892">Recursive execution stopped.</status>
</kw>
<kw name="Log" owner="BuiltIn">
<msg time="2025-10-08T22:29:55.834837" level="INFO">🔌 Disconnected from vCenter API</msg>
<arg>🔌 Disconnected from vCenter API</arg>
<arg>console=yes</arg>
<doc>Logs the given message with the given level.</doc>
<status status="PASS" start="2025-10-08T22:29:55.834735" elapsed="0.000226"/>
</kw>
<doc>Disconnect from vCenter API session</doc>
<status status="FAIL" start="2025-10-08T22:29:55.831579" elapsed="0.003582">Recursive execution stopped.</status>
</kw>
<kw name="Log" owner="BuiltIn">
<msg time="2025-10-08T22:29:55.835396" level="INFO">🔌 Disconnected from vCenter API</msg>
<arg>🔌 Disconnected from vCenter API</arg>
<arg>console=yes</arg>
<doc>Logs the given message with the given level.</doc>
<status status="PASS" start="2025-10-08T22:29:55.835301" elapsed="0.000191"/>
</kw>
<doc>Disconnect from vCenter API session</doc>
<status status="FAIL" start="2025-10-08T22:29:55.831460" elapsed="0.004224">Recursive execution stopped.</status>
</kw>
<kw name="Log" owner="BuiltIn">
<msg time="2025-10-08T22:29:55.837991" level="INFO">🔌 Disconnected from vCenter API</msg>
<arg>🔌 Disconnected from vCenter API</arg>
<arg>console=yes</arg>
<doc>Logs the given message with the given level.</doc>
<status status="PASS" start="2025-10-08T22:29:55.837812" elapsed="0.000386"/>
</kw>
<doc>Disconnect from vCenter API session</doc>
<status status="FAIL" start="2025-10-08T22:29:55.831230" elapsed="0.007526">Recursive execution stopped.</status>
</kw>
<kw name="Log" owner="BuiltIn">
<msg time="2025-10-08T22:29:55.839275" level="INFO">🔌 Disconnected from vCenter API</msg>
<arg>🔌 Disconnected from vCenter API</arg>
<arg>console=yes</arg>
<doc>Logs the given message with the given level.</doc>
<status status="PASS" start="2025-10-08T22:29:55.839041" elapsed="0.000472"/>
</kw>
<doc>Disconnect from vCenter API session</doc>
<status status="FAIL" start="2025-10-08T22:29:55.831030" elapsed="0.008772">Recursive execution stopped.</status>
</kw>
<kw name="Log" owner="BuiltIn">
<msg time="2025-10-08T22:29:55.840180" level="INFO">🔌 Disconnected from vCenter API</msg>
<arg>🔌 Disconnected from vCenter API</arg>
<arg>console=yes</arg>
<doc>Logs the given message with the given level.</doc>
<status status="PASS" start="2025-10-08T22:29:55.840023" elapsed="0.000376"/>
</kw>
<doc>Disconnect from vCenter API session</doc>
<status status="FAIL" start="2025-10-08T22:29:55.830911" elapsed="0.009740">Recursive execution stopped.</status>
</kw>
<kw name="Log" owner="BuiltIn">
<msg time="2025-10-08T22:29:55.840933" level="INFO">🔌 Disconnected from vCenter API</msg>
<arg>🔌 Disconnected from vCenter API</arg>
<arg>console=yes</arg>
<doc>Logs the given message with the given level.</doc>
<status status="PASS" start="2025-10-08T22:29:55.840826" elapsed="0.000244"/>
</kw>
<doc>Disconnect from vCenter API session</doc>
<status status="FAIL" start="2025-10-08T22:29:55.830797" elapsed="0.010472">Recursive execution stopped.</status>
</kw>
<kw name="Log" owner="BuiltIn">
<msg time="2025-10-08T22:29:55.841513" level="INFO">🔌 Disconnected from vCenter API</msg>
<arg>🔌 Disconnected from vCenter API</arg>
<arg>console=yes</arg>
<doc>Logs the given message with the given level.</doc>
<status status="PASS" start="2025-10-08T22:29:55.841415" elapsed="0.000218"/>
</kw>
<doc>Disconnect from vCenter API session</doc>
<status status="FAIL" start="2025-10-08T22:29:55.830669" elapsed="0.011158">Recursive execution stopped.</status>
</kw>
<kw name="Log" owner="BuiltIn">
<msg time="2025-10-08T22:29:55.842056" level="INFO">🔌 Disconnected from vCenter API</msg>
<arg>🔌 Disconnected from vCenter API</arg>
<arg>console=yes</arg>
<doc>Logs the given message with the given level.</doc>
<status status="PASS" start="2025-10-08T22:29:55.841964" elapsed="0.000203"/>
</kw>
<doc>Disconnect from vCenter API session</doc>
<status status="FAIL" start="2025-10-08T22:29:55.830554" elapsed="0.011825">Recursive execution stopped.</status>
</kw>
<kw name="Log" owner="BuiltIn">
<msg time="2025-10-08T22:29:55.842629" level="INFO">🔌 Disconnected from vCenter API</msg>
<arg>🔌 Disconnected from vCenter API</arg>
<arg>console=yes</arg>
<doc>Logs the given message with the given level.</doc>
<status status="PASS" start="2025-10-08T22:29:55.842523" elapsed="0.000233"/>
</kw>
<doc>Disconnect from vCenter API session</doc>
<status status="FAIL" start="2025-10-08T22:29:55.830432" elapsed="0.012566">Recursive execution stopped.</status>
</kw>
<kw name="Log" owner="BuiltIn">
<msg time="2025-10-08T22:29:55.843305" level="INFO">🔌 Disconnected from vCenter API</msg>
<arg>🔌 Disconnected from vCenter API</arg>
<arg>console=yes</arg>
<doc>Logs the given message with the given level.</doc>
<status status="PASS" start="2025-10-08T22:29:55.843178" elapsed="0.000242"/>
</kw>
<doc>Disconnect from vCenter API session</doc>
<status status="FAIL" start="2025-10-08T22:29:55.830318" elapsed="0.013337">Recursive execution stopped.</status>
</kw>
<kw name="Log" owner="BuiltIn">
<msg time="2025-10-08T22:29:55.843890" level="INFO">🔌 Disconnected from vCenter API</msg>
<arg>🔌 Disconnected from vCenter API</arg>
<arg>console=yes</arg>
<doc>Logs the given message with the given level.</doc>
<status status="PASS" start="2025-10-08T22:29:55.843797" elapsed="0.000199"/>
</kw>
<doc>Disconnect from vCenter API session</doc>
<status status="FAIL" start="2025-10-08T22:29:55.830124" elapsed="0.014060">Recursive execution stopped.</status>
</kw>
<kw name="Log" owner="BuiltIn">
<msg time="2025-10-08T22:29:55.844408" level="INFO">🔌 Disconnected from vCenter API</msg>
<arg>🔌 Disconnected from vCenter API</arg>
<arg>console=yes</arg>
<doc>Logs the given message with the given level.</doc>
<status status="PASS" start="2025-10-08T22:29:55.844317" elapsed="0.000189"/>
</kw>
<doc>Disconnect from vCenter API session</doc>
<status status="FAIL" start="2025-10-08T22:29:55.830009" elapsed="0.014679">Recursive execution stopped.</status>
</kw>
<kw name="Log" owner="BuiltIn">
<msg time="2025-10-08T22:29:55.844918" level="INFO">🔌 Disconnected from vCenter API</msg>
<arg>🔌 Disconnected from vCenter API</arg>
<arg>console=yes</arg>
<doc>Logs the given message with the given level.</doc>
<status status="PASS" start="2025-10-08T22:29:55.844830" elapsed="0.000206"/>
</kw>
<doc>Disconnect from vCenter API session</doc>
<status status="FAIL" start="2025-10-08T22:29:55.829896" elapsed="0.015322">Recursive execution stopped.</status>
</kw>
<kw name="Log" owner="BuiltIn">
<msg time="2025-10-08T22:29:55.845440" level="INFO">🔌 Disconnected from vCenter API</msg>
<arg>🔌 Disconnected from vCenter API</arg>
<arg>console=yes</arg>
<doc>Logs the given message with the given level.</doc>
<status status="PASS" start="2025-10-08T22:29:55.845351" elapsed="0.000221"/>
</kw>
<doc>Disconnect from vCenter API session</doc>
<status status="FAIL" start="2025-10-08T22:29:55.829752" elapsed="0.016083">Recursive execution stopped.</status>
</kw>
<kw name="Log" owner="BuiltIn">
<msg time="2025-10-08T22:29:55.846275" level="INFO">🔌 Disconnected from vCenter API</msg>
<arg>🔌 Disconnected from vCenter API</arg>
<arg>console=yes</arg>
<doc>Logs the given message with the given level.</doc>
<status status="PASS" start="2025-10-08T22:29:55.846142" elapsed="0.000260"/>
</kw>
<doc>Disconnect from vCenter API session</doc>
<status status="FAIL" start="2025-10-08T22:29:55.829632" elapsed="0.016977">Recursive execution stopped.</status>
</kw>
<kw name="Log" owner="BuiltIn">
<msg time="2025-10-08T22:29:55.846854" level="INFO">🔌 Disconnected from vCenter API</msg>
<arg>🔌 Disconnected from vCenter API</arg>
<arg>console=yes</arg>
<doc>Logs the given message with the given level.</doc>
<status status="PASS" start="2025-10-08T22:29:55.846744" elapsed="0.000233"/>
</kw>
<doc>Disconnect from vCenter API session</doc>
<status status="FAIL" start="2025-10-08T22:29:55.829511" elapsed="0.017670">Recursive execution stopped.</status>
</kw>
<kw name="Log" owner="BuiltIn">
<msg time="2025-10-08T22:29:55.847421" level="INFO">🔌 Disconnected from vCenter API</msg>
<arg>🔌 Disconnected from vCenter API</arg>
<arg>console=yes</arg>
<doc>Logs the given message with the given level.</doc>
<status status="PASS" start="2025-10-08T22:29:55.847319" elapsed="0.000223"/>
</kw>
<doc>Disconnect from vCenter API session</doc>
<status status="FAIL" start="2025-10-08T22:29:55.829311" elapsed="0.021894">Recursive execution stopped.</status>
</kw>
<kw name="Log" owner="BuiltIn">
<msg time="2025-10-08T22:29:55.851690" level="INFO">🔌 Disconnected from vCenter API</msg>
<arg>🔌 Disconnected from vCenter API</arg>
<arg>console=yes</arg>
<doc>Logs the given message with the given level.</doc>
<status status="PASS" start="2025-10-08T22:29:55.851473" elapsed="0.000404"/>
</kw>
<doc>Disconnect from vCenter API session</doc>
<status status="FAIL" start="2025-10-08T22:29:55.829086" elapsed="0.023039">Recursive execution stopped.</status>
</kw>
<kw name="Log" owner="BuiltIn">
<msg time="2025-10-08T22:29:55.852566" level="INFO">🔌 Disconnected from vCenter API</msg>
<arg>🔌 Disconnected from vCenter API</arg>
<arg>console=yes</arg>
<doc>Logs the given message with the given level.</doc>
<status status="PASS" start="2025-10-08T22:29:55.852336" elapsed="0.000393"/>
</kw>
<doc>Disconnect from vCenter API session</doc>
<status status="FAIL" start="2025-10-08T22:29:55.828976" elapsed="0.024000">Recursive execution stopped.</status>
</kw>
<kw name="Log" owner="BuiltIn">
<msg time="2025-10-08T22:29:55.853209" level="INFO">🔌 Disconnected from vCenter API</msg>
<arg>🔌 Disconnected from vCenter API</arg>
<arg>console=yes</arg>
<doc>Logs the given message with the given level.</doc>
<status status="PASS" start="2025-10-08T22:29:55.853110" elapsed="0.000222"/>
</kw>
<doc>Disconnect from vCenter API session</doc>
<status status="FAIL" start="2025-10-08T22:29:55.828858" elapsed="0.024662">Recursive execution stopped.</status>
</kw>
<kw name="Log" owner="BuiltIn">
<msg time="2025-10-08T22:29:55.853748" level="INFO">🔌 Disconnected from vCenter API</msg>
<arg>🔌 Disconnected from vCenter API</arg>
<arg>console=yes</arg>
<doc>Logs the given message with the given level.</doc>
<status status="PASS" start="2025-10-08T22:29:55.853650" elapsed="0.000266"/>
</kw>
<doc>Disconnect from vCenter API session</doc>
<status status="FAIL" start="2025-10-08T22:29:55.828740" elapsed="0.025419">Recursive execution stopped.</status>
</kw>
<kw name="Log" owner="BuiltIn">
<msg time="2025-10-08T22:29:55.854444" level="INFO">🔌 Disconnected from vCenter API</msg>
<arg>🔌 Disconnected from vCenter API</arg>
<arg>console=yes</arg>
<doc>Logs the given message with the given level.</doc>
<status status="PASS" start="2025-10-08T22:29:55.854321" elapsed="0.000266"/>
</kw>
<doc>Disconnect from vCenter API session</doc>
<status status="FAIL" start="2025-10-08T22:29:55.828615" elapsed="0.026255">Recursive execution stopped.</status>
</kw>
<kw name="Log" owner="BuiltIn">
<msg time="2025-10-08T22:29:55.855181" level="INFO">🔌 Disconnected from vCenter API</msg>
<arg>🔌 Disconnected from vCenter API</arg>
<arg>console=yes</arg>
<doc>Logs the given message with the given level.</doc>
<status status="PASS" start="2025-10-08T22:29:55.855054" elapsed="0.000251"/>
</kw>
<doc>Disconnect from vCenter API session</doc>
<status status="FAIL" start="2025-10-08T22:29:55.828492" elapsed="0.027000">Recursive execution stopped.</status>
</kw>
<kw name="Log" owner="BuiltIn">
<msg time="2025-10-08T22:29:55.855713" level="INFO">🔌 Disconnected from vCenter API</msg>
<arg>🔌 Disconnected from vCenter API</arg>
<arg>console=yes</arg>
<doc>Logs the given message with the given level.</doc>
<status status="PASS" start="2025-10-08T22:29:55.855618" elapsed="0.000200"/>
</kw>
<doc>Disconnect from vCenter API session</doc>
<status status="FAIL" start="2025-10-08T22:29:55.828375" elapsed="0.027637">Recursive execution stopped.</status>
</kw>
<kw name="Log" owner="BuiltIn">
<msg time="2025-10-08T22:29:55.856242" level="INFO">🔌 Disconnected from vCenter API</msg>
<arg>🔌 Disconnected from vCenter API</arg>
<arg>console=yes</arg>
<doc>Logs the given message with the given level.</doc>
<status status="PASS" start="2025-10-08T22:29:55.856145" elapsed="0.000201"/>
</kw>
<doc>Disconnect from vCenter API session</doc>
<status status="FAIL" start="2025-10-08T22:29:55.828257" elapsed="0.028265">Recursive execution stopped.</status>
</kw>
<kw name="Log" owner="BuiltIn">
<msg time="2025-10-08T22:29:55.856748" level="INFO">🔌 Disconnected from vCenter API</msg>
<arg>🔌 Disconnected from vCenter API</arg>
<arg>console=yes</arg>
<doc>Logs the given message with the given level.</doc>
<status status="PASS" start="2025-10-08T22:29:55.856651" elapsed="0.000196"/>
</kw>
<doc>Disconnect from vCenter API session</doc>
<status status="FAIL" start="2025-10-08T22:29:55.828129" elapsed="0.028917">Recursive execution stopped.</status>
</kw>
<kw name="Log" owner="BuiltIn">
<msg time="2025-10-08T22:29:55.857279" level="INFO">🔌 Disconnected from vCenter API</msg>
<arg>🔌 Disconnected from vCenter API</arg>
<arg>console=yes</arg>
<doc>Logs the given message with the given level.</doc>
<status status="PASS" start="2025-10-08T22:29:55.857177" elapsed="0.000228"/>
</kw>
<doc>Disconnect from vCenter API session</doc>
<status status="FAIL" start="2025-10-08T22:29:55.828018" elapsed="0.029619">Recursive execution stopped.</status>
</kw>
<kw name="Log" owner="BuiltIn">
<msg time="2025-10-08T22:29:55.857886" level="INFO">🔌 Disconnected from vCenter API</msg>
<arg>🔌 Disconnected from vCenter API</arg>
<arg>console=yes</arg>
<doc>Logs the given message with the given level.</doc>
<status status="PASS" start="2025-10-08T22:29:55.857780" elapsed="0.000223"/>
</kw>
<doc>Disconnect from vCenter API session</doc>
<status status="FAIL" start="2025-10-08T22:29:55.827903" elapsed="0.030338">Recursive execution stopped.</status>
</kw>
<kw name="Log" owner="BuiltIn">
<msg time="2025-10-08T22:29:55.858512" level="INFO">🔌 Disconnected from vCenter API</msg>
<arg>🔌 Disconnected from vCenter API</arg>
<arg>console=yes</arg>
<doc>Logs the given message with the given level.</doc>
<status status="PASS" start="2025-10-08T22:29:55.858396" elapsed="0.000231"/>
</kw>
<doc>Disconnect from vCenter API session</doc>
<status status="FAIL" start="2025-10-08T22:29:55.827783" elapsed="0.031024">Recursive execution stopped.</status>
</kw>
<kw name="Log" owner="BuiltIn">
<msg time="2025-10-08T22:29:55.859036" level="INFO">🔌 Disconnected from vCenter API</msg>
<arg>🔌 Disconnected from vCenter API</arg>
<arg>console=yes</arg>
<doc>Logs the given message with the given level.</doc>
<status status="PASS" start="2025-10-08T22:29:55.858939" elapsed="0.000211"/>
</kw>
<doc>Disconnect from vCenter API session</doc>
<status status="FAIL" start="2025-10-08T22:29:55.827668" elapsed="0.031703">Recursive execution stopped.</status>
</kw>
<kw name="Log" owner="BuiltIn">
<msg time="2025-10-08T22:29:55.859719" level="INFO">🔌 Disconnected from vCenter API</msg>
<arg>🔌 Disconnected from vCenter API</arg>
<arg>console=yes</arg>
<doc>Logs the given message with the given level.</doc>
<status status="PASS" start="2025-10-08T22:29:55.859601" elapsed="0.000236"/>
</kw>
<doc>Disconnect from vCenter API session</doc>
<status status="FAIL" start="2025-10-08T22:29:55.827487" elapsed="0.032580">Recursive execution stopped.</status>
</kw>
<kw name="Log" owner="BuiltIn">
<msg time="2025-10-08T22:29:55.860406" level="INFO">🔌 Disconnected from vCenter API</msg>
<arg>🔌 Disconnected from vCenter API</arg>
<arg>console=yes</arg>
<doc>Logs the given message with the given level.</doc>
<status status="PASS" start="2025-10-08T22:29:55.860253" elapsed="0.000307"/>
</kw>
<doc>Disconnect from vCenter API session</doc>
<status status="FAIL" start="2025-10-08T22:29:55.827205" elapsed="0.033598">Recursive execution stopped.</status>
</kw>
<kw name="Log" owner="BuiltIn">
<msg time="2025-10-08T22:29:55.861357" level="INFO">🔌 Disconnected from vCenter API</msg>
<arg>🔌 Disconnected from vCenter API</arg>
<arg>console=yes</arg>
<doc>Logs the given message with the given level.</doc>
<status status="PASS" start="2025-10-08T22:29:55.861100" elapsed="0.000466"/>
</kw>
<doc>Disconnect from vCenter API session</doc>
<status status="FAIL" start="2025-10-08T22:29:55.827038" elapsed="0.034776">Recursive execution stopped.</status>
</kw>
<kw name="Log" owner="BuiltIn">
<msg time="2025-10-08T22:29:55.862057" level="INFO">🔌 Disconnected from vCenter API</msg>
<arg>🔌 Disconnected from vCenter API</arg>
<arg>console=yes</arg>
<doc>Logs the given message with the given level.</doc>
<status status="PASS" start="2025-10-08T22:29:55.861953" elapsed="0.000224"/>
</kw>
<doc>Disconnect from vCenter API session</doc>
<status status="FAIL" start="2025-10-08T22:29:55.826924" elapsed="0.035466">Recursive execution stopped.</status>
</kw>
<kw name="Log" owner="BuiltIn">
<msg time="2025-10-08T22:29:55.862669" level="INFO">🔌 Disconnected from vCenter API</msg>
<arg>🔌 Disconnected from vCenter API</arg>
<arg>console=yes</arg>
<doc>Logs the given message with the given level.</doc>
<status status="PASS" start="2025-10-08T22:29:55.862544" elapsed="0.000241"/>
</kw>
<doc>Disconnect from vCenter API session</doc>
<status status="FAIL" start="2025-10-08T22:29:55.826811" elapsed="0.036160">Recursive execution stopped.</status>
</kw>
<kw name="Log" owner="BuiltIn">
<msg time="2025-10-08T22:29:55.863192" level="INFO">🔌 Disconnected from vCenter API</msg>
<arg>🔌 Disconnected from vCenter API</arg>
<arg>console=yes</arg>
<doc>Logs the given message with the given level.</doc>
<status status="PASS" start="2025-10-08T22:29:55.863092" elapsed="0.000212"/>
</kw>
<doc>Disconnect from vCenter API session</doc>
<status status="FAIL" start="2025-10-08T22:29:55.826694" elapsed="0.036781">Recursive execution stopped.</status>
</kw>
<kw name="Log" owner="BuiltIn">
<msg time="2025-10-08T22:29:55.863683" level="INFO">🔌 Disconnected from vCenter API</msg>
<arg>🔌 Disconnected from vCenter API</arg>
<arg>console=yes</arg>
<doc>Logs the given message with the given level.</doc>
<status status="PASS" start="2025-10-08T22:29:55.863593" elapsed="0.000192"/>
</kw>
<doc>Disconnect from vCenter API session</doc>
<status status="FAIL" start="2025-10-08T22:29:55.826577" elapsed="0.037373">Recursive execution stopped.</status>
</kw>
<kw name="Log" owner="BuiltIn">
<msg time="2025-10-08T22:29:55.864156" level="INFO">🔌 Disconnected from vCenter API</msg>
<arg>🔌 Disconnected from vCenter API</arg>
<arg>console=yes</arg>
<doc>Logs the given message with the given level.</doc>
<status status="PASS" start="2025-10-08T22:29:55.864067" elapsed="0.000178"/>
</kw>
<doc>Disconnect from vCenter API session</doc>
<status status="FAIL" start="2025-10-08T22:29:55.826425" elapsed="0.037990">Recursive execution stopped.</status>
</kw>
<kw name="Log" owner="BuiltIn">
<msg time="2025-10-08T22:29:55.864622" level="INFO">🔌 Disconnected from vCenter API</msg>
<arg>🔌 Disconnected from vCenter API</arg>
<arg>console=yes</arg>
<doc>Logs the given message with the given level.</doc>
<status status="PASS" start="2025-10-08T22:29:55.864532" elapsed="0.000189"/>
</kw>
<doc>Disconnect from vCenter API session</doc>
<status status="FAIL" start="2025-10-08T22:29:55.826310" elapsed="0.038591">Recursive execution stopped.</status>
</kw>
<kw name="Log" owner="BuiltIn">
<msg time="2025-10-08T22:29:55.865103" level="INFO">🔌 Disconnected from vCenter API</msg>
<arg>🔌 Disconnected from vCenter API</arg>
<arg>console=yes</arg>
<doc>Logs the given message with the given level.</doc>
<status status="PASS" start="2025-10-08T22:29:55.865015" elapsed="0.000193"/>
</kw>
<doc>Disconnect from vCenter API session</doc>
<status status="FAIL" start="2025-10-08T22:29:55.826191" elapsed="0.039180">Recursive execution stopped.</status>
</kw>
<kw name="Log" owner="BuiltIn">
<msg time="2025-10-08T22:29:55.865576" level="INFO">🔌 Disconnected from vCenter API</msg>
<arg>🔌 Disconnected from vCenter API</arg>
<arg>console=yes</arg>
<doc>Logs the given message with the given level.</doc>
<status status="PASS" start="2025-10-08T22:29:55.865488" elapsed="0.000185"/>
</kw>
<doc>Disconnect from vCenter API session</doc>
<status status="FAIL" start="2025-10-08T22:29:55.826075" elapsed="0.039765">Recursive execution stopped.</status>
</kw>
<kw name="Log" owner="BuiltIn">
<msg time="2025-10-08T22:29:55.866049" level="INFO">🔌 Disconnected from vCenter API</msg>
<arg>🔌 Disconnected from vCenter API</arg>
<arg>console=yes</arg>
<doc>Logs the given message with the given level.</doc>
<status status="PASS" start="2025-10-08T22:29:55.865959" elapsed="0.000203"/>
</kw>
<doc>Disconnect from vCenter API session</doc>
<status status="FAIL" start="2025-10-08T22:29:55.825945" elapsed="0.040416">Recursive execution stopped.</status>
</kw>
<kw name="Log" owner="BuiltIn">
<msg time="2025-10-08T22:29:55.866617" level="INFO">🔌 Disconnected from vCenter API</msg>
<arg>🔌 Disconnected from vCenter API</arg>
<arg>console=yes</arg>
<doc>Logs the given message with the given level.</doc>
<status status="PASS" start="2025-10-08T22:29:55.866506" elapsed="0.000219"/>
</kw>
<doc>Disconnect from vCenter API session</doc>
<status status="FAIL" start="2025-10-08T22:29:55.825826" elapsed="0.041060">Recursive execution stopped.</status>
</kw>
<kw name="Log" owner="BuiltIn">
<msg time="2025-10-08T22:29:55.867097" level="INFO">🔌 Disconnected from vCenter API</msg>
<arg>🔌 Disconnected from vCenter API</arg>
<arg>console=yes</arg>
<doc>Logs the given message with the given level.</doc>
<status status="PASS" start="2025-10-08T22:29:55.867000" elapsed="0.000193"/>
</kw>
<doc>Disconnect from vCenter API session</doc>
<status status="FAIL" start="2025-10-08T22:29:55.825709" elapsed="0.041650">Recursive execution stopped.</status>
</kw>
<kw name="Log" owner="BuiltIn">
<msg time="2025-10-08T22:29:55.867557" level="INFO">🔌 Disconnected from vCenter API</msg>
<arg>🔌 Disconnected from vCenter API</arg>
<arg>console=yes</arg>
<doc>Logs the given message with the given level.</doc>
<status status="PASS" start="2025-10-08T22:29:55.867472" elapsed="0.000183"/>
</kw>
<doc>Disconnect from vCenter API session</doc>
<status status="FAIL" start="2025-10-08T22:29:55.825584" elapsed="0.042224">Recursive execution stopped.</status>
</kw>
<kw name="Log" owner="BuiltIn">
<msg time="2025-10-08T22:29:55.868067" level="INFO">🔌 Disconnected from vCenter API</msg>
<arg>🔌 Disconnected from vCenter API</arg>
<arg>console=yes</arg>
<doc>Logs the given message with the given level.</doc>
<status status="PASS" start="2025-10-08T22:29:55.867971" elapsed="0.000207"/>
</kw>
<doc>Disconnect from vCenter API session</doc>
<status status="FAIL" start="2025-10-08T22:29:55.825324" elapsed="0.043114">Recursive execution stopped.</status>
</kw>
<kw name="Log" owner="BuiltIn">
<msg time="2025-10-08T22:29:55.868969" level="INFO">🔌 Disconnected from vCenter API</msg>
<arg>🔌 Disconnected from vCenter API</arg>
<arg>console=yes</arg>
<doc>Logs the given message with the given level.</doc>
<status status="PASS" start="2025-10-08T22:29:55.868662" elapsed="0.000465"/>
</kw>
<doc>Disconnect from vCenter API session</doc>
<status status="FAIL" start="2025-10-08T22:29:55.824969" elapsed="0.044333">Recursive execution stopped.</status>
</kw>
<kw name="Log" owner="BuiltIn">
<msg time="2025-10-08T22:29:55.869679" level="INFO">🔌 Disconnected from vCenter API</msg>
<arg>🔌 Disconnected from vCenter API</arg>
<arg>console=yes</arg>
<doc>Logs the given message with the given level.</doc>
<status status="PASS" start="2025-10-08T22:29:55.869498" elapsed="0.000325"/>
</kw>
<doc>Disconnect from vCenter API session</doc>
<status status="FAIL" start="2025-10-08T22:29:55.824847" elapsed="0.045205">Recursive execution stopped.</status>
</kw>
<kw name="Log" owner="BuiltIn">
<msg time="2025-10-08T22:29:55.870256" level="INFO">🔌 Disconnected from vCenter API</msg>
<arg>🔌 Disconnected from vCenter API</arg>
<arg>console=yes</arg>
<doc>Logs the given message with the given level.</doc>
<status status="PASS" start="2025-10-08T22:29:55.870167" elapsed="0.000239"/>
</kw>
<doc>Disconnect from vCenter API session</doc>
<status status="FAIL" start="2025-10-08T22:29:55.824728" elapsed="0.045911">Recursive execution stopped.</status>
</kw>
<kw name="Log" owner="BuiltIn">
<msg time="2025-10-08T22:29:55.870921" level="INFO">🔌 Disconnected from vCenter API</msg>
<arg>🔌 Disconnected from vCenter API</arg>
<arg>console=yes</arg>
<doc>Logs the given message with the given level.</doc>
<status status="PASS" start="2025-10-08T22:29:55.870794" elapsed="0.000290"/>
</kw>
<doc>Disconnect from vCenter API session</doc>
<status status="FAIL" start="2025-10-08T22:29:55.824610" elapsed="0.046650">Recursive execution stopped.</status>
</kw>
<kw name="Log" owner="BuiltIn">
<msg time="2025-10-08T22:29:55.871568" level="INFO">🔌 Disconnected from vCenter API</msg>
<arg>🔌 Disconnected from vCenter API</arg>
<arg>console=yes</arg>
<doc>Logs the given message with the given level.</doc>
<status status="PASS" start="2025-10-08T22:29:55.871448" elapsed="0.000244"/>
</kw>
<doc>Disconnect from vCenter API session</doc>
<status status="FAIL" start="2025-10-08T22:29:55.824477" elapsed="0.047381">Recursive execution stopped.</status>
</kw>
<kw name="Log" owner="BuiltIn">
<msg time="2025-10-08T22:29:55.872069" level="INFO">🔌 Disconnected from vCenter API</msg>
<arg>🔌 Disconnected from vCenter API</arg>
<arg>console=yes</arg>
<doc>Logs the given message with the given level.</doc>
<status status="PASS" start="2025-10-08T22:29:55.871975" elapsed="0.000204"/>
</kw>
<doc>Disconnect from vCenter API session</doc>
<status status="FAIL" start="2025-10-08T22:29:55.824356" elapsed="0.048002">Recursive execution stopped.</status>
</kw>
<kw name="Log" owner="BuiltIn">
<msg time="2025-10-08T22:29:55.872570" level="INFO">🔌 Disconnected from vCenter API</msg>
<arg>🔌 Disconnected from vCenter API</arg>
<arg>console=yes</arg>
<doc>Logs the given message with the given level.</doc>
<status status="PASS" start="2025-10-08T22:29:55.872475" elapsed="0.000247"/>
</kw>
<doc>Disconnect from vCenter API session</doc>
<status status="FAIL" start="2025-10-08T22:29:55.824233" elapsed="0.048644">Recursive execution stopped.</status>
</kw>
<kw name="Log" owner="BuiltIn">
<msg time="2025-10-08T22:29:55.873449" level="INFO">🔌 Disconnected from vCenter API</msg>
<arg>🔌 Disconnected from vCenter API</arg>
<arg>console=yes</arg>
<doc>Logs the given message with the given level.</doc>
<status status="PASS" start="2025-10-08T22:29:55.872991" elapsed="0.000554"/>
</kw>
<doc>Disconnect from vCenter API session</doc>
<status status="FAIL" start="2025-10-08T22:29:55.824114" elapsed="0.049583">Recursive execution stopped.</status>
</kw>
<kw name="Log" owner="BuiltIn">
<msg time="2025-10-08T22:29:55.873898" level="INFO">🔌 Disconnected from vCenter API</msg>
<arg>🔌 Disconnected from vCenter API</arg>
<arg>console=yes</arg>
<doc>Logs the given message with the given level.</doc>
<status status="PASS" start="2025-10-08T22:29:55.873810" elapsed="0.000200"/>
</kw>
<doc>Disconnect from vCenter API session</doc>
<status status="FAIL" start="2025-10-08T22:29:55.823994" elapsed="0.050163">Recursive execution stopped.</status>
</kw>
<kw name="Log" owner="BuiltIn">
<msg time="2025-10-08T22:29:55.874354" level="INFO">🔌 Disconnected from vCenter API</msg>
<arg>🔌 Disconnected from vCenter API</arg>
<arg>console=yes</arg>
<doc>Logs the given message with the given level.</doc>
<status status="PASS" start="2025-10-08T22:29:55.874267" elapsed="0.000202"/>
</kw>
<doc>Disconnect from vCenter API session</doc>
<status status="FAIL" start="2025-10-08T22:29:55.823874" elapsed="0.050789">Recursive execution stopped.</status>
</kw>
<kw name="Log" owner="BuiltIn">
<msg time="2025-10-08T22:29:55.874885" level="INFO">🔌 Disconnected from vCenter API</msg>
<arg>🔌 Disconnected from vCenter API</arg>
<arg>console=yes</arg>
<doc>Logs the given message with the given level.</doc>
<status status="PASS" start="2025-10-08T22:29:55.874789" elapsed="0.000202"/>
</kw>
<doc>Disconnect from vCenter API session</doc>
<status status="FAIL" start="2025-10-08T22:29:55.823758" elapsed="0.051392">Recursive execution stopped.</status>
</kw>
<kw name="Log" owner="BuiltIn">
<msg time="2025-10-08T22:29:55.875370" level="INFO">🔌 Disconnected from vCenter API</msg>
<arg>🔌 Disconnected from vCenter API</arg>
<arg>console=yes</arg>
<doc>Logs the given message with the given level.</doc>
<status status="PASS" start="2025-10-08T22:29:55.875275" elapsed="0.000224"/>
</kw>
<doc>Disconnect from vCenter API session</doc>
<status status="FAIL" start="2025-10-08T22:29:55.823635" elapsed="0.052067">Recursive execution stopped.</status>
</kw>
<kw name="Log" owner="BuiltIn">
<msg time="2025-10-08T22:29:55.875935" level="INFO">🔌 Disconnected from vCenter API</msg>
<arg>🔌 Disconnected from vCenter API</arg>
<arg>console=yes</arg>
<doc>Logs the given message with the given level.</doc>
<status status="PASS" start="2025-10-08T22:29:55.875828" elapsed="0.000244"/>
</kw>
<doc>Disconnect from vCenter API session</doc>
<status status="FAIL" start="2025-10-08T22:29:55.823506" elapsed="0.052765">Recursive execution stopped.</status>
</kw>
<kw name="Log" owner="BuiltIn">
<msg time="2025-10-08T22:29:55.876530" level="INFO">🔌 Disconnected from vCenter API</msg>
<arg>🔌 Disconnected from vCenter API</arg>
<arg>console=yes</arg>
<doc>Logs the given message with the given level.</doc>
<status status="PASS" start="2025-10-08T22:29:55.876414" elapsed="0.000228"/>
</kw>
<doc>Disconnect from vCenter API session</doc>
<status status="FAIL" start="2025-10-08T22:29:55.823330" elapsed="0.053551">Recursive execution stopped.</status>
</kw>
<kw name="Log" owner="BuiltIn">
<msg time="2025-10-08T22:29:55.877201" level="INFO">🔌 Disconnected from vCenter API</msg>
<arg>🔌 Disconnected from vCenter API</arg>
<arg>console=yes</arg>
<doc>Logs the given message with the given level.</doc>
<status status="PASS" start="2025-10-08T22:29:55.877073" elapsed="0.000244"/>
</kw>
<doc>Disconnect from vCenter API session</doc>
<status status="FAIL" start="2025-10-08T22:29:55.823035" elapsed="0.054450">Recursive execution stopped.</status>
</kw>
<kw name="Log" owner="BuiltIn">
<msg time="2025-10-08T22:29:55.877901" level="INFO">🔌 Disconnected from vCenter API</msg>
<arg>🔌 Disconnected from vCenter API</arg>
<arg>console=yes</arg>
<doc>Logs the given message with the given level.</doc>
<status status="PASS" start="2025-10-08T22:29:55.877673" elapsed="0.000344"/>
</kw>
<doc>Disconnect from vCenter API session</doc>
<status status="FAIL" start="2025-10-08T22:29:55.822855" elapsed="0.055341">Recursive execution stopped.</status>
</kw>
<kw name="Log" owner="BuiltIn">
<msg time="2025-10-08T22:29:55.878395" level="INFO">🔌 Disconnected from vCenter API</msg>
<arg>🔌 Disconnected from vCenter API</arg>
<arg>console=yes</arg>
<doc>Logs the given message with the given level.</doc>
<status status="PASS" start="2025-10-08T22:29:55.878307" elapsed="0.000245"/>
</kw>
<doc>Disconnect from vCenter API session</doc>
<status status="FAIL" start="2025-10-08T22:29:55.822738" elapsed="0.055961">Recursive execution stopped.</status>
</kw>
<kw name="Log" owner="BuiltIn">
<msg time="2025-10-08T22:29:55.878941" level="INFO">🔌 Disconnected from vCenter API</msg>
<arg>🔌 Disconnected from vCenter API</arg>
<arg>console=yes</arg>
<doc>Logs the given message with the given level.</doc>
<status status="PASS" start="2025-10-08T22:29:55.878834" elapsed="0.000215"/>
</kw>
<doc>Disconnect from vCenter API session</doc>
<status status="FAIL" start="2025-10-08T22:29:55.822623" elapsed="0.056597">Recursive execution stopped.</status>
</kw>
<kw name="Log" owner="BuiltIn">
<msg time="2025-10-08T22:29:55.879462" level="INFO">🔌 Disconnected from vCenter API</msg>
<arg>🔌 Disconnected from vCenter API</arg>
<arg>console=yes</arg>
<doc>Logs the given message with the given level.</doc>
<status status="PASS" start="2025-10-08T22:29:55.879357" elapsed="0.000234"/>
</kw>
<doc>Disconnect from vCenter API session</doc>
<status status="FAIL" start="2025-10-08T22:29:55.822492" elapsed="0.057261">Recursive execution stopped.</status>
</kw>
<kw name="Log" owner="BuiltIn">
<msg time="2025-10-08T22:29:55.879948" level="INFO">🔌 Disconnected from vCenter API</msg>
<arg>🔌 Disconnected from vCenter API</arg>
<arg>console=yes</arg>
<doc>Logs the given message with the given level.</doc>
<status status="PASS" start="2025-10-08T22:29:55.879862" elapsed="0.000188"/>
</kw>
<doc>Disconnect from vCenter API session</doc>
<status status="FAIL" start="2025-10-08T22:29:55.822376" elapsed="0.057828">Recursive execution stopped.</status>
</kw>
<kw name="Log" owner="BuiltIn">
<msg time="2025-10-08T22:29:55.880409" level="INFO">🔌 Disconnected from vCenter API</msg>
<arg>🔌 Disconnected from vCenter API</arg>
<arg>console=yes</arg>
<doc>Logs the given message with the given level.</doc>
<status status="PASS" start="2025-10-08T22:29:55.880316" elapsed="0.000193"/>
</kw>
<doc>Disconnect from vCenter API session</doc>
<status status="FAIL" start="2025-10-08T22:29:55.822252" elapsed="0.058403">Recursive execution stopped.</status>
</kw>
<kw name="Log" owner="BuiltIn">
<msg time="2025-10-08T22:29:55.880885" level="INFO">🔌 Disconnected from vCenter API</msg>
<arg>🔌 Disconnected from vCenter API</arg>
<arg>console=yes</arg>
<doc>Logs the given message with the given level.</doc>
<status status="PASS" start="2025-10-08T22:29:55.880776" elapsed="0.000220"/>
</kw>
<doc>Disconnect from vCenter API session</doc>
<status status="FAIL" start="2025-10-08T22:29:55.822130" elapsed="0.059058">Recursive execution stopped.</status>
</kw>
<kw name="Log" owner="BuiltIn">
<msg time="2025-10-08T22:29:55.881453" level="INFO">🔌 Disconnected from vCenter API</msg>
<arg>🔌 Disconnected from vCenter API</arg>
<arg>console=yes</arg>
<doc>Logs the given message with the given level.</doc>
<status status="PASS" start="2025-10-08T22:29:55.881333" elapsed="0.000245"/>
</kw>
<doc>Disconnect from vCenter API session</doc>
<status status="FAIL" start="2025-10-08T22:29:55.821991" elapsed="0.059743">Recursive execution stopped.</status>
</kw>
<kw name="Log" owner="BuiltIn">
<msg time="2025-10-08T22:29:55.881990" level="INFO">🔌 Disconnected from vCenter API</msg>
<arg>🔌 Disconnected from vCenter API</arg>
<arg>console=yes</arg>
<doc>Logs the given message with the given level.</doc>
<status status="PASS" start="2025-10-08T22:29:55.881874" elapsed="0.000242"/>
</kw>
<doc>Disconnect from vCenter API session</doc>
<status status="FAIL" start="2025-10-08T22:29:55.821863" elapsed="0.060428">Recursive execution stopped.</status>
</kw>
<kw name="Log" owner="BuiltIn">
<msg time="2025-10-08T22:29:55.882531" level="INFO">🔌 Disconnected from vCenter API</msg>
<arg>🔌 Disconnected from vCenter API</arg>
<arg>console=yes</arg>
<doc>Logs the given message with the given level.</doc>
<status status="PASS" start="2025-10-08T22:29:55.882423" elapsed="0.000226"/>
</kw>
<doc>Disconnect from vCenter API session</doc>
<status status="FAIL" start="2025-10-08T22:29:55.821736" elapsed="0.061095">Recursive execution stopped.</status>
</kw>
<kw name="Log" owner="BuiltIn">
<msg time="2025-10-08T22:29:55.883075" level="INFO">🔌 Disconnected from vCenter API</msg>
<arg>🔌 Disconnected from vCenter API</arg>
<arg>console=yes</arg>
<doc>Logs the given message with the given level.</doc>
<status status="PASS" start="2025-10-08T22:29:55.882965" elapsed="0.000225"/>
</kw>
<doc>Disconnect from vCenter API session</doc>
<status status="FAIL" start="2025-10-08T22:29:55.821598" elapsed="0.061738">Recursive execution stopped.</status>
</kw>
<kw name="Log" owner="BuiltIn">
<msg time="2025-10-08T22:29:55.883539" level="INFO">🔌 Disconnected from vCenter API</msg>
<arg>🔌 Disconnected from vCenter API</arg>
<arg>console=yes</arg>
<doc>Logs the given message with the given level.</doc>
<status status="PASS" start="2025-10-08T22:29:55.883448" elapsed="0.000187"/>
</kw>
<doc>Disconnect from vCenter API session</doc>
<status status="FAIL" start="2025-10-08T22:29:55.821460" elapsed="0.062319">Recursive execution stopped.</status>
</kw>
<kw name="Log" owner="BuiltIn">
<msg time="2025-10-08T22:29:55.883969" level="INFO">🔌 Disconnected from vCenter API</msg>
<arg>🔌 Disconnected from vCenter API</arg>
<arg>console=yes</arg>
<doc>Logs the given message with the given level.</doc>
<status status="PASS" start="2025-10-08T22:29:55.883884" elapsed="0.000185"/>
</kw>
<doc>Disconnect from vCenter API session</doc>
<status status="FAIL" start="2025-10-08T22:29:55.821335" elapsed="0.062875">Recursive execution stopped.</status>
</kw>
<kw name="Log" owner="BuiltIn">
<msg time="2025-10-08T22:29:55.885628" level="INFO">🔌 Disconnected from vCenter API</msg>
<arg>🔌 Disconnected from vCenter API</arg>
<arg>console=yes</arg>
<doc>Logs the given message with the given level.</doc>
<status status="PASS" start="2025-10-08T22:29:55.885492" elapsed="0.000274"/>
</kw>
<doc>Disconnect from vCenter API session</doc>
<status status="FAIL" start="2025-10-08T22:29:55.821055" elapsed="0.065045">Recursive execution stopped.</status>
</kw>
<kw name="Log" owner="BuiltIn">
<msg time="2025-10-08T22:29:55.886578" level="INFO">🔌 Disconnected from vCenter API</msg>
<arg>🔌 Disconnected from vCenter API</arg>
<arg>console=yes</arg>
<doc>Logs the given message with the given level.</doc>
<status status="PASS" start="2025-10-08T22:29:55.886359" elapsed="0.000416"/>
</kw>
<doc>Disconnect from vCenter API session</doc>
<status status="FAIL" start="2025-10-08T22:29:55.820809" elapsed="0.066170">Recursive execution stopped.</status>
</kw>
<kw name="Log" owner="BuiltIn">
<msg time="2025-10-08T22:29:55.887319" level="INFO">🔌 Disconnected from vCenter API</msg>
<arg>🔌 Disconnected from vCenter API</arg>
<arg>console=yes</arg>
<doc>Logs the given message with the given level.</doc>
<status status="PASS" start="2025-10-08T22:29:55.887166" elapsed="0.000363"/>
</kw>
<doc>Disconnect from vCenter API session</doc>
<status status="FAIL" start="2025-10-08T22:29:55.820578" elapsed="0.067193">Recursive execution stopped.</status>
</kw>
<kw name="Log" owner="BuiltIn">
<msg time="2025-10-08T22:29:55.888038" level="INFO">🔌 Disconnected from vCenter API</msg>
<arg>🔌 Disconnected from vCenter API</arg>
<arg>console=yes</arg>
<doc>Logs the given message with the given level.</doc>
<status status="PASS" start="2025-10-08T22:29:55.887913" elapsed="0.000270"/>
</kw>
<doc>Disconnect from vCenter API session</doc>
<status status="FAIL" start="2025-10-08T22:29:55.820430" elapsed="0.067900">Recursive execution stopped.</status>
</kw>
<kw name="Log" owner="BuiltIn">
<msg time="2025-10-08T22:29:55.888538" level="INFO">🔌 Disconnected from vCenter API</msg>
<arg>🔌 Disconnected from vCenter API</arg>
<arg>console=yes</arg>
<doc>Logs the given message with the given level.</doc>
<status status="PASS" start="2025-10-08T22:29:55.888441" elapsed="0.000281"/>
</kw>
<doc>Disconnect from vCenter API session</doc>
<status status="FAIL" start="2025-10-08T22:29:55.820300" elapsed="0.068562">Recursive execution stopped.</status>
</kw>
<kw name="Log" owner="BuiltIn">
<msg time="2025-10-08T22:29:55.889061" level="INFO">🔌 Disconnected from vCenter API</msg>
<arg>🔌 Disconnected from vCenter API</arg>
<arg>console=yes</arg>
<doc>Logs the given message with the given level.</doc>
<status status="PASS" start="2025-10-08T22:29:55.888971" elapsed="0.000194"/>
</kw>
<doc>Disconnect from vCenter API session</doc>
<status status="FAIL" start="2025-10-08T22:29:55.820179" elapsed="0.069118">Recursive execution stopped.</status>
</kw>
<kw name="Log" owner="BuiltIn">
<msg time="2025-10-08T22:29:55.889491" level="INFO">🔌 Disconnected from vCenter API</msg>
<arg>🔌 Disconnected from vCenter API</arg>
<arg>console=yes</arg>
<doc>Logs the given message with the given level.</doc>
<status status="PASS" start="2025-10-08T22:29:55.889402" elapsed="0.000182"/>
</kw>
<doc>Disconnect from vCenter API session</doc>
<status status="FAIL" start="2025-10-08T22:29:55.820063" elapsed="0.069650">Recursive execution stopped.</status>
</kw>
<kw name="Log" owner="BuiltIn">
<msg time="2025-10-08T22:29:55.889904" level="INFO">🔌 Disconnected from vCenter API</msg>
<arg>🔌 Disconnected from vCenter API</arg>
<arg>console=yes</arg>
<doc>Logs the given message with the given level.</doc>
<status status="PASS" start="2025-10-08T22:29:55.889816" elapsed="0.000207"/>
</kw>
<doc>Disconnect from vCenter API session</doc>
<status status="FAIL" start="2025-10-08T22:29:55.819944" elapsed="0.070219">Recursive execution stopped.</status>
</kw>
<kw name="Log" owner="BuiltIn">
<msg time="2025-10-08T22:29:55.890360" level="INFO">🔌 Disconnected from vCenter API</msg>
<arg>🔌 Disconnected from vCenter API</arg>
<arg>console=yes</arg>
<doc>Logs the given message with the given level.</doc>
<status status="PASS" start="2025-10-08T22:29:55.890269" elapsed="0.000200"/>
</kw>
<doc>Disconnect from vCenter API session</doc>
<status status="FAIL" start="2025-10-08T22:29:55.819713" elapsed="0.070884">Recursive execution stopped.</status>
</kw>
<kw name="Log" owner="BuiltIn">
<msg time="2025-10-08T22:29:55.890788" level="INFO">🔌 Disconnected from vCenter API</msg>
<arg>🔌 Disconnected from vCenter API</arg>
<arg>console=yes</arg>
<doc>Logs the given message with the given level.</doc>
<status status="PASS" start="2025-10-08T22:29:55.890701" elapsed="0.000180"/>
</kw>
<doc>Disconnect from vCenter API session</doc>
<status status="FAIL" start="2025-10-08T22:29:55.819594" elapsed="0.071414">Recursive execution stopped.</status>
</kw>
<kw name="Log" owner="BuiltIn">
<msg time="2025-10-08T22:29:55.891193" level="INFO">🔌 Disconnected from vCenter API</msg>
<arg>🔌 Disconnected from vCenter API</arg>
<arg>console=yes</arg>
<doc>Logs the given message with the given level.</doc>
<status status="PASS" start="2025-10-08T22:29:55.891108" elapsed="0.000203"/>
</kw>
<doc>Disconnect from vCenter API session</doc>
<status status="FAIL" start="2025-10-08T22:29:55.819476" elapsed="0.072017">Recursive execution stopped.</status>
</kw>
<kw name="Log" owner="BuiltIn">
<msg time="2025-10-08T22:29:55.891750" level="INFO">🔌 Disconnected from vCenter API</msg>
<arg>🔌 Disconnected from vCenter API</arg>
<arg>console=yes</arg>
<doc>Logs the given message with the given level.</doc>
<status status="PASS" start="2025-10-08T22:29:55.891630" elapsed="0.000242"/>
</kw>
<doc>Disconnect from vCenter API session</doc>
<status status="FAIL" start="2025-10-08T22:29:55.819354" elapsed="0.072655">Recursive execution stopped.</status>
</kw>
<kw name="Log" owner="BuiltIn">
<msg time="2025-10-08T22:29:55.892221" level="INFO">🔌 Disconnected from vCenter API</msg>
<arg>🔌 Disconnected from vCenter API</arg>
<arg>console=yes</arg>
<doc>Logs the given message with the given level.</doc>
<status status="PASS" start="2025-10-08T22:29:55.892124" elapsed="0.000213"/>
</kw>
<doc>Disconnect from vCenter API session</doc>
<status status="FAIL" start="2025-10-08T22:29:55.819219" elapsed="0.073311">Recursive execution stopped.</status>
</kw>
<kw name="Log" owner="BuiltIn">
<msg time="2025-10-08T22:29:55.892782" level="INFO">🔌 Disconnected from vCenter API</msg>
<arg>🔌 Disconnected from vCenter API</arg>
<arg>console=yes</arg>
<doc>Logs the given message with the given level.</doc>
<status status="PASS" start="2025-10-08T22:29:55.892664" elapsed="0.000241"/>
</kw>
<doc>Disconnect from vCenter API session</doc>
<status status="FAIL" start="2025-10-08T22:29:55.819076" elapsed="0.073993">Recursive execution stopped.</status>
</kw>
<kw name="Log" owner="BuiltIn">
<msg time="2025-10-08T22:29:55.893303" level="INFO">🔌 Disconnected from vCenter API</msg>
<arg>🔌 Disconnected from vCenter API</arg>
<arg>console=yes</arg>
<doc>Logs the given message with the given level.</doc>
<status status="PASS" start="2025-10-08T22:29:55.893195" elapsed="0.000226"/>
</kw>
<doc>Disconnect from vCenter API session</doc>
<status status="FAIL" start="2025-10-08T22:29:55.818817" elapsed="0.076486">Recursive execution stopped.</status>
</kw>
<kw name="Log" owner="BuiltIn">
<msg time="2025-10-08T22:29:55.895637" level="INFO">🔌 Disconnected from vCenter API</msg>
<arg>🔌 Disconnected from vCenter API</arg>
<arg>console=yes</arg>
<doc>Logs the given message with the given level.</doc>
<status status="PASS" start="2025-10-08T22:29:55.895462" elapsed="0.000355"/>
</kw>
<doc>Disconnect from vCenter API session</doc>
<status status="FAIL" start="2025-10-08T22:29:55.818529" elapsed="0.077456">Recursive execution stopped.</status>
</kw>
<kw name="Log" owner="BuiltIn">
<msg time="2025-10-08T22:29:55.896367" level="INFO">🔌 Disconnected from vCenter API</msg>
<arg>🔌 Disconnected from vCenter API</arg>
<arg>console=yes</arg>
<doc>Logs the given message with the given level.</doc>
<status status="PASS" start="2025-10-08T22:29:55.896145" elapsed="0.000368"/>
</kw>
<doc>Disconnect from vCenter API session</doc>
<status status="FAIL" start="2025-10-08T22:29:55.818417" elapsed="0.078313">Recursive execution stopped.</status>
</kw>
<kw name="Log" owner="BuiltIn">
<msg time="2025-10-08T22:29:55.896930" level="INFO">🔌 Disconnected from vCenter API</msg>
<arg>🔌 Disconnected from vCenter API</arg>
<arg>console=yes</arg>
<doc>Logs the given message with the given level.</doc>
<status status="PASS" start="2025-10-08T22:29:55.896841" elapsed="0.000207"/>
</kw>
<doc>Disconnect from vCenter API session</doc>
<status status="FAIL" start="2025-10-08T22:29:55.818301" elapsed="0.078899">Recursive execution stopped.</status>
</kw>
<kw name="Log" owner="BuiltIn">
<msg time="2025-10-08T22:29:55.897427" level="INFO">🔌 Disconnected from vCenter API</msg>
<arg>🔌 Disconnected from vCenter API</arg>
<arg>console=yes</arg>
<doc>Logs the given message with the given level.</doc>
<status status="PASS" start="2025-10-08T22:29:55.897322" elapsed="0.000214"/>
</kw>
<doc>Disconnect from vCenter API session</doc>
<status status="FAIL" start="2025-10-08T22:29:55.818178" elapsed="0.079515">Recursive execution stopped.</status>
</kw>
<kw name="Log" owner="BuiltIn">
<msg time="2025-10-08T22:29:55.897884" level="INFO">🔌 Disconnected from vCenter API</msg>
<arg>🔌 Disconnected from vCenter API</arg>
<arg>console=yes</arg>
<doc>Logs the given message with the given level.</doc>
<status status="PASS" start="2025-10-08T22:29:55.897802" elapsed="0.000180"/>
</kw>
<doc>Disconnect from vCenter API session</doc>
<status status="FAIL" start="2025-10-08T22:29:55.818062" elapsed="0.080051">Recursive execution stopped.</status>
</kw>
<kw name="Log" owner="BuiltIn">
<msg time="2025-10-08T22:29:55.898307" level="INFO">🔌 Disconnected from vCenter API</msg>
<arg>🔌 Disconnected from vCenter API</arg>
<arg>console=yes</arg>
<doc>Logs the given message with the given level.</doc>
<status status="PASS" start="2025-10-08T22:29:55.898216" elapsed="0.000197"/>
</kw>
<doc>Disconnect from vCenter API session</doc>
<status status="FAIL" start="2025-10-08T22:29:55.817950" elapsed="0.080646">Recursive execution stopped.</status>
</kw>
<kw name="Log" owner="BuiltIn">
<msg time="2025-10-08T22:29:55.898784" level="INFO">🔌 Disconnected from vCenter API</msg>
<arg>🔌 Disconnected from vCenter API</arg>
<arg>console=yes</arg>
<doc>Logs the given message with the given level.</doc>
<status status="PASS" start="2025-10-08T22:29:55.898695" elapsed="0.000178"/>
</kw>
<doc>Disconnect from vCenter API session</doc>
<status status="FAIL" start="2025-10-08T22:29:55.817840" elapsed="0.081153">Recursive execution stopped.</status>
</kw>
<kw name="Log" owner="BuiltIn">
<msg time="2025-10-08T22:29:55.899183" level="INFO">🔌 Disconnected from vCenter API</msg>
<arg>🔌 Disconnected from vCenter API</arg>
<arg>console=yes</arg>
<doc>Logs the given message with the given level.</doc>
<status status="PASS" start="2025-10-08T22:29:55.899099" elapsed="0.000180"/>
</kw>
<doc>Disconnect from vCenter API session</doc>
<status status="FAIL" start="2025-10-08T22:29:55.817716" elapsed="0.081689">Recursive execution stopped.</status>
</kw>
<kw name="Log" owner="BuiltIn">
<msg time="2025-10-08T22:29:55.899590" level="INFO">🔌 Disconnected from vCenter API</msg>
<arg>🔌 Disconnected from vCenter API</arg>
<arg>console=yes</arg>
<doc>Logs the given message with the given level.</doc>
<status status="PASS" start="2025-10-08T22:29:55.899501" elapsed="0.000195"/>
</kw>
<doc>Disconnect from vCenter API session</doc>
<status status="FAIL" start="2025-10-08T22:29:55.817600" elapsed="0.082220">Recursive execution stopped.</status>
</kw>
<kw name="Log" owner="BuiltIn">
<msg time="2025-10-08T22:29:55.900001" level="INFO">🔌 Disconnected from vCenter API</msg>
<arg>🔌 Disconnected from vCenter API</arg>
<arg>console=yes</arg>
<doc>Logs the given message with the given level.</doc>
<status status="PASS" start="2025-10-08T22:29:55.899916" elapsed="0.000178"/>
</kw>
<doc>Disconnect from vCenter API session</doc>
<status status="FAIL" start="2025-10-08T22:29:55.817489" elapsed="0.082719">Recursive execution stopped.</status>
</kw>
<kw name="Log" owner="BuiltIn">
<msg time="2025-10-08T22:29:55.900398" level="INFO">🔌 Disconnected from vCenter API</msg>
<arg>🔌 Disconnected from vCenter API</arg>
<arg>console=yes</arg>
<doc>Logs the given message with the given level.</doc>
<status status="PASS" start="2025-10-08T22:29:55.900302" elapsed="0.000194"/>
</kw>
<doc>Disconnect from vCenter API session</doc>
<status status="FAIL" start="2025-10-08T22:29:55.817366" elapsed="0.083252">Recursive execution stopped.</status>
</kw>
<kw name="Log" owner="BuiltIn">
<msg time="2025-10-08T22:29:55.900798" level="INFO">🔌 Disconnected from vCenter API</msg>
<arg>🔌 Disconnected from vCenter API</arg>
<arg>console=yes</arg>
<doc>Logs the given message with the given level.</doc>
<status status="PASS" start="2025-10-08T22:29:55.900713" elapsed="0.000190"/>
</kw>
<doc>Disconnect from vCenter API session</doc>
<status status="FAIL" start="2025-10-08T22:29:55.817249" elapsed="0.083775">Recursive execution stopped.</status>
</kw>
<kw name="Log" owner="BuiltIn">
<msg time="2025-10-08T22:29:55.901205" level="INFO">🔌 Disconnected from vCenter API</msg>
<arg>🔌 Disconnected from vCenter API</arg>
<arg>console=yes</arg>
<doc>Logs the given message with the given level.</doc>
<status status="PASS" start="2025-10-08T22:29:55.901119" elapsed="0.000204"/>
</kw>
<doc>Disconnect from vCenter API session</doc>
<status status="FAIL" start="2025-10-08T22:29:55.817128" elapsed="0.084354">Recursive execution stopped.</status>
</kw>
<kw name="Log" owner="BuiltIn">
<msg time="2025-10-08T22:29:55.901671" level="INFO">🔌 Disconnected from vCenter API</msg>
<arg>🔌 Disconnected from vCenter API</arg>
<arg>console=yes</arg>
<doc>Logs the given message with the given level.</doc>
<status status="PASS" start="2025-10-08T22:29:55.901584" elapsed="0.000194"/>
</kw>
<doc>Disconnect from vCenter API session</doc>
<status status="FAIL" start="2025-10-08T22:29:55.816921" elapsed="0.085053">Recursive execution stopped.</status>
</kw>
<kw name="Log" owner="BuiltIn">
<msg time="2025-10-08T22:29:55.902337" level="INFO">🔌 Disconnected from vCenter API</msg>
<arg>🔌 Disconnected from vCenter API</arg>
<arg>console=yes</arg>
<doc>Logs the given message with the given level.</doc>
<status status="PASS" start="2025-10-08T22:29:55.902162" elapsed="0.000309"/>
</kw>
<doc>Disconnect from vCenter API session</doc>
<status status="FAIL" start="2025-10-08T22:29:55.816620" elapsed="0.085998">Recursive execution stopped.</status>
</kw>
<kw name="Log" owner="BuiltIn">
<msg time="2025-10-08T22:29:55.903031" level="INFO">🔌 Disconnected from vCenter API</msg>
<arg>🔌 Disconnected from vCenter API</arg>
<arg>console=yes</arg>
<doc>Logs the given message with the given level.</doc>
<status status="PASS" start="2025-10-08T22:29:55.902815" elapsed="0.000391"/>
</kw>
<doc>Disconnect from vCenter API session</doc>
<status status="FAIL" start="2025-10-08T22:29:55.816445" elapsed="0.086951">Recursive execution stopped.</status>
</kw>
<kw name="Log" owner="BuiltIn">
<msg time="2025-10-08T22:29:55.903637" level="INFO">🔌 Disconnected from vCenter API</msg>
<arg>🔌 Disconnected from vCenter API</arg>
<arg>console=yes</arg>
<doc>Logs the given message with the given level.</doc>
<status status="PASS" start="2025-10-08T22:29:55.903516" elapsed="0.000251"/>
</kw>
<doc>Disconnect from vCenter API session</doc>
<status status="FAIL" start="2025-10-08T22:29:55.816328" elapsed="0.087593">Recursive execution stopped.</status>
</kw>
<kw name="Log" owner="BuiltIn">
<msg time="2025-10-08T22:29:55.904160" level="INFO">🔌 Disconnected from vCenter API</msg>
<arg>🔌 Disconnected from vCenter API</arg>
<arg>console=yes</arg>
<doc>Logs the given message with the given level.</doc>
<status status="PASS" start="2025-10-08T22:29:55.904041" elapsed="0.000250"/>
</kw>
<doc>Disconnect from vCenter API session</doc>
<status status="FAIL" start="2025-10-08T22:29:55.816204" elapsed="0.088228">Recursive execution stopped.</status>
</kw>
<kw name="Log" owner="BuiltIn">
<msg time="2025-10-08T22:29:55.904668" level="INFO">🔌 Disconnected from vCenter API</msg>
<arg>🔌 Disconnected from vCenter API</arg>
<arg>console=yes</arg>
<doc>Logs the given message with the given level.</doc>
<status status="PASS" start="2025-10-08T22:29:55.904554" elapsed="0.000233"/>
</kw>
<doc>Disconnect from vCenter API session</doc>
<status status="FAIL" start="2025-10-08T22:29:55.816085" elapsed="0.088831">Recursive execution stopped.</status>
</kw>
<kw name="Log" owner="BuiltIn">
<msg time="2025-10-08T22:29:55.905128" level="INFO">🔌 Disconnected from vCenter API</msg>
<arg>🔌 Disconnected from vCenter API</arg>
<arg>console=yes</arg>
<doc>Logs the given message with the given level.</doc>
<status status="PASS" start="2025-10-08T22:29:55.905018" elapsed="0.000222"/>
</kw>
<doc>Disconnect from vCenter API session</doc>
<status status="FAIL" start="2025-10-08T22:29:55.815968" elapsed="0.089396">Recursive execution stopped.</status>
</kw>
<kw name="Log" owner="BuiltIn">
<msg time="2025-10-08T22:29:55.905554" level="INFO">🔌 Disconnected from vCenter API</msg>
<arg>🔌 Disconnected from vCenter API</arg>
<arg>console=yes</arg>
<doc>Logs the given message with the given level.</doc>
<status status="PASS" start="2025-10-08T22:29:55.905463" elapsed="0.000200"/>
</kw>
<doc>Disconnect from vCenter API session</doc>
<status status="FAIL" start="2025-10-08T22:29:55.815856" elapsed="0.089925">Recursive execution stopped.</status>
</kw>
<kw name="Log" owner="BuiltIn">
<msg time="2025-10-08T22:29:55.905966" level="INFO">🔌 Disconnected from vCenter API</msg>
<arg>🔌 Disconnected from vCenter API</arg>
<arg>console=yes</arg>
<doc>Logs the given message with the given level.</doc>
<status status="PASS" start="2025-10-08T22:29:55.905877" elapsed="0.000193"/>
</kw>
<doc>Disconnect from vCenter API session</doc>
<status status="FAIL" start="2025-10-08T22:29:55.815719" elapsed="0.090541">Recursive execution stopped.</status>
</kw>
<kw name="Log" owner="BuiltIn">
<msg time="2025-10-08T22:29:55.906456" level="INFO">🔌 Disconnected from vCenter API</msg>
<arg>🔌 Disconnected from vCenter API</arg>
<arg>console=yes</arg>
<doc>Logs the given message with the given level.</doc>
<status status="PASS" start="2025-10-08T22:29:55.906367" elapsed="0.000197"/>
</kw>
<doc>Disconnect from vCenter API session</doc>
<status status="FAIL" start="2025-10-08T22:29:55.815595" elapsed="0.091084">Recursive execution stopped.</status>
</kw>
<kw name="Log" owner="BuiltIn">
<msg time="2025-10-08T22:29:55.906879" level="INFO">🔌 Disconnected from vCenter API</msg>
<arg>🔌 Disconnected from vCenter API</arg>
<arg>console=yes</arg>
<doc>Logs the given message with the given level.</doc>
<status status="PASS" start="2025-10-08T22:29:55.906785" elapsed="0.000226"/>
</kw>
<doc>Disconnect from vCenter API session</doc>
<status status="FAIL" start="2025-10-08T22:29:55.815481" elapsed="0.091676">Recursive execution stopped.</status>
</kw>
<kw name="Log" owner="BuiltIn">
<msg time="2025-10-08T22:29:55.907391" level="INFO">🔌 Disconnected from vCenter API</msg>
<arg>🔌 Disconnected from vCenter API</arg>
<arg>console=yes</arg>
<doc>Logs the given message with the given level.</doc>
<status status="PASS" start="2025-10-08T22:29:55.907278" elapsed="0.000226"/>
</kw>
<doc>Disconnect from vCenter API session</doc>
<status status="FAIL" start="2025-10-08T22:29:55.815365" elapsed="0.092264">Recursive execution stopped.</status>
</kw>
<kw name="Log" owner="BuiltIn">
<msg time="2025-10-08T22:29:55.907813" level="INFO">🔌 Disconnected from vCenter API</msg>
<arg>🔌 Disconnected from vCenter API</arg>
<arg>console=yes</arg>
<doc>Logs the given message with the given level.</doc>
<status status="PASS" start="2025-10-08T22:29:55.907725" elapsed="0.000196"/>
</kw>
<doc>Disconnect from vCenter API session</doc>
<status status="FAIL" start="2025-10-08T22:29:55.815246" elapsed="0.092807">Recursive execution stopped.</status>
</kw>
<kw name="Log" owner="BuiltIn">
<msg time="2025-10-08T22:29:55.908247" level="INFO">🔌 Disconnected from vCenter API</msg>
<arg>🔌 Disconnected from vCenter API</arg>
<arg>console=yes</arg>
<doc>Logs the given message with the given level.</doc>
<status status="PASS" start="2025-10-08T22:29:55.908153" elapsed="0.000202"/>
</kw>
<doc>Disconnect from vCenter API session</doc>
<status status="FAIL" start="2025-10-08T22:29:55.815108" elapsed="0.093364">Recursive execution stopped.</status>
</kw>
<kw name="Log" owner="BuiltIn">
<msg time="2025-10-08T22:29:55.908661" level="INFO">🔌 Disconnected from vCenter API</msg>
<arg>🔌 Disconnected from vCenter API</arg>
<arg>console=yes</arg>
<doc>Logs the given message with the given level.</doc>
<status status="PASS" start="2025-10-08T22:29:55.908570" elapsed="0.000185"/>
</kw>
<doc>Disconnect from vCenter API session</doc>
<status status="FAIL" start="2025-10-08T22:29:55.814982" elapsed="0.093885">Recursive execution stopped.</status>
</kw>
<kw name="Log" owner="BuiltIn">
<msg time="2025-10-08T22:29:55.909117" level="INFO">🔌 Disconnected from vCenter API</msg>
<arg>🔌 Disconnected from vCenter API</arg>
<arg>console=yes</arg>
<doc>Logs the given message with the given level.</doc>
<status status="PASS" start="2025-10-08T22:29:55.909025" elapsed="0.000206"/>
</kw>
<doc>Disconnect from vCenter API session</doc>
<status status="FAIL" start="2025-10-08T22:29:55.814729" elapsed="0.094728">Recursive execution stopped.</status>
</kw>
<kw name="Log" owner="BuiltIn">
<msg time="2025-10-08T22:29:55.909864" level="INFO">🔌 Disconnected from vCenter API</msg>
<arg>🔌 Disconnected from vCenter API</arg>
<arg>console=yes</arg>
<doc>Logs the given message with the given level.</doc>
<status status="PASS" start="2025-10-08T22:29:55.909674" elapsed="0.000331"/>
</kw>
<doc>Disconnect from vCenter API session</doc>
<status status="FAIL" start="2025-10-08T22:29:55.814157" elapsed="0.095969">Recursive execution stopped.</status>
</kw>
<kw name="Log" owner="BuiltIn">
<msg time="2025-10-08T22:29:55.910471" level="INFO">🔌 Disconnected from vCenter API</msg>
<arg>🔌 Disconnected from vCenter API</arg>
<arg>console=yes</arg>
<doc>Logs the given message with the given level.</doc>
<status status="PASS" start="2025-10-08T22:29:55.910287" elapsed="0.000309"/>
</kw>
<doc>Disconnect from vCenter API session</doc>
<status status="FAIL" start="2025-10-08T22:29:55.814042" elapsed="0.096739">Recursive execution stopped.</status>
</kw>
<kw name="Log" owner="BuiltIn">
<msg time="2025-10-08T22:29:55.910964" level="INFO">🔌 Disconnected from vCenter API</msg>
<arg>🔌 Disconnected from vCenter API</arg>
<arg>console=yes</arg>
<doc>Logs the given message with the given level.</doc>
<status status="PASS" start="2025-10-08T22:29:55.910874" elapsed="0.000201"/>
</kw>
<doc>Disconnect from vCenter API session</doc>
<status status="FAIL" start="2025-10-08T22:29:55.813927" elapsed="0.097280">Recursive execution stopped.</status>
</kw>
<kw name="Log" owner="BuiltIn">
<msg time="2025-10-08T22:29:55.911427" level="INFO">🔌 Disconnected from vCenter API</msg>
<arg>🔌 Disconnected from vCenter API</arg>
<arg>console=yes</arg>
<doc>Logs the given message with the given level.</doc>
<status status="PASS" start="2025-10-08T22:29:55.911315" elapsed="0.000232"/>
</kw>
<doc>Disconnect from vCenter API session</doc>
<status status="FAIL" start="2025-10-08T22:29:55.813801" elapsed="0.097879">Recursive execution stopped.</status>
</kw>
<kw name="Log" owner="BuiltIn">
<msg time="2025-10-08T22:29:55.911872" level="INFO">🔌 Disconnected from vCenter API</msg>
<arg>🔌 Disconnected from vCenter API</arg>
<arg>console=yes</arg>
<doc>Logs the given message with the given level.</doc>
<status status="PASS" start="2025-10-08T22:29:55.911788" elapsed="0.000188"/>
</kw>
<doc>Disconnect from vCenter API session</doc>
<status status="FAIL" start="2025-10-08T22:29:55.813673" elapsed="0.098412">Recursive execution stopped.</status>
</kw>
<kw name="Log" owner="BuiltIn">
<msg time="2025-10-08T22:29:55.912273" level="INFO">🔌 Disconnected from vCenter API</msg>
<arg>🔌 Disconnected from vCenter API</arg>
<arg>console=yes</arg>
<doc>Logs the given message with the given level.</doc>
<status status="PASS" start="2025-10-08T22:29:55.912181" elapsed="0.000214"/>
</kw>
<doc>Disconnect from vCenter API session</doc>
<status status="FAIL" start="2025-10-08T22:29:55.813560" elapsed="0.098941">Recursive execution stopped.</status>
</kw>
<kw name="Log" owner="BuiltIn">
<msg time="2025-10-08T22:29:55.912682" level="INFO">🔌 Disconnected from vCenter API</msg>
<arg>🔌 Disconnected from vCenter API</arg>
<arg>console=yes</arg>
<doc>Logs the given message with the given level.</doc>
<status status="PASS" start="2025-10-08T22:29:55.912594" elapsed="0.000190"/>
</kw>
<doc>Disconnect from vCenter API session</doc>
<status status="FAIL" start="2025-10-08T22:29:55.813444" elapsed="0.099437">Recursive execution stopped.</status>
</kw>
<kw name="Log" owner="BuiltIn">
<msg time="2025-10-08T22:29:55.913063" level="INFO">🔌 Disconnected from vCenter API</msg>
<arg>🔌 Disconnected from vCenter API</arg>
<arg>console=yes</arg>
<doc>Logs the given message with the given level.</doc>
<status status="PASS" start="2025-10-08T22:29:55.912969" elapsed="0.000206"/>
</kw>
<doc>Disconnect from vCenter API session</doc>
<status status="FAIL" start="2025-10-08T22:29:55.813330" elapsed="0.099946">Recursive execution stopped.</status>
</kw>
<kw name="Log" owner="BuiltIn">
<msg time="2025-10-08T22:29:55.913449" level="INFO">🔌 Disconnected from vCenter API</msg>
<arg>🔌 Disconnected from vCenter API</arg>
<arg>console=yes</arg>
<doc>Logs the given message with the given level.</doc>
<status status="PASS" start="2025-10-08T22:29:55.913363" elapsed="0.000197"/>
</kw>
<doc>Disconnect from vCenter API session</doc>
<status status="FAIL" start="2025-10-08T22:29:55.813202" elapsed="0.100548">Recursive execution stopped.</status>
</kw>
<kw name="Log" owner="BuiltIn">
<msg time="2025-10-08T22:29:55.913972" level="INFO">🔌 Disconnected from vCenter API</msg>
<arg>🔌 Disconnected from vCenter API</arg>
<arg>console=yes</arg>
<doc>Logs the given message with the given level.</doc>
<status status="PASS" start="2025-10-08T22:29:55.913860" elapsed="0.000223"/>
</kw>
<doc>Disconnect from vCenter API session</doc>
<status status="FAIL" start="2025-10-08T22:29:55.813067" elapsed="0.101124">Recursive execution stopped.</status>
</kw>
<kw name="Log" owner="BuiltIn">
<msg time="2025-10-08T22:29:55.914367" level="INFO">🔌 Disconnected from vCenter API</msg>
<arg>🔌 Disconnected from vCenter API</arg>
<arg>console=yes</arg>
<doc>Logs the given message with the given level.</doc>
<status status="PASS" start="2025-10-08T22:29:55.914280" elapsed="0.000181"/>
</kw>
<doc>Disconnect from vCenter API session</doc>
<status status="FAIL" start="2025-10-08T22:29:55.812824" elapsed="0.101734">Recursive execution stopped.</status>
</kw>
<kw name="Log" owner="BuiltIn">
<msg time="2025-10-08T22:29:55.914738" level="INFO">🔌 Disconnected from vCenter API</msg>
<arg>🔌 Disconnected from vCenter API</arg>
<arg>console=yes</arg>
<doc>Logs the given message with the given level.</doc>
<status status="PASS" start="2025-10-08T22:29:55.914653" elapsed="0.000187"/>
</kw>
<doc>Disconnect from vCenter API session</doc>
<status status="FAIL" start="2025-10-08T22:29:55.812700" elapsed="0.102241">Recursive execution stopped.</status>
</kw>
<kw name="Log" owner="BuiltIn">
<msg time="2025-10-08T22:29:55.915114" level="INFO">🔌 Disconnected from vCenter API</msg>
<arg>🔌 Disconnected from vCenter API</arg>
<arg>console=yes</arg>
<doc>Logs the given message with the given level.</doc>
<status status="PASS" start="2025-10-08T22:29:55.915027" elapsed="0.000194"/>
</kw>
<doc>Disconnect from vCenter API session</doc>
<status status="FAIL" start="2025-10-08T22:29:55.812570" elapsed="0.102750">Recursive execution stopped.</status>
</kw>
<kw name="Log" owner="BuiltIn">
<msg time="2025-10-08T22:29:55.915491" level="INFO">🔌 Disconnected from vCenter API</msg>
<arg>🔌 Disconnected from vCenter API</arg>
<arg>console=yes</arg>
<doc>Logs the given message with the given level.</doc>
<status status="PASS" start="2025-10-08T22:29:55.915407" elapsed="0.000179"/>
</kw>
<doc>Disconnect from vCenter API session</doc>
<status status="FAIL" start="2025-10-08T22:29:55.812391" elapsed="0.103346">Recursive execution stopped.</status>
</kw>
<kw name="Log" owner="BuiltIn">
<msg time="2025-10-08T22:29:55.916022" level="INFO">🔌 Disconnected from vCenter API</msg>
<arg>🔌 Disconnected from vCenter API</arg>
<arg>console=yes</arg>
<doc>Logs the given message with the given level.</doc>
<status status="PASS" start="2025-10-08T22:29:55.915899" elapsed="0.000236"/>
</kw>
<doc>Disconnect from vCenter API session</doc>
<status status="FAIL" start="2025-10-08T22:29:55.812074" elapsed="0.104173">Recursive execution stopped.</status>
</kw>
<kw name="Log" owner="BuiltIn">
<msg time="2025-10-08T22:29:55.916644" level="INFO">🔌 Disconnected from vCenter API</msg>
<arg>🔌 Disconnected from vCenter API</arg>
<arg>console=yes</arg>
<doc>Logs the given message with the given level.</doc>
<status status="PASS" start="2025-10-08T22:29:55.916410" elapsed="0.000395"/>
</kw>
<doc>Disconnect from vCenter API session</doc>
<status status="FAIL" start="2025-10-08T22:29:55.811889" elapsed="0.105060">Recursive execution stopped.</status>
</kw>
<kw name="Log" owner="BuiltIn">
<msg time="2025-10-08T22:29:55.917128" level="INFO">🔌 Disconnected from vCenter API</msg>
<arg>🔌 Disconnected from vCenter API</arg>
<arg>console=yes</arg>
<doc>Logs the given message with the given level.</doc>
<status status="PASS" start="2025-10-08T22:29:55.917039" elapsed="0.000193"/>
</kw>
<doc>Disconnect from vCenter API session</doc>
<status status="FAIL" start="2025-10-08T22:29:55.811770" elapsed="0.105560">Recursive execution stopped.</status>
</kw>
<kw name="Log" owner="BuiltIn">
<msg time="2025-10-08T22:29:55.917504" level="INFO">🔌 Disconnected from vCenter API</msg>
<arg>🔌 Disconnected from vCenter API</arg>
<arg>console=yes</arg>
<doc>Logs the given message with the given level.</doc>
<status status="PASS" start="2025-10-08T22:29:55.917417" elapsed="0.000188"/>
</kw>
<doc>Disconnect from vCenter API session</doc>
<status status="FAIL" start="2025-10-08T22:29:55.811646" elapsed="0.106057">Recursive execution stopped.</status>
</kw>
<kw name="Log" owner="BuiltIn">
<msg time="2025-10-08T22:29:55.917879" level="INFO">🔌 Disconnected from vCenter API</msg>
<arg>🔌 Disconnected from vCenter API</arg>
<arg>console=yes</arg>
<doc>Logs the given message with the given level.</doc>
<status status="PASS" start="2025-10-08T22:29:55.917788" elapsed="0.000188"/>
</kw>
<doc>Disconnect from vCenter API session</doc>
<status status="FAIL" start="2025-10-08T22:29:55.811530" elapsed="0.106537">Recursive execution stopped.</status>
</kw>
<kw name="Log" owner="BuiltIn">
<msg time="2025-10-08T22:29:55.918240" level="INFO">🔌 Disconnected from vCenter API</msg>
<arg>🔌 Disconnected from vCenter API</arg>
<arg>console=yes</arg>
<doc>Logs the given message with the given level.</doc>
<status status="PASS" start="2025-10-08T22:29:55.918152" elapsed="0.000184"/>
</kw>
<doc>Disconnect from vCenter API session</doc>
<status status="FAIL" start="2025-10-08T22:29:55.811411" elapsed="0.107021">Recursive execution stopped.</status>
</kw>
<kw name="Log" owner="BuiltIn">
<msg time="2025-10-08T22:29:55.918601" level="INFO">🔌 Disconnected from vCenter API</msg>
<arg>🔌 Disconnected from vCenter API</arg>
<arg>console=yes</arg>
<doc>Logs the given message with the given level.</doc>
<status status="PASS" start="2025-10-08T22:29:55.918514" elapsed="0.000187"/>
</kw>
<doc>Disconnect from vCenter API session</doc>
<status status="FAIL" start="2025-10-08T22:29:55.811281" elapsed="0.107514">Recursive execution stopped.</status>
</kw>
<kw name="Log" owner="BuiltIn">
<msg time="2025-10-08T22:29:55.918987" level="INFO">🔌 Disconnected from vCenter API</msg>
<arg>🔌 Disconnected from vCenter API</arg>
<arg>console=yes</arg>
<doc>Logs the given message with the given level.</doc>
<status status="PASS" start="2025-10-08T22:29:55.918884" elapsed="0.000196"/>
</kw>
<doc>Disconnect from vCenter API session</doc>
<status status="FAIL" start="2025-10-08T22:29:55.811148" elapsed="0.108019">Recursive execution stopped.</status>
</kw>
<kw name="Log" owner="BuiltIn">
<msg time="2025-10-08T22:29:55.919332" level="INFO">🔌 Disconnected from vCenter API</msg>
<arg>🔌 Disconnected from vCenter API</arg>
<arg>console=yes</arg>
<doc>Logs the given message with the given level.</doc>
<status status="PASS" start="2025-10-08T22:29:55.919249" elapsed="0.000221"/>
</kw>
<doc>Disconnect from vCenter API session</doc>
<status status="FAIL" start="2025-10-08T22:29:55.811023" elapsed="0.108575">Recursive execution stopped.</status>
</kw>
<kw name="Log" owner="BuiltIn">
<msg time="2025-10-08T22:29:55.919835" level="INFO">🔌 Disconnected from vCenter API</msg>
<arg>🔌 Disconnected from vCenter API</arg>
<arg>console=yes</arg>
<doc>Logs the given message with the given level.</doc>
<status status="PASS" start="2025-10-08T22:29:55.919716" elapsed="0.000260"/>
</kw>
<doc>Disconnect from vCenter API session</doc>
<status status="FAIL" start="2025-10-08T22:29:55.810883" elapsed="0.109189">Recursive execution stopped.</status>
</kw>
<kw name="Log" owner="BuiltIn">
<msg time="2025-10-08T22:29:55.920254" level="INFO">🔌 Disconnected from vCenter API</msg>
<arg>🔌 Disconnected from vCenter API</arg>
<arg>console=yes</arg>
<doc>Logs the given message with the given level.</doc>
<status status="PASS" start="2025-10-08T22:29:55.920167" elapsed="0.000216"/>
</kw>
<doc>Disconnect from vCenter API session</doc>
<status status="FAIL" start="2025-10-08T22:29:55.810712" elapsed="0.109942">Recursive execution stopped.</status>
</kw>
<doc>Generate executive summary and disconnect from vCenter</doc>
<status status="FAIL" start="2025-10-08T22:29:55.805922" elapsed="0.114833">Recursive execution stopped.</status>
</kw>
<doc>🖥️ VM Configuration Validation Test Suite - Test-4
🔍 Process: Connect to vCenter API → Query VM details → Compare vCenter vs EDS
✅ Pass if VM configuration matches EDS requirements, ❌ Fail if mismatch
📊 Validates: Cluster placement, CPU cores, memory, hardware version, network, disks</doc>
<status status="FAIL" start="2025-10-08T22:29:55.191621" elapsed="0.729221">Suite setup failed:
ValueError: CRITICAL: Hostname 'allxdvitap01' not found in EDS sheet. Cannot proceed with validation.

Also suite teardown failed:
Recursive execution stopped.</status>
</suite>
<statistics>
<total>
<stat pass="0" fail="8" skip="0">All Tests</stat>
</total>
<tag>
<stat pass="0" fail="1" skip="0">adapters</stat>
<stat pass="0" fail="1" skip="0">analysis</stat>
<stat pass="0" fail="1" skip="0">api</stat>
<stat pass="0" fail="1" skip="0">cluster</stat>
<stat pass="0" fail="6" skip="0">compliance</stat>
<stat pass="0" fail="1" skip="0">connection</stat>
<stat pass="0" fail="1" skip="0">cpu</stat>
<stat pass="0" fail="7" skip="0">critical</stat>
<stat pass="0" fail="1" skip="0">disk</stat>
<stat pass="0" fail="3" skip="0">hardware</stat>
<stat pass="0" fail="1" skip="0">memory</stat>
<stat pass="0" fail="1" skip="0">network</stat>
<stat pass="0" fail="1" skip="0">normal</stat>
<stat pass="0" fail="1" skip="0">placement</stat>
<stat pass="0" fail="1" skip="0">properties</stat>
<stat pass="0" fail="1" skip="0">review</stat>
<stat pass="0" fail="1" skip="0">storage</stat>
<stat pass="0" fail="1" skip="0">vcenter</stat>
<stat pass="0" fail="1" skip="0">version</stat>
</tag>
<suite>
<stat name="Vm Validation" id="s1" pass="0" fail="8" skip="0">Vm Validation</stat>
</suite>
</statistics>
<errors>
<msg time="2025-10-08T22:29:55.794708" level="ERROR">Hostname 'allxdvitap01' not found in EDS sheet</msg>
</errors>
</robot>
